WWW-Authenticate: Basic realm="/"
WWW-Authenticate: Basic realm="."
WWW-Authenticate: Basic realm=""
WWW-Authenticate: Basic realm="172.16.5.156"
WWW-Authenticate: Basic realm="172.30.6.12"
WWW-Authenticate: Basic realm="192.168.0.199"
WWW-Authenticate: Basic realm="192.168.0.2"
WWW-Authenticate: Basic realm="192.168.0.3"
WWW-Authenticate: Basic realm="192.168.0.5"
WWW-Authenticate: Basic realm="192.168.100.1"
WWW-Authenticate: Basic realm="192.168.10.13"
WWW-Authenticate: Basic realm="192.168.1.100"
WWW-Authenticate: Basic realm="192.168.1.4"
WWW-Authenticate: Basic realm="192.168.16.2"
WWW-Authenticate: Basic realm="192.168.65.1"
WWW-Authenticate: Basic realm="80.121.207.82"
WWW-Authenticate: Basic realm="80.121.222.186"
WWW-Authenticate: Basic realm="83.64.80.146"
WWW-Authenticate: Basic realm="83.65.191.218"
WWW-Authenticate: Basic realm="Admin"
WWW-Authenticate: Basic realm="Administration reed-messe"
WWW-Authenticate: Basic realm="Administration Tools"
WWW-Authenticate: BASIC realm="Administrator or User"
WWW-Authenticate: Basic realm="ADSL Modem"
WWW-Authenticate: Basic realm="ADSL Router (ANNEX A)"
WWW-Authenticate: Basic realm="AG 2100"
WWW-Authenticate: Basic realm="AG 3100"
WWW-Authenticate: Basic realm="AG 3x00"
WWW-Authenticate: Basic realm="AirLive ARM-204 Annex A"
WWW-Authenticate: Basic realm="AirStation"
WWW-Authenticate: Basic realm="ALL0277DSLA"
WWW-Authenticate: Basic realm="andorf-router"
WWW-Authenticate: Basic realm="AON"
WWW-Authenticate: Basic realm="APC Management Card"
WWW-Authenticate: Basic realm="APPT CMS Demo Site"
WWW-Authenticate: Basic realm="Arthotel"
WWW-Authenticate: Basic realm="Authentifizierung"
WWW-Authenticate: Basic realm="Authentifizierung Backoffice@Imperial"
WWW-Authenticate: Basic realm="Authorization"
WWW-Authenticate: Basic realm="Authorization Required"
WWW-Authenticate: Basic realm="Authorized access only"
WWW-Authenticate: Basic realm="AVINOC restricted area - Webstats XS7"
WWW-Authenticate: Basic realm="Bandwidth Management Gateway Administration Tools"
WWW-Authenticate: Basic realm="BBHNET01"
WWW-Authenticate: Basic realm="Broadband Router"
WWW-Authenticate: Basic realm="BRTVP01"
WWW-Authenticate: Basic realm="BSUVP01"
WWW-Authenticate: Basic realm="Cable-Modem-Managementsystem"
WWW-Authenticate: Basic realm="Cam1"
WWW-Authenticate: Basic realm="Camera Server"
WWW-Authenticate: Basic realm="cdm-ip"
WWW-Authenticate: Basic realm="./cgi-bin"
WWW-Authenticate: Basic realm="Chef"
WWW-Authenticate: Basic realm="Chello.at"
WWW-authenticate: basic realm="Citrix Webgate"
WWW-Authenticate: Basic realm="CMTS-Monitoring-System"
WWW-Authenticate: Basic realm="Computerhaus DAV Login"
WWW-Authenticate: Basic realm="CONNECT2AIR AP-600RP-USB LOGIN Enter Password (default is connect)"
WWW-Authenticate: Basic realm="./control"
WWW-Authenticate: Basic realm="DBI"
WWW-Authenticate: Basic realm="dbva.springerreisen.at"
WWW-Authenticate: Basic realm="DCS-3420"
WWW-Authenticate: Basic realm="DCS-5220"
WWW-Authenticate: Basic realm="Default: admin/1234"
WWW-Authenticate: Basic realm="Default: admin/admin"
WWW-Authenticate: Basic realm="Delta Server Management Interface"
WWW-Authenticate:Basic realm="device"
WWW-Authenticate: Basic realm="DI-524"
WWW-Authenticate: Basic realm="DI-524UP"
WWW-Authenticate: Basic realm="DI-604"
WWW-Authenticate: Basic realm="DI-614+"
WWW-Authenticate: Basic realm="DI-624"
WWW-Authenticate: Basic realm="DI-624+"
WWW-Authenticate: Basic realm="DI-714P+"
WWW-Authenticate: Basic realm="DI-804HV"
WWW-Authenticate: Basic realm="DI-824VUP+"
WWW-Authenticate: Basic realm="DLSYS"
WWW-Authenticate: Basic realm="dreambox"
WWW-Authenticate: Basic Realm="DVBViewer"
WWW-Authenticate: Basic realm="DWL-1000AP+"
WWW-Authenticate: Basic realm="eazyDNS Login"
WWW-Authenticate: Basic realm="eLivery CRM"
WWW-Authenticate: Basic realm="ENERCON1"
WWW-Authenticate: Basic realm="EnterPassword"
WWW-Authenticate: Basic realm="Entwicklungsumgebung - Bitte einloggen!"
WWW-Authenticate: Basic realm="ES-2108 at Fri Jan 16 09:32:46 1970"
WWW-Authenticate: Basic realm="ES-2108 at Sat Jan 10 12:56:35 1970"
WWW-Authenticate: Basic realm="ES-2108 at Sun Jun 21 14:48:19 1970"
WWW-Authenticate: Basic realm="ES-2108 at Thu Apr 09 11:26:42 1970"
WWW-Authenticate: Basic realm="ES-2108 at Thu Oct 15 14:39:16 1970"
WWW-Authenticate: Basic realm="ezbub1112rt-inet"
WWW-Authenticate: Basic realm="FCS-1040 P/T/Z IP Camera"
WWW-Authenticate: Basic realm="FCS-1060 P/T IP Network Camera"
WWW-Authenticate: Basic realm="FFK Mitglieder Login"
WWW-Authenticate: Basic realm="firewall"
WWW-Authenticate: Basic realm="Firewall Administration Tools"
WWW-Authenticate: Basic realm="Freetz"
WWW-Authenticate: Basic realm=" FTP Verwaltung "
WWW-Authenticate: Basic realm="Funkkastl"
WWW-Authenticate: Basic realm="FW-1.      Reason: no user      Server "
WWW-Authenticate: Basic realm="fwhinteregger"
WWW-Authenticate: Basic realm="FWRadlegger"
WWW-Authenticate: Basic realm="FWStaff24-01"
WWW-Authenticate: Basic realm="GASCOP"
WWW-Authenticate: Basic realm="gateway"
WWW-Authenticate: Basic realm="Geierwally Bühne"
WWW-Authenticate:Basic realm="General User"
WWW-Authenticate: Basic realm="Georg's friends only"
WWW-Authenticate: Basic realm="GO - Webstatistik, bitte loggen Sie sich ein."
WWW-Authenticate: Basic realm="hamid"
WWW-Authenticate: Basic realm="Harry_RV042"
WWW-Authenticate: Basic realm="HauptRouter"
WWW-Authenticate: Basic realm="Helix Subversion Repository"
WWW-Authenticate: Basic realm="Hof"
WWW-Authenticate: Basic realm="Home1"
WWW-Authenticate: Basic realm="home4484.dyndns.info"
WWW-Authenticate: Basic realm="Home Gateway"
WWW-Authenticate: Basic realm="Hotel Alpin"
WWW-Authenticate: Basic realm="HSG"
WWW-Authenticate: Basic realm="HTTP Authentication (ID19500)"
WWW-Authenticate: Basic realm="HT-WIEN.local"
WWW-Authenticate: Basic realm="IES-1000/SAM1008"
WWW-Authenticate: Basic realm="IES-1000/SAM1008 at Fri Apr 10 02:38:39"
WWW-Authenticate: Basic realm="IES-1000/SAM1008 at Fri Apr 10 05:13:04"
WWW-Authenticate: Basic realm="IES-1000/SAM1008 at Fri Jan 09 11:20:41"
WWW-Authenticate: Basic realm="IES-1000/SAM1008 at Fri Jan 09 18:04:03"
WWW-Authenticate: Basic realm="IES-1000/SAM1008 at Fri Jan 09 18:07:08"
WWW-Authenticate: Basic realm="IES-1000/SAM1008 at Fri Jan 23 13:44:07"
WWW-Authenticate: Basic realm="IES-1000/SAM1008 at Fri Jan 23 14:25:59"
WWW-Authenticate: Basic realm="IES-1000/SAM1008 at Fri Jan 23 14:28:00"
WWW-Authenticate: Basic realm="IES-1000/SAM1008 at Fri Jun 05 12:40:48"
WWW-Authenticate: Basic realm="IES-1000/SAM1008 at Fri Mar 06 15:59:20"
WWW-Authenticate: Basic realm="IES-1000/SAM1008 at Fri Mar 06 21:58:39"
WWW-Authenticate: Basic realm="IES-1000/SAM1008 at Fri Mar 06 22:15:34"
WWW-Authenticate: Basic realm="IES-1000/SAM1008 at Fri Mar 06 22:17:39"
WWW-Authenticate: Basic realm="IES-1000/SAM1008 at Fri Mar 06 22:18:09"
WWW-Authenticate: Basic realm="IES-1000/SAM1008 at Fri Mar 06 22:18:59"
WWW-Authenticate: Basic realm="IES-1000/SAM1008 at Fri Mar 06 22:20:33"
WWW-Authenticate: Basic realm="IES-1000/SAM1008 at Fri Mar 06 22:22:00"
WWW-Authenticate: Basic realm="IES-1000/SAM1008 at Fri Mar 06 22:26:07"
WWW-Authenticate: Basic realm="IES-1000/SAM1008 at Fri Mar 06 22:26:21"
WWW-Authenticate: Basic realm="IES-1000/SAM1008 at Fri Mar 06 22:26:26"
WWW-Authenticate: Basic realm="IES-1000/SAM1008 at Fri Mar 06 22:26:51"
WWW-Authenticate: Basic realm="IES-1000/SAM1008 at Fri Mar 06 22:27:35"
WWW-Authenticate: Basic realm="IES-1000/SAM1008 at Fri Mar 06 22:27:44"
WWW-Authenticate: Basic realm="IES-1000/SAM1008 at Fri Mar 06 22:27:52"
WWW-Authenticate: Basic realm="IES-1000/SAM1008 at Fri Mar 06 22:28:10"
WWW-Authenticate: Basic realm="IES-1000/SAM1008 at Fri Mar 06 22:29:28"
WWW-Authenticate: Basic realm="IES-1000/SAM1008 at Fri Mar 06 22:32:06"
WWW-Authenticate: Basic realm="IES-1000/SAM1008 at Fri Mar 06 22:35:12"
WWW-Authenticate: Basic realm="IES-1000/SAM1008 at Fri Mar 06 22:35:35"
WWW-Authenticate: Basic realm="IES-1000/SAM1008 at Fri Mar 06 22:36:41"
WWW-Authenticate: Basic realm="IES-1000/SAM1008 at Fri Mar 06 22:37:05"
WWW-Authenticate: Basic realm="IES-1000/SAM1008 at Fri Mar 06 22:37:32"
WWW-Authenticate: Basic realm="IES-1000/SAM1008 at Fri Mar 06 22:37:43"
WWW-Authenticate: Basic realm="IES-1000/SAM1008 at Fri Mar 06 22:37:44"
WWW-Authenticate: Basic realm="IES-1000/SAM1008 at Fri Mar 06 22:37:59"
WWW-Authenticate: Basic realm="IES-1000/SAM1008 at Fri Mar 06 22:40:08"
WWW-Authenticate: Basic realm="IES-1000/SAM1008 at Fri Mar 06 22:40:35"
WWW-Authenticate: Basic realm="IES-1000/SAM1008 at Fri Mar 27 23:52:49"
WWW-Authenticate: Basic realm="IES-1000/SAM1008 at Fri May 01 15:05:58"
WWW-Authenticate: Basic realm="IES-1000/SAM1008 at Fri May 15 05:48:51"
WWW-Authenticate: Basic realm="IES-1000/SAM1008 at Fri May 22 18:03:33"
WWW-Authenticate: Basic realm="IES-1000/SAM1008 at Fri Oct 09 10:35:55"
WWW-Authenticate: Basic realm="IES-1000/SAM1008 at Fri Oct 09 10:42:25"
WWW-Authenticate: Basic realm="IES-1000/SAM1008 at Fri Oct 23 18:43:02"
WWW-Authenticate: Basic realm="IES-1000/SAM1008 at Mon Apr 06 00:06:48"
WWW-Authenticate: Basic realm="IES-1000/SAM1008 at Mon Apr 06 00:12:15"
WWW-Authenticate: Basic realm="IES-1000/SAM1008 at Mon Apr 06 00:13:58"
WWW-Authenticate: Basic realm="IES-1000/SAM1008 at Mon Apr 06 09:01:30"
WWW-Authenticate: Basic realm="IES-1000/SAM1008 at Mon Apr 06 14:06:58"
WWW-Authenticate: Basic realm="IES-1000/SAM1008 at Mon Apr 13 12:23:18"
WWW-Authenticate: Basic realm="IES-1000/SAM1008 at Mon Apr 20 01:45:07"
WWW-Authenticate: Basic realm="IES-1000/SAM1008 at Mon Apr 20 01:55:26"
WWW-Authenticate: Basic realm="IES-1000/SAM1008 at Mon Apr 20 14:18:01"
WWW-Authenticate: Basic realm="IES-1000/SAM1008 at Mon Apr 26 01:34:04"
WWW-Authenticate: Basic realm="IES-1000/SAM1008 at Mon Apr 26 01:44:36"
WWW-Authenticate: Basic realm="IES-1000/SAM1008 at Mon Apr 26 01:50:45"
WWW-Authenticate: Basic realm="IES-1000/SAM1008 at Mon Apr 26 01:51:19"
WWW-Authenticate: Basic realm="IES-1000/SAM1008 at Mon Apr 26 02:00:23"
WWW-Authenticate: Basic realm="IES-1000/SAM1008 at Mon Apr 27 16:52:47"
WWW-Authenticate: Basic realm="IES-1000/SAM1008 at Mon Aug 03 00:23:01"
WWW-Authenticate: Basic realm="IES-1000/SAM1008 at Mon Feb 09 14:04:52"
WWW-Authenticate: Basic realm="IES-1000/SAM1008 at Mon Feb 16 10:28:48"
WWW-Authenticate: Basic realm="IES-1000/SAM1008 at Mon Feb 16 17:41:37"
WWW-Authenticate: Basic realm="IES-1000/SAM1008 at Mon Feb 22 22:23:57"
WWW-Authenticate: Basic realm="IES-1000/SAM1008 at Mon Feb 23 09:18:49"
WWW-Authenticate: Basic realm="IES-1000/SAM1008 at Mon Feb 23 18:38:50"
WWW-Authenticate: Basic realm="IES-1000/SAM1008 at Mon Jan 12 01:50:48"
WWW-Authenticate: Basic realm="IES-1000/SAM1008 at Mon Jan 12 02:09:55"
WWW-Authenticate: Basic realm="IES-1000/SAM1008 at Mon Jan 12 02:20:05"
WWW-Authenticate: Basic realm="IES-1000/SAM1008 at Mon Jan 12 02:23:17"
WWW-Authenticate: Basic realm="IES-1000/SAM1008 at Mon Jan 12 02:23:54"
WWW-Authenticate: Basic realm="IES-1000/SAM1008 at Mon Jan 12 07:02:34"
WWW-Authenticate: Basic realm="IES-1000/SAM1008 at Mon Jan 25 02:10:19"
WWW-Authenticate: Basic realm="IES-1000/SAM1008 at Mon Jan 26 01:09:16"
WWW-Authenticate: Basic realm="IES-1000/SAM1008 at Mon Jan 26 01:10:41"
WWW-Authenticate: Basic realm="IES-1000/SAM1008 at Mon Jan 26 11:12:18"
WWW-Authenticate: Basic realm="IES-1000/SAM1008 at Mon Jan 26 11:13:40"
WWW-Authenticate: Basic realm="IES-1000/SAM1008 at Mon Jan 26 11:17:52"
WWW-Authenticate: Basic realm="IES-1000/SAM1008 at Mon Jul 06 15:46:55"
WWW-Authenticate: Basic realm="IES-1000/SAM1008 at Mon Jul 13 01:01:34"
WWW-Authenticate: Basic realm="IES-1000/SAM1008 at Mon Jul 13 01:01:57"
WWW-Authenticate: Basic realm="IES-1000/SAM1008 at Mon Jul 13 01:02:10"
WWW-Authenticate: Basic realm="IES-1000/SAM1008 at Mon Jul 13 01:02:43"
WWW-Authenticate: Basic realm="IES-1000/SAM1008 at Mon Jul 13 01:03:13"
WWW-Authenticate: Basic realm="IES-1000/SAM1008 at Mon Jul 13 01:03:49"
WWW-Authenticate: Basic realm="IES-1000/SAM1008 at Mon Jul 13 01:03:58"
WWW-Authenticate: Basic realm="IES-1000/SAM1008 at Mon Jul 13 01:04:32"
WWW-Authenticate: Basic realm="IES-1000/SAM1008 at Mon Jul 13 01:04:39"
WWW-Authenticate: Basic realm="IES-1000/SAM1008 at Mon Jul 13 01:05:20"
WWW-Authenticate: Basic realm="IES-1000/SAM1008 at Mon Jul 13 01:06:33"
WWW-Authenticate: Basic realm="IES-1000/SAM1008 at Mon Jul 13 01:06:48"
WWW-Authenticate: Basic realm="IES-1000/SAM1008 at Mon Jul 13 01:06:59"
WWW-Authenticate: Basic realm="IES-1000/SAM1008 at Mon Jul 13 01:07:21"
WWW-Authenticate: Basic realm="IES-1000/SAM1008 at Mon Jul 13 01:07:48"
WWW-Authenticate: Basic realm="IES-1000/SAM1008 at Mon Jul 13 01:08:17"
WWW-Authenticate: Basic realm="IES-1000/SAM1008 at Mon Jul 13 01:08:23"
WWW-Authenticate: Basic realm="IES-1000/SAM1008 at Mon Jul 13 01:08:33"
WWW-Authenticate: Basic realm="IES-1000/SAM1008 at Mon Jul 13 01:08:35"
WWW-Authenticate: Basic realm="IES-1000/SAM1008 at Mon Jul 13 01:08:47"
WWW-Authenticate: Basic realm="IES-1000/SAM1008 at Mon Jul 13 01:08:50"
WWW-Authenticate: Basic realm="IES-1000/SAM1008 at Mon Jul 13 01:09:06"
WWW-Authenticate: Basic realm="IES-1000/SAM1008 at Mon Jul 13 01:09:11"
WWW-Authenticate: Basic realm="IES-1000/SAM1008 at Mon Jul 13 01:09:29"
WWW-Authenticate: Basic realm="IES-1000/SAM1008 at Mon Jul 13 01:10:43"
WWW-Authenticate: Basic realm="IES-1000/SAM1008 at Mon Jul 13 01:10:52"
WWW-Authenticate: Basic realm="IES-1000/SAM1008 at Mon Jul 13 01:10:57"
WWW-Authenticate: Basic realm="IES-1000/SAM1008 at Mon Jul 13 01:11:17"
WWW-Authenticate: Basic realm="IES-1000/SAM1008 at Mon Jul 13 01:11:23"
WWW-Authenticate: Basic realm="IES-1000/SAM1008 at Mon Jul 13 01:11:43"
WWW-Authenticate: Basic realm="IES-1000/SAM1008 at Mon Jul 13 01:11:58"
WWW-Authenticate: Basic realm="IES-1000/SAM1008 at Mon Jul 13 01:12:23"
WWW-Authenticate: Basic realm="IES-1000/SAM1008 at Mon Jul 13 01:13:15"
WWW-Authenticate: Basic realm="IES-1000/SAM1008 at Mon Jul 13 01:13:27"
WWW-Authenticate: Basic realm="IES-1000/SAM1008 at Mon Jul 13 01:14:05"
WWW-Authenticate: Basic realm="IES-1000/SAM1008 at Mon Jul 13 01:14:06"
WWW-Authenticate: Basic realm="IES-1000/SAM1008 at Mon Jul 13 01:14:22"
WWW-Authenticate: Basic realm="IES-1000/SAM1008 at Mon Jul 13 01:14:39"
WWW-Authenticate: Basic realm="IES-1000/SAM1008 at Mon Jul 13 01:15:21"
WWW-Authenticate: Basic realm="IES-1000/SAM1008 at Mon Jul 13 01:15:30"
WWW-Authenticate: Basic realm="IES-1000/SAM1008 at Mon Jul 13 01:15:41"
WWW-Authenticate: Basic realm="IES-1000/SAM1008 at Mon Jul 13 01:15:56"
WWW-Authenticate: Basic realm="IES-1000/SAM1008 at Mon Jul 13 01:16:10"
WWW-Authenticate: Basic realm="IES-1000/SAM1008 at Mon Jul 13 01:16:11"
WWW-Authenticate: Basic realm="IES-1000/SAM1008 at Mon Jul 13 01:16:50"
WWW-Authenticate: Basic realm="IES-1000/SAM1008 at Mon Jul 13 01:17:36"
WWW-Authenticate: Basic realm="IES-1000/SAM1008 at Mon Jul 13 01:18:03"
WWW-Authenticate: Basic realm="IES-1000/SAM1008 at Mon Jul 13 01:18:57"
WWW-Authenticate: Basic realm="IES-1000/SAM1008 at Mon Jul 13 01:20:49"
WWW-Authenticate: Basic realm="IES-1000/SAM1008 at Mon Jul 13 01:21:36"
WWW-Authenticate: Basic realm="IES-1000/SAM1008 at Mon Jul 13 01:21:50"
WWW-Authenticate: Basic realm="IES-1000/SAM1008 at Mon Jul 13 01:26:04"
WWW-Authenticate: Basic realm="IES-1000/SAM1008 at Mon Jul 13 01:26:16"
WWW-Authenticate: Basic realm="IES-1000/SAM1008 at Mon Jul 13 01:27:21"
WWW-Authenticate: Basic realm="IES-1000/SAM1008 at Mon Jul 20 01:09:59"
WWW-Authenticate: Basic realm="IES-1000/SAM1008 at Mon Jul 20 01:17:57"
WWW-Authenticate: Basic realm="IES-1000/SAM1008 at Mon Jul 20 01:20:32"
WWW-Authenticate: Basic realm="IES-1000/SAM1008 at Mon Jul 20 01:20:47"
WWW-Authenticate: Basic realm="IES-1000/SAM1008 at Mon Jun 01 02:15:24"
WWW-Authenticate: Basic realm="IES-1000/SAM1008 at Mon Jun 01 02:17:10"
WWW-Authenticate: Basic realm="IES-1000/SAM1008 at Mon Jun 01 02:17:48"
WWW-Authenticate: Basic realm="IES-1000/SAM1008 at Mon Jun 01 02:22:13"
WWW-Authenticate: Basic realm="IES-1000/SAM1008 at Mon Jun 01 02:23:30"
WWW-Authenticate: Basic realm="IES-1000/SAM1008 at Mon Jun 22 18:19:28"
WWW-Authenticate: Basic realm="IES-1000/SAM1008 at Mon Mar 02 15:32:49"
WWW-Authenticate: Basic realm="IES-1000/SAM1008 at Mon Mar 02 15:46:38"
WWW-Authenticate: Basic realm="IES-1000/SAM1008 at Mon Mar 08 20:45:56"
WWW-Authenticate: Basic realm="IES-1000/SAM1008 at Mon Mar 08 20:55:39"
WWW-Authenticate: Basic realm="IES-1000/SAM1008 at Mon Mar 08 21:03:03"
WWW-Authenticate: Basic realm="IES-1000/SAM1008 at Mon Mar 08 21:07:01"
WWW-Authenticate: Basic realm="IES-1000/SAM1008 at Mon Mar 09 02:44:47"
WWW-Authenticate: Basic realm="IES-1000/SAM1008 at Mon Mar 09 02:46:46"
WWW-Authenticate: Basic realm="IES-1000/SAM1008 at Mon Mar 23 01:45:26"
WWW-Authenticate: Basic realm="IES-1000/SAM1008 at Mon Mar 23 01:53:36"
WWW-Authenticate: Basic realm="IES-1000/SAM1008 at Mon Mar 23 01:54:41"
WWW-Authenticate: Basic realm="IES-1000/SAM1008 at Mon May 04 14:25:34"
WWW-Authenticate: Basic realm="IES-1000/SAM1008 at Mon May 10 02:31:46"
WWW-Authenticate: Basic realm="IES-1000/SAM1008 at Mon May 10 12:22:20"
WWW-Authenticate: Basic realm="IES-1000/SAM1008 at Mon Nov 30 00:26:24"
WWW-Authenticate: Basic realm="IES-1000/SAM1008 at Mon Nov 30 00:28:42"
WWW-Authenticate: Basic realm="IES-1000/SAM1008 at Mon Nov 30 00:33:56"
WWW-Authenticate: Basic realm="IES-1000/SAM1008 at Mon Nov 30 00:34:49"
WWW-Authenticate: Basic realm="IES-1000/SAM1008 at Sat Feb 28 11:53:01"
WWW-Authenticate: Basic realm="IES-1000/SAM1008 at Sat Feb 28 11:53:27"
WWW-Authenticate: Basic realm="IES-1000/SAM1008 at Sat Feb 28 11:56:46"
WWW-Authenticate: Basic realm="IES-1000/SAM1008 at Sat Feb 28 12:01:49"
WWW-Authenticate: Basic realm="IES-1000/SAM1008 at Sat Jan 10 04:30:45"
WWW-Authenticate: Basic realm="IES-1000/SAM1008 at Sat Jan 10 15:40:45"
WWW-Authenticate: Basic realm="IES-1000/SAM1008 at Sat Jan 10 21:37:56"
WWW-Authenticate: Basic realm="IES-1000/SAM1008 at Sat Jan 10 21:41:11"
WWW-Authenticate: Basic realm="IES-1000/SAM1008 at Sat Jan 10 21:43:43"
WWW-Authenticate: Basic realm="IES-1000/SAM1008 at Sat Jan 10 21:43:53"
WWW-Authenticate: Basic realm="IES-1000/SAM1008 at Sat Jan 10 21:45:17"
WWW-Authenticate: Basic realm="IES-1000/SAM1008 at Sat Jan 10 21:46:45"
WWW-Authenticate: Basic realm="IES-1000/SAM1008 at Sat Jan 10 21:46:46"
WWW-Authenticate: Basic realm="IES-1000/SAM1008 at Sat Jan 10 21:47:15"
WWW-Authenticate: Basic realm="IES-1000/SAM1008 at Sat Jan 10 21:48:33"
WWW-Authenticate: Basic realm="IES-1000/SAM1008 at Sat Jan 10 21:48:42"
WWW-Authenticate: Basic realm="IES-1000/SAM1008 at Sat Jan 10 21:50:24"
WWW-Authenticate: Basic realm="IES-1000/SAM1008 at Sat Jan 10 21:52:05"
WWW-Authenticate: Basic realm="IES-1000/SAM1008 at Sat Jan 10 21:52:13"
WWW-Authenticate: Basic realm="IES-1000/SAM1008 at Sat Jan 10 21:53:26"
WWW-Authenticate: Basic realm="IES-1000/SAM1008 at Sat Jan 10 21:53:27"
WWW-Authenticate: Basic realm="IES-1000/SAM1008 at Sat Jan 10 21:53:37"
WWW-Authenticate: Basic realm="IES-1000/SAM1008 at Sat Jan 10 21:54:13"
WWW-Authenticate: Basic realm="IES-1000/SAM1008 at Sat Jan 10 21:55:18"
WWW-Authenticate: Basic realm="IES-1000/SAM1008 at Sat Jan 10 21:56:02"
WWW-Authenticate: Basic realm="IES-1000/SAM1008 at Sat Jan 10 21:56:05"
WWW-Authenticate: Basic realm="IES-1000/SAM1008 at Sat Jan 10 21:56:09"
WWW-Authenticate: Basic realm="IES-1000/SAM1008 at Sat Jan 10 21:56:16"
WWW-Authenticate: Basic realm="IES-1000/SAM1008 at Sat Jan 10 21:56:42"
WWW-Authenticate: Basic realm="IES-1000/SAM1008 at Sat Jan 10 21:57:18"
WWW-Authenticate: Basic realm="IES-1000/SAM1008 at Sat Jan 10 21:57:26"
WWW-Authenticate: Basic realm="IES-1000/SAM1008 at Sat Jan 10 21:57:30"
WWW-Authenticate: Basic realm="IES-1000/SAM1008 at Sat Jan 10 21:57:32"
WWW-Authenticate: Basic realm="IES-1000/SAM1008 at Sat Jan 10 21:57:36"
WWW-Authenticate: Basic realm="IES-1000/SAM1008 at Sat Jan 10 21:57:39"
WWW-Authenticate: Basic realm="IES-1000/SAM1008 at Sat Jan 10 21:57:57"
WWW-Authenticate: Basic realm="IES-1000/SAM1008 at Sat Jan 10 21:58:15"
WWW-Authenticate: Basic realm="IES-1000/SAM1008 at Sat Jan 10 21:58:30"
WWW-Authenticate: Basic realm="IES-1000/SAM1008 at Sat Jan 10 21:58:45"
WWW-Authenticate: Basic realm="IES-1000/SAM1008 at Sat Jan 10 21:59:08"
WWW-Authenticate: Basic realm="IES-1000/SAM1008 at Sat Jan 10 21:59:12"
WWW-Authenticate: Basic realm="IES-1000/SAM1008 at Sat Jan 10 21:59:43"
WWW-Authenticate: Basic realm="IES-1000/SAM1008 at Sat Jan 10 22:00:10"
WWW-Authenticate: Basic realm="IES-1000/SAM1008 at Sat Jan 10 22:00:26"
WWW-Authenticate: Basic realm="IES-1000/SAM1008 at Sat Jan 10 22:01:47"
WWW-Authenticate: Basic realm="IES-1000/SAM1008 at Sat Jan 10 22:02:28"
WWW-Authenticate: Basic realm="IES-1000/SAM1008 at Sat Jan 10 22:04:18"
WWW-Authenticate: Basic realm="IES-1000/SAM1008 at Sat Jan 10 22:04:24"
WWW-Authenticate: Basic realm="IES-1000/SAM1008 at Sat Jan 10 22:04:29"
WWW-Authenticate: Basic realm="IES-1000/SAM1008 at Sat Jan 10 22:04:54"
WWW-Authenticate: Basic realm="IES-1000/SAM1008 at Sat Jan 10 22:05:30"
WWW-Authenticate: Basic realm="IES-1000/SAM1008 at Sat Jan 10 22:05:56"
WWW-Authenticate: Basic realm="IES-1000/SAM1008 at Sat Jan 10 22:06:42"
WWW-Authenticate: Basic realm="IES-1000/SAM1008 at Sat Jan 10 22:07:51"
WWW-Authenticate: Basic realm="IES-1000/SAM1008 at Sat Jan 10 22:09:17"
WWW-Authenticate: Basic realm="IES-1000/SAM1008 at Sat Jan 17 19:58:05"
WWW-Authenticate: Basic realm="IES-1000/SAM1008 at Sat Jan 17 20:07:17"
WWW-Authenticate: Basic realm="IES-1000/SAM1008 at Sat Jan 17 20:12:08"
WWW-Authenticate: Basic realm="IES-1000/SAM1008 at Sat Jun 06 10:35:33"
WWW-Authenticate: Basic realm="IES-1000/SAM1008 at Sat Jun 06 10:37:48"
WWW-Authenticate: Basic realm="IES-1000/SAM1008 at Sat Jun 13 12:30:57"
WWW-Authenticate: Basic realm="IES-1000/SAM1008 at Sat Jun 13 12:32:55"
WWW-Authenticate: Basic realm="IES-1000/SAM1008 at Sat Jun 13 14:36:51"
WWW-Authenticate: Basic realm="IES-1000/SAM1008 at Sat Jun 13 14:37:49"
WWW-Authenticate: Basic realm="IES-1000/SAM1008 at Sat Jun 13 14:45:09"
WWW-Authenticate: Basic realm="IES-1000/SAM1008 at Sat Mar 07 14:32:04"
WWW-Authenticate: Basic realm="IES-1000/SAM1008 at Sat Mar 07 14:35:46"
WWW-Authenticate: Basic realm="IES-1000/SAM1008 at Sat Mar 21 05:25:05"
WWW-Authenticate: Basic realm="IES-1000/SAM1008 at Sat Mar 28 10:27:25"
WWW-Authenticate: Basic realm="IES-1000/SAM1008 at Sat Mar 28 10:27:37"
WWW-Authenticate: Basic realm="IES-1000/SAM1008 at Sat Mar 28 10:31:07"
WWW-Authenticate: Basic realm="IES-1000/SAM1008 at Sat Mar 28 10:31:48"
WWW-Authenticate: Basic realm="IES-1000/SAM1008 at Sat Mar 28 10:35:32"
WWW-Authenticate: Basic realm="IES-1000/SAM1008 at Sat Mar 28 10:36:41"
WWW-Authenticate: Basic realm="IES-1000/SAM1008 at Sat Mar 28 10:37:20"
WWW-Authenticate: Basic realm="IES-1000/SAM1008 at Sat Mar 28 10:37:35"
WWW-Authenticate: Basic realm="IES-1000/SAM1008 at Sat May 09 14:48:55"
WWW-Authenticate: Basic realm="IES-1000/SAM1008 at Sat May 15 09:36:33"
WWW-Authenticate: Basic realm="IES-1000/SAM1008 at Sat Oct 10 01:41:19"
WWW-Authenticate: Basic realm="IES-1000/SAM1008 at Sun Apr 12 06:10:42"
WWW-Authenticate: Basic realm="IES-1000/SAM1008 at Sun Apr 19 02:57:42"
WWW-Authenticate: Basic realm="IES-1000/SAM1008 at Sun Aug 23 10:51:49"
WWW-Authenticate: Basic realm="IES-1000/SAM1008 at Sun Aug 23 21:14:26"
WWW-Authenticate: Basic realm="IES-1000/SAM1008 at Sun Aug 30 20:09:25"
WWW-Authenticate: Basic realm="IES-1000/SAM1008 at Sun Aug 30 20:25:50"
WWW-Authenticate: Basic realm="IES-1000/SAM1008 at Sun Aug 30 22:50:25"
WWW-Authenticate: Basic realm="IES-1000/SAM1008 at Sun Aug 30 22:52:56"
WWW-Authenticate: Basic realm="IES-1000/SAM1008 at Sun Aug 30 23:04:34"
WWW-Authenticate: Basic realm="IES-1000/SAM1008 at Sun Feb 01 07:26:30"
WWW-Authenticate: Basic realm="IES-1000/SAM1008 at Sun Feb 08 21:03:30"
WWW-Authenticate: Basic realm="IES-1000/SAM1008 at Sun Feb 08 21:04:46"
WWW-Authenticate: Basic realm="IES-1000/SAM1008 at Sun Feb 08 21:13:30"
WWW-Authenticate: Basic realm="IES-1000/SAM1008 at Sun Feb 22 23:37:11"
WWW-Authenticate: Basic realm="IES-1000/SAM1008 at Sun Jan 04 15:55:28"
WWW-Authenticate: Basic realm="IES-1000/SAM1008 at Sun Jan 04 22:44:00"
WWW-Authenticate: Basic realm="IES-1000/SAM1008 at Sun Jan 04 22:46:43"
WWW-Authenticate: Basic realm="IES-1000/SAM1008 at Sun Jan 04 22:48:54"
WWW-Authenticate: Basic realm="IES-1000/SAM1008 at Sun Jan 04 22:52:35"
WWW-Authenticate: Basic realm="IES-1000/SAM1008 at Sun Jan 04 22:55:19"
WWW-Authenticate: Basic realm="IES-1000/SAM1008 at Sun Jan 11 12:43:43"
WWW-Authenticate: Basic realm="IES-1000/SAM1008 at Sun Jan 11 16:51:58"
WWW-Authenticate: Basic realm="IES-1000/SAM1008 at Sun Jan 11 20:45:58"
WWW-Authenticate: Basic realm="IES-1000/SAM1008 at Sun Jan 11 22:20:30"
WWW-Authenticate: Basic realm="IES-1000/SAM1008 at Sun Jan 18 16:28:37"
WWW-Authenticate: Basic realm="IES-1000/SAM1008 at Sun Jan 18 19:43:10"
WWW-Authenticate: Basic realm="IES-1000/SAM1008 at Sun Jul 19 12:00:58"
WWW-Authenticate: Basic realm="IES-1000/SAM1008 at Sun Jul 19 12:04:54"
WWW-Authenticate: Basic realm="IES-1000/SAM1008 at Sun Jul 19 20:14:16"
WWW-Authenticate: Basic realm="IES-1000/SAM1008 at Sun Jul 19 20:14:48"
WWW-Authenticate: Basic realm="IES-1000/SAM1008 at Sun Jul 19 20:17:10"
WWW-Authenticate: Basic realm="IES-1000/SAM1008 at Sun Jun 07 12:27:47"
WWW-Authenticate: Basic realm="IES-1000/SAM1008 at Sun Jun 07 12:37:06"
WWW-Authenticate: Basic realm="IES-1000/SAM1008 at Sun Jun 14 23:04:30"
WWW-Authenticate: Basic realm="IES-1000/SAM1008 at Sun Jun 14 23:05:23"
WWW-Authenticate: Basic realm="IES-1000/SAM1008 at Sun Jun 14 23:09:58"
WWW-Authenticate: Basic realm="IES-1000/SAM1008 at Sun Jun 14 23:12:27"
WWW-Authenticate: Basic realm="IES-1000/SAM1008 at Sun Mar 01 22:28:37"
WWW-Authenticate: Basic realm="IES-1000/SAM1008 at Sun Mar 01 22:31:32"
WWW-Authenticate: Basic realm="IES-1000/SAM1008 at Sun Mar 01 22:35:41"
WWW-Authenticate: Basic realm="IES-1000/SAM1008 at Sun Mar 01 22:36:57"
WWW-Authenticate: Basic realm="IES-1000/SAM1008 at Sun Mar 01 22:40:57"
WWW-Authenticate: Basic realm="IES-1000/SAM1008 at Sun Mar 01 22:43:48"
WWW-Authenticate: Basic realm="IES-1000/SAM1008 at Sun Mar 08 15:58:14"
WWW-Authenticate: Basic realm="IES-1000/SAM1008 at Sun Mar 08 21:12:51"
WWW-Authenticate: Basic realm="IES-1000/SAM1008 at Sun Mar 15 14:52:24"
WWW-Authenticate: Basic realm="IES-1000/SAM1008 at Sun Mar 22 01:39:41"
WWW-Authenticate: Basic realm="IES-1000/SAM1008 at Sun Mar 22 11:03:52"
WWW-Authenticate: Basic realm="IES-1000/SAM1008 at Sun Mar 22 11:28:37"
WWW-Authenticate: Basic realm="IES-1000/SAM1008 at Sun Mar 22 21:49:07"
WWW-Authenticate: Basic realm="IES-1000/SAM1008 at Sun Mar 22 21:54:17"
WWW-Authenticate: Basic realm="IES-1000/SAM1008 at Sun Mar 22 21:55:01"
WWW-Authenticate: Basic realm="IES-1000/SAM1008 at Sun Mar 22 21:56:41"
WWW-Authenticate: Basic realm="IES-1000/SAM1008 at Sun Mar 22 21:59:24"
WWW-Authenticate: Basic realm="IES-1000/SAM1008 at Sun Mar 29 09:00:14"
WWW-Authenticate: Basic realm="IES-1000/SAM1008 at Sun Mar 29 09:08:40"
WWW-Authenticate: Basic realm="IES-1000/SAM1008 at Sun Mar 29 09:11:25"
WWW-Authenticate: Basic realm="IES-1000/SAM1008 at Sun May 10 05:54:54"
WWW-Authenticate: Basic realm="IES-1000/SAM1008 at Sun May 10 12:43:50"
WWW-Authenticate: Basic realm="IES-1000/SAM1008 at Sun May 10 12:44:09"
WWW-Authenticate: Basic realm="IES-1000/SAM1008 at Sun May 10 12:50:41"
WWW-Authenticate: Basic realm="IES-1000/SAM1008 at Sun May 10 12:54:48"
WWW-Authenticate: Basic realm="IES-1000/SAM1008 at Sun May 10 12:57:53"
WWW-Authenticate: Basic realm="IES-1000/SAM1008 at Sun May 10 14:44:38"
WWW-Authenticate: Basic realm="IES-1000/SAM1008 at Sun May 17 21:04:15"
WWW-Authenticate: Basic realm="IES-1000/SAM1008 at Sun May 24 16:50:38"
WWW-Authenticate: Basic realm="IES-1000/SAM1008 at Sun May 24 17:02:07"
WWW-Authenticate: Basic realm="IES-1000/SAM1008 at Sun Nov 15 22:03:52"
WWW-Authenticate: Basic realm="IES-1000/SAM1008 at Sun Nov 15 22:10:42"
WWW-Authenticate: Basic realm="IES-1000/SAM1008 at Sun Oct 04 10:36:27"
WWW-Authenticate: Basic realm="IES-1000/SAM1008 at Sun Oct 04 10:45:39"
WWW-Authenticate: Basic realm="IES-1000/SAM1008 at Sun Oct 11 21:36:11"
WWW-Authenticate: Basic realm="IES-1000/SAM1008 at Sun Oct 11 21:46:19"
WWW-Authenticate: Basic realm="IES-1000/SAM1008 at Sun Oct 18 17:45:47"
WWW-Authenticate: Basic realm="IES-1000/SAM1008 at Sun Oct 18 17:56:52"
WWW-Authenticate: Basic realm="IES-1000/SAM1008 at Thu Feb 19 06:43:50"
WWW-Authenticate: Basic realm="IES-1000/SAM1008 at Thu Jan 29 21:40:28"
WWW-Authenticate: Basic realm="IES-1000/SAM1008 at Thu Jan 29 23:35:02"
WWW-Authenticate: Basic realm="IES-1000/SAM1008 at Tue Apr 14 02:16:18"
WWW-Authenticate: Basic realm="IES-1000/SAM1008 at Tue Apr 28 08:22:04"
WWW-Authenticate: Basic realm="IES-1000/SAM1008 at Tue Aug 25 08:17:22"
WWW-Authenticate: Basic realm="IES-1000/SAM1008 at Tue Dec 01 16:23:16"
WWW-Authenticate: Basic realm="IES-1000/SAM1008 at Tue Dec 29 13:11:11"
WWW-Authenticate: Basic realm="IES-1000/SAM1008 at Tue Feb 03 18:35:45"
WWW-Authenticate: Basic realm="IES-1000/SAM1008 at Tue Feb 24 12:59:01"
WWW-Authenticate: Basic realm="IES-1000/SAM1008 at Tue Jan 06 10:59:47"
WWW-Authenticate: Basic realm="IES-1000/SAM1008 at Tue Jan 06 12:06:22"
WWW-Authenticate: Basic realm="IES-1000/SAM1008 at Tue Jan 06 12:25:21"
WWW-Authenticate: Basic realm="IES-1000/SAM1008 at Tue Jan 13 11:07:22"
WWW-Authenticate: Basic realm="IES-1000/SAM1008 at Tue Jan 20 03:49:41"
WWW-Authenticate: Basic realm="IES-1000/SAM1008 at Tue Jan 20 15:27:25"
WWW-Authenticate: Basic realm="IES-1000/SAM1008 at Tue Jan 27 14:45:40"
WWW-Authenticate: Basic realm="IES-1000/SAM1008 at Tue Jul 21 18:41:38"
WWW-Authenticate: Basic realm="IES-1000/SAM1008 at Tue Jun 09 01:11:45"
WWW-Authenticate: Basic realm="IES-1000/SAM1008 at Tue Jun 16 11:20:51"
WWW-Authenticate: Basic realm="IES-1000/SAM1008 at Tue Jun 16 11:47:28"
WWW-Authenticate: Basic realm="IES-1000/SAM1008 at Tue Mar 02 18:29:44"
WWW-Authenticate: Basic realm="IES-1000/SAM1008 at Tue Mar 09 13:19:21"
WWW-Authenticate: Basic realm="IES-1000/SAM1008 at Tue Mar 10 11:42:29"
WWW-Authenticate: Basic realm="IES-1000/SAM1008 at Tue Mar 10 12:04:00"
WWW-Authenticate: Basic realm="IES-1000/SAM1008 at Tue Mar 10 12:06:12"
WWW-Authenticate: Basic realm="IES-1000/SAM1008 at Tue Mar 10 14:20:32"
WWW-Authenticate: Basic realm="IES-1000/SAM1008 at Tue Mar 24 22:16:37"
WWW-Authenticate: Basic realm="IES-1000/SAM1008 at Tue May 05 16:38:12"
WWW-Authenticate: Basic realm="IES-1000/SAM1008 at Tue May 18 15:10:32"
WWW-Authenticate: Basic realm="IES-1000/SAM1008 at Tue Sep 15 10:02:23"
WWW-Authenticate: Basic realm="IES-1000/SAM1008 at Tue Sep 29 10:23:05"
WWW-Authenticate: Basic realm="IES-1000/SAM1008 at Wed Feb 04 16:06:14"
WWW-Authenticate: Basic realm="IES-1000/SAM1008 at Wed Jan 07 17:23:23"
WWW-Authenticate: Basic realm="IES-1000/SAM1008 at Wed Jan 07 17:31:42"
WWW-Authenticate: Basic realm="IES-1000/SAM1008 at Wed Jan 07 17:35:49"
WWW-Authenticate: Basic realm="IES-1000/SAM1008 at Wed Jan 07 20:08:54"
WWW-Authenticate: Basic realm="IES-1000/SAM1008 at Wed Jan 07 20:56:15"
WWW-Authenticate: Basic realm="IES-1000/SAM1008 at Wed Jan 07 23:08:15"
WWW-Authenticate: Basic realm="IES-1000/SAM1008 at Wed Jan 07 23:30:30"
WWW-Authenticate: Basic realm="IES-1000/SAM1008 at Wed Jan 07 23:37:58"
WWW-Authenticate: Basic realm="IES-1000/SAM1008 at Wed Jan 07 23:43:23"
WWW-Authenticate: Basic realm="IES-1000/SAM1008 at Wed Jan 07 23:52:05"
WWW-Authenticate: Basic realm="IES-1000/SAM1008 at Wed Jun 24 16:07:01"
WWW-Authenticate: Basic realm="IES-1000/SAM1008 at Wed May 06 13:57:49"
WWW-Authenticate: Basic realm="i-gate"
WWW-Authenticate: Basic realm="Instant Internet"
WWW-Authenticate: Basic realm="Internet Camera"
WWW-Authenticate: Basic realm="intratec"
WWW-Authenticate: Basic realm="IP Camera"
WWW-Authenticate: Basic realm="Ipcam manager"
WWW-Authenticate: Basic realm= "IP-IO-Interface IPIO88"
WWW-Authenticate: Basic realm="ISBC042E8 : 80.122.30.218"
WWW-Authenticate: Basic realm="JDownloader"
WWW-Authenticate: Basic realm="Jerry want to know your ID, please"
WWW-Authenticate: Basic realm="KaiRo-private"
WWW-Authenticate: Basic realm="Kamera"
WWW-Authenticate: Basic realm="Kamera Chef"
WWW-Authenticate: Basic realm="Kamera Ost"
WWW-Authenticate: Basic realm="Kammerl"
WWW-Authenticate: Basic realm="KIRSCHNER1.local"
WWW-Authenticate: Basic realm="KoJo"
WWW-Authenticate: Basic realm="konradleeb"
WWW-Authenticate: Basic realm="/kuttin"
WWW-Authenticate: Basic realm="Lager"
WWW-Authenticate: Basic realm="Lagerverwaltung"
WWW-Authenticate: Basic realm="lasser"
WWW-Authenticate: Basic realm="level 15 access"
WWW-Authenticate: Basic realm="level_15_access"
WWW-Authenticate: Basic realm="level_15 or view_access"
WWW-Authenticate: Basic realm="LF-SchwedenPlatz"
WWW-Authenticate: Basic realm="lifw2"
WWW-Authenticate: Basic realm="Linksys"
WWW-Authenticate: Basic realm="Linksys BEFSR81"
WWW-Authenticate: Basic realm="Linksys BEFSR81v3"
WWW-Authenticate: Basic realm="Linksys BEFSX41"
WWW-Authenticate: Basic realm="Linksys BEFVP41"
WWW-Authenticate: Basic realm="Linksys BEFVP41 V2"
WWW-Authenticate: Basic realm="Linksys BEFW11S4 V4"
WWW-Authenticate: Basic realm="Linksys WAG200G "
WWW-Authenticate: Basic realm="Linksys WAG54G"
WWW-Authenticate: Basic realm="Linksys WAG54GS
WWW-Authenticate: Basic realm="Linksys WAG54GS "
WWW-Authenticate: Basic realm="Linksys WRT300N"
WWW-Authenticate: Basic realm="Linksys WRT350N"
WWW-Authenticate: Basic realm="Linksys WRV54G"
WWW-Authenticate: Basic realm="localhost"
WWW-Authenticate: Basic realm="Locked place"
WWW-Authenticate: Basic realm="Login"
WWW-Authenticate: Basic realm="Login to the Router Web Configurator"
WWW-Authenticate: Basic realm="Login to Vigor 3300"
WWW-Authenticate: Basic realm="M2D-Testforum"
WWW-Authenticate: Basic realm="M32TV"
WWW-Authenticate: Basic realm="MediaTek"
WWW-Authenticate: Basic realm="MR814v2"
WWW-Authenticate: Basic realm="nagios"
WWW-Authenticate: Basic realm="Nagios Access"
WWW-Authenticate: Basic realm="NeedPassword"
WWW-Authenticate: Basic realm="netcam"
WWW-Authenticate: Basic realm="Netcam"
WWW-Authenticate: Basic realm="NET Disk"
WWW-Authenticate: Basic realm="NETGEAR DG834G "
WWW-Authenticate: Basic realm="NETGEAR DG834G"
WWW-Authenticate: Basic realm="NETGEAR DG834GT "
WWW-Authenticate: Basic realm="NETGEAR DG834GT"
WWW-Authenticate: Basic realm="NETGEAR DG834GTB"
WWW-Authenticate: Basic realm="NETGEAR DG834N "
WWW-Authenticate: Basic realm="NETGEAR DG834PN "
WWW-Authenticate: Basic realm="NETGEAR DG834PNB"
WWW-Authenticate: Basic realm="NETGEAR DGN1000 "
WWW-Authenticate: Basic realm="NETGEAR DGN2000 "
WWW-Authenticate: Basic realm="NETGEAR DGN3500 "
WWW-Authenticate: Basic realm="NETGEAR DGND3300 "
WWW-Authenticate: Basic realm="NETGEAR WNDR3700"
WWW-Authenticate: Basic realm="NETGEAR WNR1000v2"
WWW-Authenticate: Basic realm="NETGEAR WPNT834"
WWW-Authenticate: Basic realm="Network Camera"
WWW-Authenticate: Basic realm="Network Camera Kainisch Umkehrplatz"
WWW-Authenticate: Basic realm="NK"
WWW-Authenticate: Basic realm="nowak.co.at"
WWW-Authenticate: Basic realm="NSE"
WWW-Authenticate: Basic realm="NUMBIS Sandbox System"
WWW-Authenticate: Basic realm="NUMBIS Staging System"
WWW-Authenticate: Basic realm="NWA-Router"
WWW-Authenticate: Basic realm="Outside"
WWW-Authenticate: Basic realm="P202H DSS1"
WWW-Authenticate: Basic realm="Partynet Developers only (coding server)"
WWW-Authenticate: Basic realm="Passwortgeschützer Bereich"
WWW-Authenticate: Basic realm="Passwortgeschützter Bereich"
WWW-Authenticate: Basic realm="PCS-1 Web Control"
WWW-Authenticate: Basic realm="PCS-G50 Web Control"
WWW-Authenticate: Basic realm="Pension_Aloisia"
WWW-Authenticate: Basic realm="Please enter your ID and password"
WWW-Authenticate: Basic realm="please log in"
WWW-Authenticate: Basic realm="PNB Vienna"
WWW-Authenticate: Basic realm="Prestige 310"
WWW-Authenticate: Basic realm="Prestige 316"
WWW-Authenticate: Basic realm="Prestige 643"
WWW-Authenticate: Basic realm="Prestige 645"
WWW-Authenticate: Basic realm="Prestige 650H/HW-31"
WWW-Authenticate: Basic realm="Prestige 782R"
WWW-Authenticate: Basic realm="Prestige 791R"
WWW-Authenticate: Basic realm="Prestige 792H"
WWW-Authenticate: Basic realm="qgvalt"
WWW-Authenticate: Basic realm="QGV DEMO"
WWW-Authenticate: Basic realm="restricted area"
WWW-Authenticate: Basic realm="Restricted Area"
WWW-Authenticate: Basic realm="Restricted login"
WWW-Authenticate: Basic realm="RH_HOME"
WWW-Authenticate: Basic realm="RIED"
WWW-Authenticate: Basic realm="Router-REZI"
WWW-Authenticate: Basic realm="Rovio"
WWW-Authenticate: Basic realm="royal_entertainment"
WWW-Authenticate: Basic realm="RP114"
WWW-Authenticate: Basic realm="RP614"
WWW-Authenticate: Basic realm="RP614v4"
WWW-Authenticate: Basic realm="RT311"
WWW-Authenticate: Basic realm="RT314"
WWW-Authenticate: Basic realm="rv042"
WWW-Authenticate: Basic realm="RV042"
WWW-Authenticate: Basic realm="RV082"
WWW-Authenticate: Basic realm="Schwenk-/Neige-Netzwerkkamera"
WWW-Authenticate: Basic realm="Schwenk-/Neige-Netzwerkkamera WLAN"
WWW-Authenticate: Basic realm="Secured-Directory (GAW-Members)"
WWW-Authenticate: Basic realm="Security Bandwidth Management Administration Tools"
WWW-Authenticate: Basic realm="Sekretariat"
WWW-Authenticate: Basic realm="SITECOM WL-108"
WWW-Authenticate: Basic realm="SpeedTouch"
WWW-Authenticate: Basic realm="SpeedTouch (00-0E-50-42-14-BD)"
WWW-Authenticate: Basic realm="SpeedTouch (00-0E-50-43-08-8D)"
WWW-Authenticate: Basic realm="SpeedTouch (00-0E-50-51-71-85)"
WWW-Authenticate: Basic realm="SpeedTouch (00-90-D0-02-9C-5C)"
WWW-Authenticate: Basic realm="SpeedTouch (00-90-D0-02-9C-CE)"
WWW-Authenticate: Basic realm="SpeedTouch (00-90-D0-02-9C-E1)"
WWW-Authenticate: Basic realm="SpeedTouch (00-90-D0-02-9C-F7)"
WWW-Authenticate: Basic realm="SpeedTouch (00-90-D0-02-9D-1A)"
WWW-Authenticate: Basic realm="SpeedTouch (00-90-D0-02-9D-94)"
WWW-Authenticate: Basic realm="SpeedTouch (00-90-D0-02-9D-96)"
WWW-Authenticate: Basic realm="SpeedTouch (00-90-D0-02-9D-9E)"
WWW-Authenticate: Basic realm="SpeedTouch (00-90-D0-02-9D-C6)"
WWW-Authenticate: Basic realm="SpeedTouch (00-90-D0-02-9D-DD)"
WWW-Authenticate: Basic realm="SpeedTouch (00-90-D0-03-99-B7)"
WWW-Authenticate: Basic realm="SpeedTouch (00-90-D0-03-99-BB)"
WWW-Authenticate: Basic realm="SpeedTouch (00-90-D0-03-9E-35)"
WWW-Authenticate: Basic realm="SpeedTouch (00-90-D0-03-9E-63)"
WWW-Authenticate: Basic realm="SpeedTouch (00-90-D0-03-9F-19)"
WWW-Authenticate: Basic realm="SpeedTouch (00-90-D0-0A-76-6F)"
WWW-Authenticate: Basic realm="SpeedTouch (00-90-D0-0A-7B-CF)"
WWW-Authenticate: Basic realm="SpeedTouch (00-90-D0-0A-7B-E7)"
WWW-Authenticate: Basic realm="SpeedTouch (00-90-D0-0A-7C-23)"
WWW-Authenticate: Basic realm="SpeedTouch (00-90-D0-0A-7C-8B)"
WWW-Authenticate: Basic realm="SpeedTouch (00-90-D0-0A-7D-00)"
WWW-Authenticate: Basic realm="SpeedTouch (00-90-D0-0A-7E-80)"
WWW-Authenticate: Basic realm="SpeedTouch (00-90-D0-0A-7F-35)"
WWW-Authenticate: Basic realm="SpeedTouch (00-90-D0-0A-7F-7D)"
WWW-Authenticate: Basic realm="SpeedTouch (00-90-D0-0A-C9-9C)"
WWW-Authenticate: Basic realm="SpeedTouch (00-90-D0-0A-C9-CF)"
WWW-Authenticate: Basic realm="SpeedTouch (00-90-D0-0A-C9-F3)"
WWW-Authenticate: Basic realm="SpeedTouch (00-90-D0-0B-75-1F)"
WWW-Authenticate: Basic realm="SpeedTouch (00-90-D0-0B-DD-34)"
WWW-Authenticate: Basic realm="SpeedTouch (00-90-D0-0B-DF-DB)"
WWW-Authenticate: Basic realm="SpeedTouch (00-90-D0-21-0E-08)"
WWW-Authenticate: Basic realm="SpeedTouch (00-90-D0-21-0E-43)"
WWW-Authenticate: Basic realm="SpeedTouch (00-90-D0-21-0E-99)"
WWW-Authenticate: Basic realm="SpeedTouch (00-90-D0-21-0E-A6)"
WWW-Authenticate: Basic realm="SpeedTouch (00-90-D0-21-11-B8)"
WWW-Authenticate: Basic realm="SpeedTouch (00-90-D0-21-15-9C)"
WWW-Authenticate: Basic realm="SpeedTouch (00-90-D0-21-EA-27)"
WWW-Authenticate: Basic realm="SpeedTouch (00-90-D0-21-EA-6D)"
WWW-Authenticate: Basic realm="SpeedTouch (00-90-D0-21-EA-72)"
WWW-Authenticate: Basic realm="SpeedTouch (00-90-D0-21-EA-7A)"
WWW-Authenticate: Basic realm="SpeedTouch (00-90-D0-21-EA-7F)"
WWW-Authenticate: Basic realm="SpeedTouch (00-90-D0-21-EA-83)"
WWW-Authenticate: Basic realm="SpeedTouch (00-90-D0-21-EA-90)"
WWW-Authenticate: Basic realm="SpeedTouch (00-90-D0-21-EA-AA)"
WWW-Authenticate: Basic realm="SpeedTouch (00-90-D0-21-EA-B2)"
WWW-Authenticate: Basic realm="SpeedTouch (00-90-D0-21-F0-12)"
WWW-Authenticate: Basic realm="SpeedTouch (00-90-D0-21-F8-7E)"
WWW-Authenticate: Basic realm="SpeedTouch (00-90-D0-21-F8-A8)"
WWW-Authenticate: Basic realm="SpeedTouch (00-90-D0-21-F8-D7)"
WWW-Authenticate: Basic realm="SpeedTouch (00-90-D0-21-F8-E0)"
WWW-Authenticate: Basic realm="SpeedTouch (00-90-D0-21-F8-F8)"
WWW-Authenticate: Basic realm="SpeedTouch (00-90-D0-21-FB-1E)"
WWW-Authenticate: Basic realm="SpeedTouch (00-90-D0-21-FB-34)"
WWW-Authenticate: Basic realm="SpeedTouch (00-90-D0-22-02-23)"
WWW-Authenticate: Basic realm="SpeedTouch (00-90-D0-22-02-26)"
WWW-Authenticate: Basic realm="SpeedTouch (00-90-D0-22-02-7C)"
WWW-Authenticate: Basic realm="SpeedTouch (00-90-D0-22-02-83)"
WWW-Authenticate: Basic realm="SpeedTouch (00-90-D0-22-09-F8)"
WWW-Authenticate: Basic realm="SpeedTouch (00-90-D0-22-09-FB)"
WWW-Authenticate: Basic realm="SpeedTouch (00-90-D0-22-0A-11)"
WWW-Authenticate: Basic realm="SpeedTouch (00-90-D0-22-14-D7)"
WWW-Authenticate: Basic realm="SpeedTouch (00-90-D0-22-15-5D)"
WWW-Authenticate: Basic realm="SpeedTouch (00-90-D0-22-15-76)"
WWW-Authenticate: Basic realm="SpeedTouch (00-90-D0-22-15-7E)"
WWW-Authenticate: Basic realm="SpeedTouch (00-90-D0-22-15-F0)"
WWW-Authenticate: Basic realm="SpeedTouch (00-90-D0-22-15-F8)"
WWW-Authenticate: Basic realm="SpeedTouch (00-90-D0-22-15-FA)"
WWW-Authenticate: Basic realm="SpeedTouch (00-90-D0-22-16-0B)"
WWW-Authenticate: Basic realm="SpeedTouch (00-90-D0-22-16-16)"
WWW-Authenticate: Basic realm="SpeedTouch (00-90-D0-22-16-3D)"
WWW-Authenticate: Basic realm="SpeedTouch (00-90-D0-22-16-65)"
WWW-Authenticate: Basic realm="SpeedTouch (00-90-D0-22-17-0E)"
WWW-Authenticate: Basic realm="SpeedTouch (00-90-D0-22-1B-63)"
WWW-Authenticate: Basic realm="SpeedTouch (00-90-D0-22-1B-71)"
WWW-Authenticate: Basic realm="SpeedTouch (00-90-D0-23-03-52)"
WWW-Authenticate: Basic realm="SpeedTouch (00-90-D0-23-04-0F)"
WWW-Authenticate: Basic realm="SpeedTouch (00-90-D0-23-04-29)"
WWW-Authenticate: Basic realm="SpeedTouch (00-90-D0-23-05-53)"
WWW-Authenticate: Basic realm="SpeedTouch (00-90-D0-23-10-F5)"
WWW-Authenticate: Basic realm="SpeedTouch (00-90-D0-23-11-37)"
WWW-Authenticate: Basic realm="SpeedTouch (00-90-D0-23-13-07)"
WWW-Authenticate: Basic realm="SpeedTouch (00-90-D0-23-19-ED)"
WWW-Authenticate: Basic realm="SpeedTouch (00-90-D0-23-1A-AA)"
WWW-Authenticate: Basic realm="SpeedTouch (00-90-D0-23-1A-CF)"
WWW-Authenticate: Basic realm="SpeedTouch (00-90-D0-23-1B-94)"
WWW-Authenticate: Basic realm="SpeedTouch (00-90-D0-23-1B-98)"
WWW-Authenticate: Basic realm="SpeedTouch (00-90-D0-23-1B-D5)"
WWW-Authenticate: Basic realm="SpeedTouch (00-90-D0-23-1B-F4)"
WWW-Authenticate: Basic realm="SpeedTouch (00-90-D0-23-1C-1A)"
WWW-Authenticate: Basic realm="SpeedTouch (00-90-D0-23-1E-43)"
WWW-Authenticate: Basic realm="SpeedTouch (00-90-D0-23-1E-54)"
WWW-Authenticate: Basic realm="SpeedTouch (00-90-D0-23-1E-7D)"
WWW-Authenticate: Basic realm="SpeedTouch (00-90-D0-23-1E-D3)"
WWW-Authenticate: Basic realm="SpeedTouch (00-90-D0-23-1E-E8)"
WWW-Authenticate: Basic realm="SpeedTouch (00-90-D0-23-24-EC)"
WWW-Authenticate: Basic realm="SpeedTouch (00-90-D0-23-28-73)"
WWW-Authenticate: Basic realm="SpeedTouch (00-90-D0-23-28-8B)"
WWW-Authenticate: Basic realm="SpeedTouch (00-90-D0-23-2A-1F)"
WWW-Authenticate: Basic realm="SpeedTouch (00-90-D0-23-2A-2B)"
WWW-Authenticate: Basic realm="SpeedTouch (00-90-D0-23-2A-41)"
WWW-Authenticate: Basic realm="SpeedTouch (00-90-D0-23-2B-1C)"
WWW-Authenticate: Basic realm="SpeedTouch (00-90-D0-23-37-1C)"
WWW-Authenticate: Basic realm="SpeedTouch (00-90-D0-23-37-45)"
WWW-Authenticate: Basic realm="SpeedTouch (00-90-D0-23-37-61)"
WWW-Authenticate: Basic realm="SpeedTouch (00-90-D0-23-37-77)"
WWW-Authenticate: Basic realm="SpeedTouch (00-90-D0-23-37-89)"
WWW-Authenticate: Basic realm="SpeedTouch (00-90-D0-23-37-95)"
WWW-Authenticate: Basic realm="SpeedTouch (00-90-D0-23-37-96)"
WWW-Authenticate: Basic realm="SpeedTouch (00-90-D0-23-37-D1)"
WWW-Authenticate: Basic realm="SpeedTouch (00-90-D0-23-38-0B)"
WWW-Authenticate: Basic realm="SpeedTouch (00-90-D0-23-38-48)"
WWW-Authenticate: Basic realm="SpeedTouch (00-90-D0-23-39-00)"
WWW-Authenticate: Basic realm="SpeedTouch (00-90-D0-23-3D-09)"
WWW-Authenticate: Basic realm="SpeedTouch (00-90-D0-23-3E-41)"
WWW-Authenticate: Basic realm="SpeedTouch (00-90-D0-23-40-D2)"
WWW-Authenticate: Basic realm="SpeedTouch (00-90-D0-23-41-11)"
WWW-Authenticate: Basic realm="SpeedTouch (00-90-D0-23-42-AA)"
WWW-Authenticate: Basic realm="SpeedTouch (00-90-D0-23-42-F3)"
WWW-Authenticate: Basic realm="SpeedTouch (00-90-D0-23-44-53)"
WWW-Authenticate: Basic realm="SpeedTouch (00-90-D0-23-4B-E0)"
WWW-Authenticate: Basic realm="SpeedTouch (00-90-D0-23-4C-0F)"
WWW-Authenticate: Basic realm="SpeedTouch (00-90-D0-23-4C-1D)"
WWW-Authenticate: Basic realm="SpeedTouch (00-90-D0-23-4C-28)"
WWW-Authenticate: Basic realm="SpeedTouch (00-90-D0-23-53-0E)"
WWW-Authenticate: Basic realm="SpeedTouch (00-90-D0-31-9F-46)"
WWW-Authenticate: Basic realm="SpeedTouch (00-90-D0-31-F2-28)"
WWW-Authenticate: Basic realm="SpeedTouch (00-90-D0-31-F2-33)"
WWW-Authenticate: Basic realm="SpeedTouch (00-90-D0-31-F2-41)"
WWW-Authenticate: Basic realm="SpeedTouch (00-90-D0-31-F2-59)"
WWW-Authenticate: Basic realm="SpeedTouch (00-90-D0-31-F2-5C)"
WWW-Authenticate: Basic realm="SpeedTouch (00-90-D0-31-F8-B9)"
WWW-Authenticate: Basic realm="SpeedTouch (00-90-D0-31-F8-BD)"
WWW-Authenticate: Basic realm="SpeedTouch (00-90-D0-31-F8-BF)"
WWW-Authenticate: Basic realm="SpeedTouch (00-90-D0-31-F9-28)"
WWW-Authenticate: Basic realm="SpeedTouch (00-90-D0-31-FA-A7)"
WWW-Authenticate: Basic realm="SpeedTouch (00-90-D0-31-FB-5E)"
WWW-Authenticate: Basic realm="SpeedTouch (00-90-D0-31-FB-60)"
WWW-Authenticate: Basic realm="SpeedTouch (00-90-D0-31-FB-69)"
WWW-Authenticate: Basic realm="SpeedTouch (00-90-D0-31-FB-82)"
WWW-Authenticate: Basic realm="SpeedTouch (00-90-D0-31-FB-EB)"
WWW-Authenticate: Basic realm="SpeedTouch (00-90-D0-33-04-04)"
WWW-Authenticate: Basic realm="SpeedTouch (00-90-D0-33-04-E4)"
WWW-Authenticate: Basic realm="SpeedTouch (00-90-D0-33-0D-AB)"
WWW-Authenticate: Basic realm="SpeedTouch (00-90-D0-33-0D-C1)"
WWW-Authenticate: Basic realm="SpeedTouch (00-90-D0-33-20-01)"
WWW-Authenticate: Basic realm="SpeedTouch (00-90-D0-33-3D-72)"
WWW-Authenticate: Basic realm="SpeedTouch (00-90-D0-33-3D-CA)"
WWW-Authenticate: Basic realm="SpeedTouch (00-90-D0-33-3E-D7)"
WWW-Authenticate: Basic realm="SpeedTouch (00-90-D0-33-3F-42)"
WWW-Authenticate: Basic realm="SpeedTouch (00-90-D0-33-DE-F9)"
WWW-Authenticate: Basic realm="SpeedTouch (00-90-D0-70-76-96)"
WWW-Authenticate: Basic realm="SpeedTouch (00-90-D0-71-42-96)"
WWW-Authenticate: Basic realm="SpeedTouch (00-90-D0-71-42-A3)"
WWW-Authenticate: Basic realm="SpeedTouch (00-90-D0-71-42-EF)"
WWW-Authenticate: Basic realm="SpeedTouch (00-90-D0-71-50-5E)"
WWW-Authenticate: Basic realm="SpeedTouch (00-90-D0-71-50-85)"
WWW-Authenticate: Basic realm="SpeedTouch (00-90-D0-71-50-BE)"
WWW-Authenticate: Basic realm="SpeedTouch (00-90-D0-71-50-E8)"
WWW-Authenticate: Basic realm="SpeedTouch (00-90-D0-71-51-CD)"
WWW-Authenticate: Basic realm="SpeedTouch (00-90-D0-71-59-A5)"
WWW-Authenticate: Basic realm="SpeedTouch (00-90-D0-71-59-AD)"
WWW-Authenticate: Basic realm="SpeedTouch (00-90-D0-71-5A-54)"
WWW-Authenticate: Basic realm="SpeedTouch (00-90-D0-71-CB-71)"
WWW-Authenticate: Basic realm="SpeedTouch (00-90-D0-71-CB-CD)"
WWW-Authenticate: Basic realm="SpeedTouch (00-90-D0-71-CB-E3)"
WWW-Authenticate: Basic realm="SpeedTouch (00-90-D0-71-CB-E4)"
WWW-Authenticate: Basic realm="SpeedTouch (00-90-D0-71-CB-E9)"
WWW-Authenticate: Basic realm="SpeedTouch (00-90-D0-71-CB-FD)"
WWW-Authenticate: Basic realm="SpeedTouch (00-90-D0-71-CC-34)"
WWW-Authenticate: Basic realm="SpeedTouch (00-90-D0-71-DA-D0)"
WWW-Authenticate: Basic realm="SpeedTouch (00-90-D0-71-DA-EB)"
WWW-Authenticate: Basic realm="SpeedTouch (00-90-D0-71-DB-67)"
WWW-Authenticate: Basic realm="SpeedTouch (00-90-D0-71-DB-6F)"
WWW-Authenticate: Basic realm="SpeedTouch (00-90-D0-71-DB-79)"
WWW-Authenticate: Basic realm="SpeedTouch (00-90-D0-71-DB-81)"
WWW-Authenticate: Basic realm="SpeedTouch (00-90-D0-71-DB-A5)"
WWW-Authenticate: Basic realm="SpeedTouch (00-90-D0-71-DB-C5)"
WWW-Authenticate: Basic realm="SpeedTouch (00-90-D0-71-DC-4C)"
WWW-Authenticate: Basic realm="SpeedTouch (00-90-D0-71-DC-98)"
WWW-Authenticate: Basic realm="SpeedTouch (00-90-D0-71-DC-F3)"
WWW-Authenticate: Basic realm="SpeedTouch (00-90-D0-71-DC-F7)"
WWW-Authenticate: Basic realm="SpeedTouch (00-90-D0-71-DD-45)"
WWW-Authenticate: Basic realm="SpeedTouch (00-90-D0-71-DD-4C)"
WWW-Authenticate: Basic realm="SpeedTouch (00-90-D0-71-DD-9D)"
WWW-Authenticate: Basic realm="SpeedTouch (00-90-D0-71-DE-9E)"
WWW-Authenticate: Basic realm="SpeedTouch (00-90-D0-71-DE-A3)"
WWW-Authenticate: Basic realm="SpeedTouch (00-90-D0-71-DE-A4)"
WWW-Authenticate: Basic realm="SpeedTouch (00-90-D0-71-DE-A7)"
WWW-Authenticate: Basic realm="SpeedTouch (00-90-D0-71-DE-ED)"
WWW-Authenticate: Basic realm="SpeedTouch (00-90-D0-71-DF-01)"
WWW-Authenticate: Basic realm="SpeedTouch (00-90-D0-72-42-D6)"
WWW-Authenticate: Basic realm="SpeedTouch (00-90-D0-72-43-02)"
WWW-Authenticate: Basic realm="SpeedTouch (00-90-D0-72-87-A6)"
WWW-Authenticate: Basic realm="SpeedTouch (00-90-D0-72-88-A8)"
WWW-Authenticate: Basic realm="SpeedTouch (00-90-D0-72-8C-A8)"
WWW-Authenticate: Basic realm="SpeedTouch (00-90-D0-72-8C-DB)"
WWW-Authenticate: Basic realm="SpeedTouch (00-90-D0-72-8D-29)"
WWW-Authenticate: Basic realm="SpeedTouch (00-90-D0-72-8D-3A)"
WWW-Authenticate: Basic realm="SpeedTouch (00-90-D0-72-8D-62)"
WWW-Authenticate: Basic realm="SpeedTouch (00-90-D0-72-8D-79)"
WWW-Authenticate: Basic realm="SpeedTouch (00-90-D0-72-8E-75)"
WWW-Authenticate: Basic realm="SpeedTouch (00-90-D0-72-8E-CD)"
WWW-Authenticate: Basic realm="SpeedTouch (00-90-D0-72-8E-CF)"
WWW-Authenticate: Basic realm="SpeedTouch (00-90-D0-72-8F-38)"
WWW-Authenticate: Basic realm="SpeedTouch (00-90-D0-72-8F-AE)"
WWW-Authenticate: Basic realm="SpeedTouch (00-90-D0-72-8F-AF)"
WWW-Authenticate: Basic realm="SpeedTouch (00-90-D0-72-8F-B9)"
WWW-Authenticate: Basic realm="SpeedTouch (00-90-D0-72-8F-E1)"
WWW-Authenticate: Basic realm="SpeedTouch (00-90-D0-72-8F-EE)"
WWW-Authenticate: Basic realm="SpeedTouch (00-90-D0-72-90-97)"
WWW-Authenticate: Basic realm="SpeedTouch (00-90-D0-72-90-A0)"
WWW-Authenticate: Basic realm="SpeedTouch (00-90-D0-72-90-A3)"
WWW-Authenticate: Basic realm="SpeedTouch (00-90-D0-72-91-C1)"
WWW-Authenticate: Basic realm="SpeedTouch (00-90-D0-72-91-C7)"
WWW-Authenticate: Basic realm="SpeedTouch (00-90-D0-75-C0-BA)"
WWW-Authenticate: Basic realm="SpeedTouch (00-90-D0-77-22-28)"
WWW-Authenticate: Basic realm="SpeedTouch (00-90-D0-77-30-96)"
WWW-Authenticate: Basic realm="SpeedTouch (00-90-D0-79-2E-5A)"
WWW-Authenticate: Basic realm="SpeedTouch (00-90-D0-79-2E-7E)"
WWW-Authenticate: Basic realm="SpeedTouch (00-90-D0-79-2E-81)"
WWW-Authenticate: Basic realm="SpeedTouch (00-90-D0-79-C4-38)"
WWW-Authenticate: Basic realm="SpeedTouch (00-90-D0-79-C4-3E)"
WWW-Authenticate: Basic realm="SpeedTouch (00-90-D0-79-C4-4D)"
WWW-Authenticate: Basic realm="SpeedTouch (00-90-D0-79-CA-5C)"
WWW-Authenticate: Basic realm="SpeedTouch (00-90-D0-79-D0-35)"
WWW-Authenticate: Basic realm="SpeedTouch (00-90-D0-79-E9-51)"
WWW-Authenticate: Basic realm="SpeedTouch (00-90-D0-79-EC-28)"
WWW-Authenticate: Basic realm="SpeedTouch (00-90-D0-7D-8E-B3)"
WWW-Authenticate: Basic realm="SpeedTouch (00-90-D0-8E-8E-84)"
WWW-Authenticate: Basic realm="SpeedTouch (00-90-D0-8E-8E-BF)"
WWW-Authenticate: Basic realm="SpeedTouch (00-90-D0-8E-8E-E3)"
WWW-Authenticate: Basic realm="SpeedTouch (00-90-D0-8E-91-2E)"
WWW-Authenticate: Basic realm="SpeedTouch (00-90-D0-8E-91-4A)"
WWW-Authenticate: Basic realm="SpeedTouch (00-90-D0-8E-91-A2)"
WWW-Authenticate: Basic realm="SpeedTouch (00-90-D0-8E-91-B0)"
WWW-Authenticate: Basic realm="SpeedTouch (00-90-D0-8E-91-C5)"
WWW-Authenticate: Basic realm="SpeedTouch (00-90-D0-8E-91-C6)"
WWW-Authenticate: Basic realm="SpeedTouch (00-90-D0-8E-91-CD)"
WWW-Authenticate: Basic realm="SpeedTouch (00-90-D0-8E-91-D6)"
WWW-Authenticate: Basic realm="SpeedTouch (00-90-D0-8E-91-D7)"
WWW-Authenticate: Basic realm="SpeedTouch (00-90-D0-8E-91-EC)"
WWW-Authenticate: Basic realm="SpeedTouch (00-90-D0-8E-92-26)"
WWW-Authenticate: Basic realm="SpeedTouch (00-90-D0-8E-92-3D)"
WWW-Authenticate: Basic realm="SpeedTouch (00-90-D0-8E-92-5C)"
WWW-Authenticate: Basic realm="SpeedTouch (00-90-D0-8E-92-5E)"
WWW-Authenticate: Basic realm="SpeedTouch (00-90-D0-8E-92-C1)"
WWW-Authenticate: Basic realm="SpeedTouch (00-90-D0-8E-92-CF)"
WWW-Authenticate: Basic realm="SpeedTouch (00-90-D0-8E-92-E0)"
WWW-Authenticate: Basic realm="SpeedTouch (00-90-D0-8E-92-E3)"
WWW-Authenticate: Basic realm="SpeedTouch (00-90-D0-8E-92-EC)"
WWW-Authenticate: Basic realm="SpeedTouch (00-90-D0-8E-93-00)"
WWW-Authenticate: Basic realm="SpeedTouch (00-90-D0-8E-93-6F)"
WWW-Authenticate: Basic realm="SpeedTouch (00-90-D0-8E-93-B8)"
WWW-Authenticate: Basic realm="SpeedTouch (00-90-D0-8E-93-CA)"
WWW-Authenticate: Basic realm="SpeedTouch (00-90-D0-8E-93-D1)"
WWW-Authenticate: Basic realm="SpeedTouch (00-90-D0-8E-94-59)"
WWW-Authenticate: Basic realm="SpeedTouch (00-90-D0-8E-94-A2)"
WWW-Authenticate: Basic realm="SpeedTouch (00-90-D0-8E-94-E9)"
WWW-Authenticate: Basic realm="SpeedTouch (00-90-D0-93-22-A0)"
WWW-Authenticate: Basic realm="SpeedTouch (00-90-D0-93-22-E7)"
WWW-Authenticate: Basic realm="SpeedTouch (00-90-D0-93-23-25)"
WWW-Authenticate: Basic realm="SpeedTouch (00-90-D0-93-25-1A)"
WWW-Authenticate: Basic realm="SpeedTouch (00-90-D0-93-25-4E)"
WWW-Authenticate: Basic realm="SpeedTouch (00-90-D0-93-25-95)"
WWW-Authenticate: Basic realm="SpeedTouch (00-90-D0-93-25-CC)"
WWW-Authenticate: Basic realm="SpeedTouch (00-90-D0-93-25-E0)"
WWW-Authenticate: Basic realm="SpeedTouch (00-90-D0-93-26-00)"
WWW-Authenticate: Basic realm="SpeedTouch (00-90-D0-93-26-7A)"
WWW-Authenticate: Basic realm="SpeedTouch (00-90-D0-93-26-D2)"
WWW-Authenticate: Basic realm="SpeedTouch (00-90-D0-93-34-3B)"
WWW-Authenticate: Basic realm="SpeedTouch (00-90-D0-93-37-2C)"
WWW-Authenticate: Basic realm="SpeedTouch (00-90-D0-93-38-27)"
WWW-Authenticate: Basic realm="SpeedTouch (00-90-D0-93-38-68)"
WWW-Authenticate: Basic realm="SpeedTouch (00-90-D0-93-38-E8)"
WWW-Authenticate: Basic realm="SpeedTouch (00-90-D0-96-03-BC)"
WWW-Authenticate: Basic realm="SpeedTouch (00-90-D0-96-03-CF)"
WWW-Authenticate: Basic realm="SpeedTouch (00-90-D0-96-03-FA)"
WWW-Authenticate: Basic realm="SpeedTouch (00-90-D0-96-04-20)"
WWW-Authenticate: Basic realm="SpeedTouch (00-90-D0-96-04-55)"
WWW-Authenticate: Basic realm="SpeedTouch (00-90-D0-96-04-57)"
WWW-Authenticate: Basic realm="SpeedTouch (00-90-D0-96-04-58)"
WWW-Authenticate: Basic realm="SpeedTouch (00-90-D0-96-04-66)"
WWW-Authenticate: Basic realm="SpeedTouch (00-90-D0-96-04-79)"
WWW-Authenticate: Basic realm="SpeedTouch (00-90-D0-96-04-92)"
WWW-Authenticate: Basic realm="SpeedTouch (00-90-D0-96-06-0E)"
WWW-Authenticate: Basic realm="SpeedTouch (00-90-D0-96-06-3B)"
WWW-Authenticate: Basic realm="SpeedTouch (00-90-D0-96-06-43)"
WWW-Authenticate: Basic realm="SpeedTouch (00-90-D0-96-06-A8)"
WWW-Authenticate: Basic realm="SpeedTouch (00-90-D0-96-07-1E)"
WWW-Authenticate: Basic realm="SpeedTouch (00-90-D0-96-07-3E)"
WWW-Authenticate: Basic realm="SpeedTouch (00-90-D0-96-07-4F)"
WWW-Authenticate: Basic realm="SpeedTouch (00-90-D0-96-07-65)"
WWW-Authenticate: Basic realm="SpeedTouch (00-90-D0-96-07-6F)"
WWW-Authenticate: Basic realm="SpeedTouch (00-90-D0-96-07-93)"
WWW-Authenticate: Basic realm="SpeedTouch (00-90-D0-97-51-55)"
WWW-Authenticate: Basic realm="SpeedTouch (00-90-D0-97-51-72)"
WWW-Authenticate: Basic realm="SpeedTouch (00-90-D0-97-51-76)"
WWW-Authenticate: Basic realm="SpeedTouch (00-90-D0-97-51-A7)"
WWW-Authenticate: Basic realm="SpeedTouch (00-90-D0-97-51-AD)"
WWW-Authenticate: Basic realm="SpeedTouch (00-90-D0-97-51-B9)"
WWW-Authenticate: Basic realm="SpeedTouch (00-90-D0-97-51-DE)"
WWW-Authenticate: Basic realm="SpeedTouch (00-90-D0-97-51-F7)"
WWW-Authenticate: Basic realm="SpeedTouch (00-90-D0-97-52-7A)"
WWW-Authenticate: Basic realm="SpeedTouch (00-90-D0-97-52-ED)"
WWW-Authenticate: Basic realm="SpeedTouch (00-90-D0-97-53-0B)"
WWW-Authenticate: Basic realm="SpeedTouch (00-90-D0-97-53-72)"
WWW-Authenticate: Basic realm="SpeedTouch (00-90-D0-97-53-7C)"
WWW-Authenticate: Basic realm="SpeedTouch (00-90-D0-97-54-18)"
WWW-Authenticate: Basic realm="SpeedTouch (00-90-D0-97-54-33)"
WWW-Authenticate: Basic realm="SpeedTouch (00-90-D0-97-54-5C)"
WWW-Authenticate: Basic realm="SpeedTouch (00-90-D0-97-54-6A)"
WWW-Authenticate: Basic realm="SpeedTouch (00-90-D0-97-54-6D)"
WWW-Authenticate: Basic realm="SpeedTouch (00-90-D0-97-54-82)"
WWW-Authenticate: Basic realm="SpeedTouch (00-90-D0-97-55-0F)"
WWW-Authenticate: Basic realm="SpeedTouch (00-90-D0-97-55-13)"
WWW-Authenticate: Basic realm="SpeedTouch (00-90-D0-97-55-3A)"
WWW-Authenticate: Basic realm="SpeedTouch (00-90-D0-97-55-43)"
WWW-Authenticate: Basic realm="SpeedTouch (00-90-D0-97-58-C9)"
WWW-Authenticate: Basic realm="SpeedTouch (00-90-D0-97-58-EA)"
WWW-Authenticate: Basic realm="SpeedTouch (00-90-D0-AB-27-6F)"
WWW-Authenticate: Basic realm="SpeedTouch (00-90-D0-AB-27-76)"
WWW-Authenticate: Basic realm="SpeedTouch (00-90-D0-AB-27-80)"
WWW-Authenticate: Basic realm="SpeedTouch (00-90-D0-AB-28-25)"
WWW-Authenticate: Basic realm="SpeedTouch (00-90-D0-AB-2A-33)"
WWW-Authenticate: Basic realm="SpeedTouch (00-90-D0-AB-2A-64)"
WWW-Authenticate: Basic realm="SpeedTouch (00-90-D0-AB-2A-8C)"
WWW-Authenticate: Basic realm="SpeedTouch (00-90-D0-AB-2A-AF)"
WWW-Authenticate: Basic realm="SpeedTouch (00-90-D0-AB-2A-BA)"
WWW-Authenticate: Basic realm="SpeedTouch (00-90-D0-AB-2A-EB)"
WWW-Authenticate: Basic realm="SpeedTouch (00-90-D0-AB-2B-13)"
WWW-Authenticate: Basic realm="SpeedTouch (00-90-D0-AB-2B-4C)"
WWW-Authenticate: Basic realm="SpeedTouch (00-90-D0-AB-2B-4E)"
WWW-Authenticate: Basic realm="SpeedTouch (00-90-D0-AB-2B-5E)"
WWW-Authenticate: Basic realm="SpeedTouch (00-90-D0-AB-2B-70)"
WWW-Authenticate: Basic realm="SpeedTouch (00-90-D0-AB-2B-87)"
WWW-Authenticate: Basic realm="SpeedTouch (00-90-D0-AB-2B-89)"
WWW-Authenticate: Basic realm="SpeedTouch (00-90-D0-AB-2B-96)"
WWW-Authenticate: Basic realm="SpeedTouch (00-90-D0-AB-2C-11)"
WWW-Authenticate: Basic realm="SpeedTouch (00-90-D0-AB-2C-20)"
WWW-Authenticate: Basic realm="SpeedTouch (00-90-D0-AB-2C-3C)"
WWW-Authenticate: Basic realm="SpeedTouch (00-90-D0-AB-2C-42)"
WWW-Authenticate: Basic realm="SpeedTouch (00-90-D0-AB-2C-54)"
WWW-Authenticate: Basic realm="SpeedTouch (00-90-D0-AB-2C-75)"
WWW-Authenticate: Basic realm="SpeedTouch (00-90-D0-AB-2C-78)"
WWW-Authenticate: Basic realm="SpeedTouch (00-90-D0-AB-2C-C3)"
WWW-Authenticate: Basic realm="SpeedTouch (00-90-D0-AB-2C-C9)"
WWW-Authenticate: Basic realm="SpeedTouch (00-90-D0-AB-2C-CB)"
WWW-Authenticate: Basic realm="SpeedTouch (00-90-D0-AB-2D-73)"
WWW-Authenticate: Basic realm="SpeedTouch (00-90-D0-AB-2D-8A)"
WWW-Authenticate: Basic realm="SpeedTouch (00-90-D0-AB-2D-A3)"
WWW-Authenticate: Basic realm="SpeedTouch (00-90-D0-AB-2D-AB)"
WWW-Authenticate: Basic realm="SpeedTouch (00-90-D0-AB-2E-34)"
WWW-Authenticate: Basic realm="SpeedTouch (00-90-D0-AB-2E-BA)"
WWW-Authenticate: Basic realm="SpeedTouch (00-90-D0-AB-2F-B3)"
WWW-Authenticate: Basic realm="SpeedTouch (00-90-D0-AB-32-69)"
WWW-Authenticate: Basic realm="SpeedTouch (00-90-D0-AB-33-7D)"
WWW-Authenticate: Basic realm="SpeedTouch (00-90-D0-AB-34-CA)"
WWW-Authenticate: Basic realm="SpeedTouch (00-90-D0-AB-34-D8)"
WWW-Authenticate: Basic realm="SpeedTouch (00-90-D0-AB-34-DF)"
WWW-Authenticate: Basic realm="SpeedTouch (00-90-D0-AB-34-F0)"
WWW-Authenticate: Basic realm="SpeedTouch (00-90-D0-AB-34-FF)"
WWW-Authenticate: Basic realm="SpeedTouch (00-90-D0-AB-35-0A)"
WWW-Authenticate: Basic realm="SpeedTouch (00-90-D0-AB-35-42)"
WWW-Authenticate: Basic realm="SpeedTouch (00-90-D0-AB-35-70)"
WWW-Authenticate: Basic realm="SpeedTouch (00-90-D0-AB-35-7C)"
WWW-Authenticate: Basic realm="SpeedTouch (00-90-D0-AB-35-9B)"
WWW-Authenticate: Basic realm="SpeedTouch (00-90-D0-AB-35-FB)"
WWW-Authenticate: Basic realm="SpeedTouch (00-90-D0-AB-36-36)"
WWW-Authenticate: Basic realm="SpeedTouch (00-90-D0-AB-36-D2)"
WWW-Authenticate: Basic realm="SpeedTouch (00-90-D0-AB-36-E7)"
WWW-Authenticate: Basic realm="SpeedTouch (00-90-D0-AB-36-FA)"
WWW-Authenticate: Basic realm="SpeedTouch (00-90-D0-AB-37-00)"
WWW-Authenticate: Basic realm="SpeedTouch (00-90-D0-AB-39-B9)"
WWW-Authenticate: Basic realm="SpeedTouch (00-90-D0-AB-39-CC)"
WWW-Authenticate: Basic realm="SpeedTouch (00-90-D0-AB-39-E7)"
WWW-Authenticate: Basic realm="SpeedTouch (00-90-D0-AB-39-E8)"
WWW-Authenticate: Basic realm="SpeedTouch (00-90-D0-AB-39-ED)"
WWW-Authenticate: Basic realm="SpeedTouch (00-90-D0-AB-39-F9)"
WWW-Authenticate: Basic realm="SpeedTouch (00-90-D0-AB-3A-0C)"
WWW-Authenticate: Basic realm="SpeedTouch (00-90-D0-AB-3A-3B)"
WWW-Authenticate: Basic realm="SpeedTouch (00-90-D0-AB-3A-E2)"
WWW-Authenticate: Basic realm="SpeedTouch (00-90-D0-AB-3B-15)"
WWW-Authenticate: Basic realm="SpeedTouch (00-90-D0-AB-3B-24)"
WWW-Authenticate: Basic realm="SpeedTouch (00-90-D0-AB-3B-2F)"
WWW-Authenticate: Basic realm="SpeedTouch (00-90-D0-AB-3B-37)"
WWW-Authenticate: Basic realm="SpeedTouch (00-90-D0-AB-3B-4C)"
WWW-Authenticate: Basic realm="SpeedTouch (00-90-D0-AB-3B-4E)"
WWW-Authenticate: Basic realm="SpeedTouch (00-90-D0-AB-3B-64)"
WWW-Authenticate: Basic realm="SpeedTouch (00-90-D0-AB-3B-A2)"
WWW-Authenticate: Basic realm="SpeedTouch (00-90-D0-AB-3C-00)"
WWW-Authenticate: Basic realm="SpeedTouch (00-90-D0-AB-3C-07)"
WWW-Authenticate: Basic realm="SpeedTouch (00-90-D0-AB-3C-21)"
WWW-Authenticate: Basic realm="SpeedTouch (00-90-D0-AB-3C-28)"
WWW-Authenticate: Basic realm="SpeedTouch (00-90-D0-AB-3C-2B)"
WWW-Authenticate: Basic realm="SpeedTouch (00-90-D0-AB-3C-2D)"
WWW-Authenticate: Basic realm="SpeedTouch (00-90-D0-AB-3C-5C)"
WWW-Authenticate: Basic realm="SpeedTouch (00-90-D0-AB-8E-55)"
WWW-Authenticate: Basic realm="SpeedTouch (00-90-D0-AB-8E-56)"
WWW-Authenticate: Basic realm="SpeedTouch (00-90-D0-AB-8E-6B)"
WWW-Authenticate: Basic realm="SpeedTouch (00-90-D0-AB-B6-31)"
WWW-Authenticate: Basic realm="SpeedTouch (00-90-D0-AB-B6-3C)"
WWW-Authenticate: Basic realm="SpeedTouch (00-90-D0-AB-B6-46)"
WWW-Authenticate: Basic realm="SpeedTouch (00-90-D0-AB-B6-47)"
WWW-Authenticate: Basic realm="SpeedTouch (00-90-D0-AB-E1-E1)"
WWW-Authenticate: Basic realm="SpeedTouch (00-90-D0-AB-E2-87)"
WWW-Authenticate: Basic realm="SpeedTouch (00-90-D0-AB-E3-C9)"
WWW-Authenticate: Basic realm="SpeedTouch (00-90-D0-AB-EC-3F)"
WWW-Authenticate: Basic realm="SpeedTouch (00-90-D0-AB-ED-04)"
WWW-Authenticate: Basic realm="SpeedTouch (00-90-D0-AB-ED-1B)"
WWW-Authenticate: Basic realm="SpeedTouch (00-90-D0-AB-ED-28)"
WWW-Authenticate: Basic realm="SpeedTouch (00-90-D0-AB-EF-A1)"
WWW-Authenticate: Basic realm="SpeedTouch (00-90-D0-AB-F0-03)"
WWW-Authenticate: Basic realm="SpeedTouch (00-90-D0-AB-F0-2A)"
WWW-Authenticate: Basic realm="SpeedTouch (00-90-D0-AB-F0-31)"
WWW-Authenticate: Basic realm="SpeedTouch (00-90-D0-AB-F0-39)"
WWW-Authenticate: Basic realm="SpeedTouch (00-90-D0-AB-F0-3B)"
WWW-Authenticate: Basic realm="SpeedTouch (00-90-D0-AB-F0-3D)"
WWW-Authenticate: Basic realm="SpeedTouch (00-90-D0-AB-F0-4E)"
WWW-Authenticate: Basic realm="SpeedTouch (00-90-D0-AB-F0-5B)"
WWW-Authenticate: Basic realm="SpeedTouch (00-90-D0-AB-F0-76)"
WWW-Authenticate: Basic realm="SpeedTouch (00-90-D0-AB-F5-38)"
WWW-Authenticate: Basic realm="SpeedTouch (00-90-D0-AB-F5-B3)"
WWW-Authenticate: Basic realm="SpeedTouch (00-90-D0-AB-F5-F6)"
WWW-Authenticate: Basic realm="SpeedTouch (00-90-D0-AC-36-47)"
WWW-Authenticate: Basic realm="SpeedTouch (00-90-D0-AC-36-5F)"
WWW-Authenticate: Basic realm="SpeedTouch (00-90-D0-AC-36-62)"
WWW-Authenticate: Basic realm="SpeedTouch (00-90-D0-AC-36-9C)"
WWW-Authenticate: Basic realm="SpeedTouch (00-90-D0-AC-36-A2)"
WWW-Authenticate: Basic realm="SpeedTouch (00-90-D0-AC-36-BC)"
WWW-Authenticate: Basic realm="SpeedTouch (00-90-D0-AC-36-F6)"
WWW-Authenticate: Basic realm="SpeedTouch (00-90-D0-AC-37-33)"
WWW-Authenticate: Basic realm="SpeedTouch (00-90-D0-AC-37-36)"
WWW-Authenticate: Basic realm="SpeedTouch (00-90-D0-AC-37-44)"
WWW-Authenticate: Basic realm="SpeedTouch (00-90-D0-AC-37-5B)"
WWW-Authenticate: Basic realm="SpeedTouch (00-90-D0-AC-37-6B)"
WWW-Authenticate: Basic realm="SpeedTouch (00-90-D0-AC-37-8D)"
WWW-Authenticate: Basic realm="SpeedTouch (00-90-D0-AC-38-0B)"
WWW-Authenticate: Basic realm="SpeedTouch (00-90-D0-AC-38-2B)"
WWW-Authenticate: Basic realm="SpeedTouch (00-90-D0-AC-38-6A)"
WWW-Authenticate: Basic realm="SpeedTouch (00-90-D0-AC-38-AA)"
WWW-Authenticate: Basic realm="SpeedTouch (00-90-D0-AC-38-DA)"
WWW-Authenticate: Basic realm="SpeedTouch (00-90-D0-AC-38-E7)"
WWW-Authenticate: Basic realm="SpeedTouch (00-90-D0-AC-39-82)"
WWW-Authenticate: Basic realm="SpeedTouch (00-90-D0-AC-39-A5)"
WWW-Authenticate: Basic realm="SpeedTouch (00-90-D0-AC-3A-05)"
WWW-Authenticate: Basic realm="SpeedTouch (00-90-D0-AC-3A-41)"
WWW-Authenticate: Basic realm="SpeedTouch (00-90-D0-AC-3A-FD)"
WWW-Authenticate: Basic realm="SpeedTouch (00-90-D0-AC-3B-14)"
WWW-Authenticate: Basic realm="SpeedTouch (00-90-D0-AC-7B-96)"
WWW-Authenticate: Basic realm="SpeedTouch (00-90-D0-F5-26-E8)"
WWW-Authenticate: Basic realm="SpeedTouch (00-90-D0-F5-27-57)"
WWW-Authenticate: Basic realm="SpeedTouch (00-90-D0-F5-27-A7)"
WWW-Authenticate: Basic realm="SpeedTouch (00-90-D0-F5-27-D0)"
WWW-Authenticate: Basic realm="SpeedTouch (00-90-D0-F5-27-E4)"
WWW-Authenticate: Basic realm="SpeedTouch (00-90-D0-F5-28-4B)"
WWW-Authenticate: Basic realm="SpeedTouch (00-90-D0-F5-28-8E)"
WWW-Authenticate: Basic realm="SpeedTouch (00-90-D0-F5-28-B9)"
WWW-Authenticate: Basic realm="SpeedTouch (00-90-D0-F5-29-42)"
WWW-Authenticate: Basic realm="SpeedTouch (00-90-D0-F5-29-67)"
WWW-Authenticate: Basic realm="SpeedTouch (00-90-D0-F5-29-9F)"
WWW-Authenticate: Basic realm="SpeedTouch (00-90-D0-F5-29-B2)"
WWW-Authenticate: Basic realm="SpeedTouch (00-90-D0-F5-2A-7C)"
WWW-Authenticate: Basic realm="SpeedTouch (00-90-D0-F5-2A-DF)"
WWW-Authenticate: Basic realm="SpeedTouch (00-90-D0-F5-2B-A5)"
WWW-Authenticate: Basic realm="SpeedTouch (00-90-D0-F5-2C-55)"
WWW-Authenticate: Basic realm="SpeedTouch (00-90-D0-F5-2C-A2)"
WWW-Authenticate: Basic realm="SpeedTouch (00-90-D0-F5-2C-BB)"
WWW-Authenticate: Basic realm="SpeedTouch (00-90-D0-F5-2C-E6)"
WWW-Authenticate: Basic realm="SpeedTouch (00-90-D0-F5-2D-A9)"
WWW-Authenticate: Basic realm="SpeedTouch (00-90-D0-F5-2E-11)"
WWW-Authenticate: Basic realm="SpeedTouch (00-90-D0-F5-2E-54)"
WWW-Authenticate: Basic realm="SpeedTouch (00-90-D0-F5-2E-D7)"
WWW-Authenticate: Basic realm="SpeedTouch (00-90-D0-F5-2E-FF)"
WWW-Authenticate: Basic realm="SpeedTouch (00-90-D0-F5-2F-F3)"
WWW-Authenticate: Basic realm="SpeedTouch (00-90-D0-F5-30-AD)"
WWW-Authenticate: Basic realm="SpeedTouch (00-90-D0-F5-39-82)"
WWW-Authenticate: Basic realm="SpeedTouch (00-90-D0-F5-3B-D2)"
WWW-Authenticate: Basic realm="SpeedTouch (00-90-D0-F5-3C-02)"
WWW-Authenticate: Basic realm="SpeedTouch (00-90-D0-F5-3C-17)"
WWW-Authenticate: Basic realm="SpeedTouch (00-90-D0-F5-3C-30)"
WWW-Authenticate: Basic realm="SpeedTouch (00-90-D0-F5-3C-6E)"
WWW-Authenticate: Basic realm="SpeedTouch (00-90-D0-F5-3D-23)"
WWW-Authenticate: Basic realm="SpeedTouch (00-90-D0-F8-04-45)"
WWW-Authenticate: Basic realm="SpeedTouch (00-90-D0-F8-04-87)"
WWW-Authenticate: Basic realm="SpeedTouch (00-90-D0-F8-04-FA)"
WWW-Authenticate: Basic realm="SpeedTouch (00-90-D0-F8-05-83)"
WWW-Authenticate: Basic realm="SpeedTouch (00-90-D0-F8-05-C4)"
WWW-Authenticate: Basic realm="SpeedTouch (00-90-D0-F8-05-D2)"
WWW-Authenticate: Basic realm="SpeedTouch (00-90-D0-F8-06-02)"
WWW-Authenticate: Basic realm="SpeedTouch (00-90-D0-F8-06-05)"
WWW-Authenticate: Basic realm="SpeedTouch (00-90-D0-F8-06-17)"
WWW-Authenticate: Basic realm="SpeedTouch (00-90-D0-F8-06-45)"
WWW-Authenticate: Basic realm="SpeedTouch (00-90-D0-F8-06-E5)"
WWW-Authenticate: Basic realm="SpeedTouch (00-90-D0-F8-07-23)"
WWW-Authenticate: Basic realm="SpeedTouch (00-90-D0-F8-07-44)"
WWW-Authenticate: Basic realm="SpeedTouch (00-90-D0-F8-07-6D)"
WWW-Authenticate: Basic realm="SpeedTouch (00-90-D0-F8-56-0F)"
WWW-Authenticate: Basic realm="SpeedTouch (00-90-D0-F8-56-1F)"
WWW-Authenticate: Basic realm="SpeedTouch (00-90-D0-F8-56-8B)"
WWW-Authenticate: Basic realm="SpeedTouch (00-90-D0-F8-56-97)"
WWW-Authenticate: Basic realm="SpeedTouch (00-90-D0-F8-6C-C6)"
WWW-Authenticate: Basic realm="SpeedTouch (00-90-D0-F8-6D-06)"
WWW-Authenticate: Basic realm="SpeedTouch (00-90-D0-F8-6D-A3)"
WWW-Authenticate: Basic realm="SpeedTouch (00-90-D0-F8-81-E3)"
WWW-Authenticate: Basic realm="SpeedTouch (00-90-D0-F8-82-7A)"
WWW-Authenticate: Basic realm="SpeedTouch (00-90-D0-F8-C8-B7)"
WWW-Authenticate: Basic realm="SpeedTouch (00-90-D0-F9-63-7E)"
WWW-Authenticate: Basic realm="SpeedTouch (00-90-D0-F9-66-1D)"
WWW-Authenticate: Basic realm="SpeedTouch (00-90-D0-F9-71-E8)"
WWW-Authenticate: Basic realm="SpeedTouch (00-90-D0-F9-71-F9)"
WWW-Authenticate: Basic realm="SpeedTouch (00-90-D0-F9-73-B4)"
WWW-Authenticate: Basic realm="SpeedTouch (00-90-D0-F9-73-E4)"
WWW-Authenticate: Basic realm="SpeedTouch (00-90-D0-F9-74-4B)"
WWW-Authenticate: Basic realm="SpeedTouch (00-90-D0-F9-74-D4)"
WWW-Authenticate: Basic realm="SpeedTouch (00-90-D0-F9-74-EA)"
WWW-Authenticate: Basic realm="SpeedTouch (00-90-D0-F9-74-F4)"
WWW-Authenticate: Basic realm="SpeedTouch (00-90-D0-F9-75-16)"
WWW-Authenticate: Basic realm="SpeedTouch (00-90-D0-F9-84-85)"
WWW-Authenticate: Basic realm="SpeedTouch (00-90-D0-F9-85-DF)"
WWW-Authenticate: Basic realm="SpeedTouch (00-90-D0-F9-99-97)"
WWW-Authenticate: Basic realm="STOCKERAU"
WWW-Authenticate: Basic realm="streaming_server"
WWW-Authenticate: Basic realm="STRVP01"
WWW-Authenticate: Basic realm="Switched Rack PDU"
WWW-Authenticate: Basic realm="SYS LINK"
WWW-Authenticate: Basic realm="Tabak 1050  Camera"
WWW-Authenticate: Basic realm="TCC-St.P"
WWW-Authenticate: Basic realm="Teledat DSL Router Komfort"
WWW-Authenticate: Basic realm="Thomson Gateway"
WWW-Authenticate: Basic realm="TP-LINK Wireless Router WR340G"
WWW-Authenticate: Basic realm="Traffic-Monitoring-System"
WWW-Authenticate: Basic realm="Transmission"
WWW-Authenticate: Basic realm="TVIP10000
WWW-Authenticate: Basic realm="TVIP10050
WWW-Authenticate: Basic realm="TVIP20550
WWW-Authenticate: Basic realm="TVIP21050"
WWW-Authenticate: Basic realm="TVIP21500"
WWW-Authenticate: Basic realm="TVIP51500"
WWW-Authenticate: Basic realm="UBNT"
WWW-authenticate: basic realm="User Authentication"
WWW-Authenticate: Basic realm="USR8054"
WWW-Authenticate: Basic realm="vdradmind"
WWW-Authenticate: Basic realm="Vienna"
WWW-Authenticate: Basic realm="VIEPE-RCO97185"
WWW-Authenticate: Basic realm="VIEPE-RCO97193"
WWW-Authenticate: Basic realm="VIEPE-RCO9725"
WWW-Authenticate: Basic realm="VIEPE-RCO9749"
WWW-Authenticate: Basic realm="VPN"
WWW-Authenticate: Basic realm="vpn1"
WWW-Authenticate: Basic realm="vsgruenau"
WWW-Authenticate: Basic realm="W_Cam_1"
WWW-Authenticate: Basic realm="web Admin"
WWW-Authenticate: Basic realm="WebCam Wien"
WWW-Authenticate: Basic realm="Web Manager"
WWW-Authenticate: Basic realm="Web Server Authentication"
WWW-Authenticate: Basic realm="Welcome to IPCam !"
WWW-Authenticate: Basic realm="WG602V3"
WWW-Authenticate: Basic realm="WGR614"
WWW-Authenticate: Basic realm="WGT634U"
WWW-Authenticate: Basic realm="Wireless Access Point"
WWW-Authenticate: Basic realm="Wireless Router (username: admin)"
WWW-Authenticate: Basic realm="WKO-Portal-Page Admins Access Only"
WWW-Authenticate: Basic realm="WL-2000CAM"
WWW-Authenticate: Basic realm="WL-5460AP v2"
WWW-Authenticate: Basic realm="WN-301R"
WWW-Authenticate: Basic realm="wolf"
WWW-Authenticate: Basic realm="WRT160NL"
WWW-Authenticate: Basic realm="WRT54GCv3"
WWW-Authenticate: Basic realm="wwwfoto"
WWW-Authenticate: Basic realm="xampp user"
WWW-Authenticate: Basic realm="XDove Restricted Access"
WWW-Authenticate: Basic realm="yhhtpd
WWW-Authenticate: Basic realm = "You need ID",
WWW-Authenticate: Basic realm="ZENZ.local"
WWW-Authenticate: Basic realm="ZPush"
