"QGV DEMO"
"dreambox"
"SpeedTouch (00-90-D0-23-03-52)"
"level_15_access"
"SpeedTouch (00-90-D0-F5-2D-A9)"
"SpeedTouch (00-90-D0-21-EA-7A)"
"SpeedTouch (00-90-D0-8E-92-CF)"
"SpeedTouch (00-90-D0-02-9D-DD)"
"Home Gateway"
"SpeedTouch (00-90-D0-71-DE-A3)"
"SpeedTouch (00-90-D0-8E-91-2E)"
"SpeedTouch (00-90-D0-22-02-23)"
"SpeedTouch (00-90-D0-72-8E-CD)"
"SpeedTouch (00-90-D0-AB-3C-2D)"
"level_15_access"
"SpeedTouch (00-90-D0-AB-3C-5C)"
"SpeedTouch (00-90-D0-02-9C-CE)"
"FCS-1040 P/T/Z IP Camera"
"SpeedTouch (00-90-D0-72-90-A3)"
"SpeedTouch (00-90-D0-0A-7F-7D)"
"SpeedTouch (00-90-D0-F5-29-B2)"
"SpeedTouch (00-90-D0-F8-04-87)"
"qgvalt"
"RP614v4"
"SpeedTouch (00-90-D0-21-0E-43)"
"SpeedTouch (00-90-D0-21-EA-90)"
"level_15 or view_access"
"NETGEAR DGN3500 "
"SpeedTouch (00-90-D0-AB-8E-56)"
""
"SpeedTouch (00-90-D0-72-91-C1)"
"SpeedTouch (00-90-D0-22-16-16)"
"Internet Camera"
"SpeedTouch (00-90-D0-75-C0-BA)"
"SpeedTouch (00-90-D0-23-3D-09)"
"Linksys BEFSR81"
"SpeedTouch (00-90-D0-31-FB-60)"
"FWStaff24-01"
"SpeedTouch (00-90-D0-71-DD-45)"
"NETGEAR DGN2000 "
"Wireless Router (username
"level_15_access"
"SpeedTouch (00-90-D0-02-9D-96)"
"SpeedTouch (00-90-D0-F9-74-D4)"
"Linksys WRV54G"
"SpeedTouch (00-90-D0-AB-F0-76)"
"Linksys WRV54G"
"SpeedTouch (00-90-D0-97-51-72)"
"SpeedTouch (00-90-D0-71-DB-6F)"
"SpeedTouch (00-90-D0-AB-3B-24)"
"SpeedTouch (00-90-D0-97-54-6D)"
"SpeedTouch (00-90-D0-AB-39-B9)"
"SpeedTouch (00-90-D0-23-1E-7D)"
"SpeedTouch (00-90-D0-F5-30-AD)"
"Login to the Router Web Configurator"
"SpeedTouch (00-90-D0-03-9E-35)"
"SpeedTouch (00-90-D0-AB-35-7C)"
"SpeedTouch (00-90-D0-AC-38-DA)"
"SpeedTouch (00-90-D0-33-3F-42)"
"SpeedTouch (00-90-D0-23-37-45)"
"SpeedTouch (00-90-D0-AB-36-E7)"
"Login to the Router Web Configurator"
"SpeedTouch (00-90-D0-97-51-AD)"
"SpeedTouch (00-90-D0-02-9C-CE)"
"WL-5460AP v2"
"SpeedTouch (00-90-D0-23-10-F5)"
"SpeedTouch (00-90-D0-0A-7F-35)"
"Login to the Router Web Configurator"
"SpeedTouch (00-90-D0-71-DB-A5)"
"SpeedTouch (00-90-D0-71-51-CD)"
"SpeedTouch (00-90-D0-F5-2A-7C)"
"SpeedTouch (00-90-D0-8E-92-C1)"
"SpeedTouch (00-90-D0-79-C4-3E)"
"SpeedTouch (00-90-D0-AC-3A-05)"
"SpeedTouch (00-90-D0-71-DD-9D)"
"Broadband Router"
"Linksys WAG54G"
"SpeedTouch (00-90-D0-71-CB-CD)"
"SpeedTouch (00-90-D0-F5-2B-A5)"
"SpeedTouch (00-90-D0-93-26-D2)"
"."
"SpeedTouch (00-90-D0-AB-2B-70)"
"SpeedTouch (00-90-D0-31-F2-59)"
"SpeedTouch (00-90-D0-33-0D-AB)"
"SpeedTouch (00-90-D0-72-90-A3)"
"SpeedTouch"
"SpeedTouch (00-90-D0-21-EA-27)"
"SpeedTouch (00-90-D0-71-42-A3)"
"DI-604"
"SpeedTouch (00-90-D0-96-06-3B)"
"SpeedTouch (00-90-D0-F8-06-17)"
"SpeedTouch (00-90-D0-71-DE-A3)"
"SpeedTouch (00-90-D0-AC-3A-05)"
""
"SpeedTouch (00-90-D0-21-0E-99)"
"SpeedTouch (00-90-D0-F5-2C-55)"
"SpeedTouch (00-90-D0-71-50-85)"
"SpeedTouch (00-90-D0-23-42-F3)"
"SpeedTouch (00-90-D0-0A-7F-7D)"
"level_15_access"
"level_15_access"
"SpeedTouch (00-90-D0-96-07-6F)"
"SpeedTouch (00-90-D0-AB-2C-11)"
"SpeedTouch (00-90-D0-AC-38-6A)"
"UBNT"
"SpeedTouch (00-90-D0-AC-38-6A)"
"SpeedTouch (00-90-D0-22-15-F0)"
"SpeedTouch (00-90-D0-22-09-FB)"
"Login to the Router Web Configurator"
"SpeedTouch (00-90-D0-F8-07-44)"
"SpeedTouch (00-90-D0-23-1E-E8)"
"SpeedTouch (00-90-D0-71-DE-9E)"
"SpeedTouch (00-90-D0-02-9C-E1)"
"SpeedTouch (00-90-D0-AC-37-33)"
"SpeedTouch (00-90-D0-23-37-1C)"
"SpeedTouch (00-90-D0-0A-76-6F)"
"level_15_access"
"SpeedTouch (00-90-D0-23-19-ED)"
"level_15_access"
"level_15_access"
"Funkkastl"
"SpeedTouch (00-90-D0-AB-8E-56)"
"SpeedTouch (00-90-D0-71-50-5E)"
"SpeedTouch (00-90-D0-02-9C-5C)"
"SpeedTouch (00-90-D0-8E-92-5E)"
"Linksys BEFVP41 V2"
"SpeedTouch (00-90-D0-0A-7B-CF)"
"SpeedTouch (00-90-D0-AC-38-2B)"
"SpeedTouch (00-90-D0-AB-3B-64)"
"level_15_access"
"SpeedTouch (00-90-D0-8E-91-D6)"
"SpeedTouch (00-90-D0-8E-91-D6)"
"SpeedTouch (00-90-D0-72-8D-3A)"
"Citrix Webgate"
"SpeedTouch (00-90-D0-AC-36-5F)"
"SpeedTouch (00-90-D0-21-0E-A6)"
"SpeedTouch (00-90-D0-03-99-B7)"
"dreambox"
"SpeedTouch (00-90-D0-79-2E-7E)"
"SpeedTouch (00-90-D0-96-04-66)"
""
"SpeedTouch (00-90-D0-33-04-E4)"
"SpeedTouch (00-90-D0-21-F8-A8)"
"SpeedTouch (00-90-D0-33-3D-CA)"
"dreambox"
"SpeedTouch (00-90-D0-AC-39-82)"
"level_15_access"
"SpeedTouch (00-90-D0-AB-2C-75)"
"SpeedTouch (00-90-D0-AB-3B-64)"
"SpeedTouch (00-90-D0-F5-2A-7C)"
"SpeedTouch (00-90-D0-23-1C-1A)"
"SpeedTouch (00-90-D0-23-42-F3)"
"SpeedTouch (00-90-D0-03-99-BB)"
"SpeedTouch (00-90-D0-93-25-E0)"
""
"SpeedTouch (00-90-D0-8E-91-A2)"
"HSG"
"SpeedTouch (00-90-D0-72-8F-AE)"
"SpeedTouch (00-90-D0-AB-2C-3C)"
"SpeedTouch (00-90-D0-72-90-A0)"
"Kamera Ost"
"SpeedTouch (00-90-D0-23-53-0E)"
"ADSL Router (ANNEX A)"
"SpeedTouch (00-90-D0-23-1A-AA)"
"SpeedTouch (00-90-D0-F5-2C-A2)"
"SpeedTouch (00-90-D0-F8-06-17)"
"SpeedTouch (00-90-D0-23-1B-94)"
"SpeedTouch (00-90-D0-71-CC-34)"
"SpeedTouch (00-90-D0-31-FB-69)"
"dreambox"
""
"SpeedTouch (00-90-D0-71-CB-E9)"
"SpeedTouch (00-90-D0-22-15-7E)"
"./control"
"SpeedTouch (00-90-D0-71-42-96)"
"SpeedTouch (00-90-D0-AC-3A-05)"
"SpeedTouch (00-90-D0-AB-39-ED)"
"192.168.0.5"
"lifw2"
"SpeedTouch (00-90-D0-AB-2B-13)"
"SpeedTouch (00-90-D0-31-F2-28)"
"SpeedTouch (00-90-D0-8E-92-26)"
"NETGEAR DG834GT "
"Linksys WAG54GS
"SpeedTouch (00-90-D0-97-53-0B)"
"Login to the Router Web Configurator"
"SpeedTouch (00-90-D0-23-05-53)"
"SpeedTouch (00-90-D0-F8-82-7A)"
"SpeedTouch (00-90-D0-79-D0-35)"
"dreambox"
"Linksys WRT300N"
"SpeedTouch (00-90-D0-22-02-23)"
"SpeedTouch (00-90-D0-33-3D-CA)"
"DI-624+"
"SpeedTouch (00-90-D0-8E-91-D6)"
"Login to the Router Web Configurator"
"SpeedTouch (00-90-D0-23-4C-28)"
"SpeedTouch (00-90-D0-96-07-65)"
"SpeedTouch (00-90-D0-AB-27-6F)"
"SpeedTouch (00-90-D0-AB-3C-07)"
"SpeedTouch (00-90-D0-F5-29-B2)"
"SpeedTouch (00-90-D0-21-EA-83)"
"SpeedTouch (00-90-D0-AB-F0-76)"
"SpeedTouch (00-90-D0-96-04-57)"
"SpeedTouch (00-90-D0-97-51-72)"
"dreambox"
"dreambox"
"SpeedTouch (00-90-D0-AB-39-E7)"
"SpeedTouch (00-90-D0-23-1E-43)"
"SpeedTouch (00-90-D0-F8-81-E3)"
"SpeedTouch (00-90-D0-23-1E-E8)"
""
"NeedPassword"
"SpeedTouch (00-90-D0-8E-92-5C)"
"SpeedTouch (00-90-D0-AC-7B-96)"
"SpeedTouch (00-90-D0-71-DE-ED)"
"dreambox"
"SpeedTouch (00-90-D0-23-44-53)"
"SpeedTouch (00-90-D0-72-90-A3)"
"SpeedTouch (00-90-D0-96-03-FA)"
"cdm-ip"
"SpeedTouch (00-90-D0-F8-04-45)"
"SpeedTouch (00-90-D0-02-9D-1A)"
"SpeedTouch (00-90-D0-F8-C8-B7)"
"SpeedTouch (00-90-D0-F5-28-8E)"
"SpeedTouch (00-90-D0-8E-91-C6)"
"SpeedTouch (00-90-D0-97-55-43)"
"SpeedTouch (00-90-D0-AC-3A-FD)"
"SpeedTouch (00-90-D0-0A-7D-00)"
"SpeedTouch (00-90-D0-8E-93-00)"
"SpeedTouch (00-90-D0-97-55-13)"
"Internet Camera"
"level_15_access"
"SpeedTouch (00-90-D0-AC-36-47)"
"SpeedTouch (00-90-D0-21-F0-12)"
"dreambox"
"NETGEAR DGN2000 "
"SpeedTouch (00-90-D0-AB-34-DF)"
"Login to the Router Web Configurator"
"Administration Tools"
"SpeedTouch (00-90-D0-AC-36-F6)"
""
"SpeedTouch (00-90-D0-AB-B6-47)"
"SpeedTouch (00-90-D0-22-09-F8)"
"SpeedTouch (00-90-D0-F5-28-8E)"
"SpeedTouch (00-90-D0-AB-2A-EB)"
"SpeedTouch (00-90-D0-23-05-53)"
"RP614v4"
"SpeedTouch"
"SpeedTouch (00-90-D0-72-91-C7)"
"NeedPassword"
"DI-624"
"SpeedTouch (00-90-D0-96-07-93)"
"SpeedTouch (00-90-D0-31-F8-BF)"
"SpeedTouch (00-90-D0-71-CB-FD)"
"MediaTek"
"SpeedTouch (00-90-D0-AC-38-DA)"
"DI-804HV"
"SpeedTouch (00-90-D0-AB-EC-3F)"
"SpeedTouch (00-90-D0-93-22-A0)"
"SpeedTouch (00-90-D0-F8-07-6D)"
"FW-1.      Reason
"SpeedTouch (00-90-D0-21-EA-72)"
"dreambox"
"SpeedTouch (00-90-D0-96-04-20)"
""
"SpeedTouch (00-90-D0-F5-3D-23)"
""
"SpeedTouch (00-90-D0-22-14-D7)"
"SpeedTouch (00-90-D0-AB-34-D8)"
"SpeedTouch (00-90-D0-96-07-93)"
"dreambox"
"SpeedTouch (00-90-D0-AB-3B-64)"
"dreambox"
"SpeedTouch (00-90-D0-AB-2C-20)"
"Login to the Router Web Configurator"
"SpeedTouch (00-90-D0-97-51-DE)"
"NeedPassword"
"SpeedTouch (00-90-D0-79-2E-5A)"
"SpeedTouch (00-90-D0-AB-2C-20)"
"SpeedTouch (00-90-D0-8E-8E-84)"
"SpeedTouch (00-90-D0-AB-2D-73)"
"SpeedTouch (00-90-D0-21-EA-72)"
"SpeedTouch (00-90-D0-22-17-0E)"
"dreambox"
"SpeedTouch (00-90-D0-AB-3B-4C)"
"level_15_access"
"SpeedTouch (00-90-D0-AB-2B-5E)"
"SpeedTouch (00-90-D0-8E-8E-BF)"
"SpeedTouch (00-90-D0-71-59-AD)"
"SpeedTouch (00-90-D0-79-CA-5C)"
"SpeedTouch (00-90-D0-8E-92-EC)"
"SpeedTouch (00-90-D0-AB-3B-37)"
"SpeedTouch (00-90-D0-F5-2D-A9)"
"SpeedTouch (00-90-D0-71-5A-54)"
"SpeedTouch (00-90-D0-72-91-C7)"
"dreambox"
"SpeedTouch (00-90-D0-75-C0-BA)"
"SpeedTouch (00-90-D0-71-DE-A7)"
"SpeedTouch (00-90-D0-AB-33-7D)"
"Login to the Router Web Configurator"
"RP614v4"
"SpeedTouch (00-90-D0-AB-2C-CB)"
"SpeedTouch (00-90-D0-0B-DD-34)"
"SpeedTouch (00-90-D0-AB-E2-87)"
"Login to the Router Web Configurator"
"SpeedTouch (00-90-D0-96-03-CF)"
"SpeedTouch (00-90-D0-71-DB-67)"
"Login to the Router Web Configurator"
"SpeedTouch (00-90-D0-97-51-A7)"
"SpeedTouch (00-90-D0-23-37-96)"
"level_15_access"
"dreambox"
"SpeedTouch (00-90-D0-AC-39-82)"
"RP614v4"
"SpeedTouch (00-90-D0-AB-3B-24)"
"SpeedTouch (00-90-D0-23-41-11)"
"SpeedTouch (00-90-D0-AC-39-82)"
"SpeedTouch (00-90-D0-71-DA-EB)"
"SpeedTouch (00-90-D0-21-0E-08)"
"SpeedTouch (00-90-D0-F5-2D-A9)"
"SpeedTouch (00-90-D0-21-FB-1E)"
"dreambox"
"DI-824VUP+"
"SpeedTouch (00-90-D0-AB-39-F9)"
"SpeedTouch (00-90-D0-96-07-4F)"
"SpeedTouch (00-90-D0-AB-2C-20)"
"SpeedTouch (00-90-D0-AB-B6-46)"
"SpeedTouch (00-90-D0-97-51-F7)"
"SpeedTouch (00-90-D0-23-1E-D3)"
"SpeedTouch (00-90-D0-71-DE-A7)"
"SpeedTouch (00-90-D0-8E-93-B8)"
"SpeedTouch (00-90-D0-23-24-EC)"
"SpeedTouch (00-90-D0-72-43-02)"
"SpeedTouch (00-90-D0-71-DE-A4)"
"SpeedTouch (00-90-D0-97-51-AD)"
"SpeedTouch (00-90-D0-97-51-76)"
"Wireless Router (username
"SpeedTouch (00-90-D0-AB-F0-31)"
"SpeedTouch (00-90-D0-F5-2F-F3)"
"cdm-ip"
"SpeedTouch (00-90-D0-AC-3A-FD)"
"SpeedTouch (00-90-D0-97-54-5C)"
"SpeedTouch (00-90-D0-AB-3C-00)"
"SpeedTouch (00-90-D0-23-1B-98)"
"SpeedTouch (00-90-D0-AB-2E-34)"
"Login to the Router Web Configurator"
"SpeedTouch (00-90-D0-97-55-0F)"
"SpeedTouch (00-90-D0-93-22-E7)"
"SpeedTouch (00-90-D0-97-58-C9)"
"Broadband Router"
"SpeedTouch (00-90-D0-F8-07-23)"
"dreambox"
"SpeedTouch (00-90-D0-71-42-EF)"
""
"gateway"
"SpeedTouch (00-90-D0-21-11-B8)"
"SpeedTouch (00-90-D0-F5-28-4B)"
"./cgi-bin"
"SpeedTouch (00-90-D0-AB-28-25)"
"SpeedTouch (00-90-D0-F8-06-17)"
"SpeedTouch (00-90-D0-AB-B6-31)"
"SpeedTouch (00-90-D0-71-DB-C5)"
"RP114"
"SpeedTouch (00-90-D0-96-07-6F)"
"intratec"
"cdm-ip"
"SpeedTouch (00-90-D0-AB-34-D8)"
"SpeedTouch (00-90-D0-96-06-A8)"
"SpeedTouch"
"SpeedTouch (00-90-D0-71-DB-81)"
"level_15_access"
"SpeedTouch (00-90-D0-23-28-73)"
"SpeedTouch (00-90-D0-F8-06-17)"
"SpeedTouch (00-90-D0-AC-38-DA)"
""
"SpeedTouch (00-90-D0-23-42-AA)"
"SpeedTouch (00-90-D0-21-EA-B2)"
"SpeedTouch (00-90-D0-AC-38-E7)"
"SpeedTouch (00-90-D0-97-54-82)"
"Transmission"
"SpeedTouch (00-90-D0-93-25-CC)"
"SpeedTouch (00-90-D0-8E-91-C6)"
"SpeedTouch (00-90-D0-8E-91-4A)"
"SpeedTouch (00-90-D0-AC-7B-96)"
"SpeedTouch (00-90-D0-AB-35-0A)"
"SpeedTouch (00-90-D0-96-03-FA)"
"level 15 access"
"SpeedTouch (00-90-D0-8E-94-59)"
"level_15_access"
"SpeedTouch (00-90-D0-71-DE-9E)"
"SpeedTouch (00-90-D0-21-0E-99)"
"DI-804HV"
"SpeedTouch (00-90-D0-AB-2D-8A)"
"SpeedTouch (00-90-D0-97-54-6A)"
"SpeedTouch (00-90-D0-AB-2A-64)"
"SpeedTouch (00-90-D0-33-0D-AB)"
"SpeedTouch (00-90-D0-AB-2C-20)"
"SpeedTouch (00-90-D0-AB-F0-3D)"
"SpeedTouch (00-90-D0-31-FB-60)"
"SpeedTouch (00-90-D0-97-54-82)"
"SpeedTouch (00-90-D0-71-DA-D0)"
"SpeedTouch"
"SpeedTouch (00-90-D0-72-90-97)"
"SpeedTouch (00-90-D0-8E-93-6F)"
"level_15 or view_access"
"SpeedTouch (00-90-D0-71-CB-FD)"
"SpeedTouch (00-90-D0-71-DE-A7)"
"SpeedTouch (00-90-D0-AB-2B-4C)"
"SpeedTouch (00-90-D0-AB-E1-E1)"
"SpeedTouch (00-90-D0-21-FB-1E)"
"DI-824VUP+"
"SpeedTouch (00-90-D0-0A-7C-8B)"
"SpeedTouch (00-90-D0-97-51-AD)"
"STRVP01"
"level_15_access"
"i-gate"
"SpeedTouch (00-90-D0-AB-3B-15)"
"Login to Vigor 3300"
"SpeedTouch (00-90-D0-F8-07-6D)"
"SpeedTouch (00-90-D0-02-9C-CE)"
"80.121.222.186"
"SpeedTouch (00-90-D0-72-8D-62)"
"SpeedTouch (00-90-D0-AB-36-36)"
"SpeedTouch (00-90-D0-AB-2B-89)"
"NETGEAR DG834G "
"SpeedTouch (00-90-D0-93-34-3B)"
"SpeedTouch (00-90-D0-AB-3B-64)"
"SpeedTouch (00-90-D0-23-38-0B)"
"level 15 access"
"SpeedTouch (00-90-D0-AB-2B-96)"
"Linksys WRT300N"
"SpeedTouch (00-90-D0-AB-37-00)"
"SpeedTouch (00-90-D0-23-2A-41)"
"SpeedTouch (00-90-D0-0A-7E-80)"
"level_15_access"
"SpeedTouch (00-90-D0-AC-37-44)"
"SpeedTouch (00-90-D0-72-8F-AF)"
"SpeedTouch (00-90-D0-21-EA-B2)"
"SpeedTouch (00-90-D0-F8-6D-06)"
"WL-5460AP v2"
"SpeedTouch (00-90-D0-AB-ED-28)"
"SpeedTouch (00-90-D0-AB-2A-33)"
"SpeedTouch (00-90-D0-AC-3A-FD)"
"NETGEAR DG834G "
"SpeedTouch (00-90-D0-AB-35-70)"
"level_15_access"
"Login to the Router Web Configurator"
"SpeedTouch (00-90-D0-F5-27-D0)"
"SpeedTouch (00-90-D0-F5-27-57)"
"SpeedTouch (00-90-D0-96-06-0E)"
"SpeedTouch (00-90-D0-23-1B-98)"
"Authorized access only"
"SpeedTouch (00-90-D0-F8-06-05)"
"SpeedTouch (00-90-D0-F8-07-6D)"
"SpeedTouch (00-90-D0-AB-28-25)"
"SpeedTouch (00-90-D0-AB-3C-28)"
"SpeedTouch (00-90-D0-75-C0-BA)"
"Linksys BEFVP41"
"SpeedTouch (00-90-D0-0A-C9-CF)"
"SpeedTouch (00-90-D0-22-16-3D)"
"SpeedTouch (00-90-D0-F5-2A-7C)"
"SpeedTouch (00-90-D0-72-8E-CF)"
"SpeedTouch (00-90-D0-AB-ED-04)"
"SpeedTouch (00-90-D0-02-9C-5C)"
"SpeedTouch (00-90-D0-AB-8E-6B)"
"SpeedTouch (00-90-D0-AB-39-E8)"
"SpeedTouch (00-90-D0-21-F8-A8)"
"Login to the Router Web Configurator"
"SpeedTouch (00-90-D0-72-8D-79)"
"SpeedTouch (00-90-D0-79-2E-7E)"
"SpeedTouch (00-90-D0-AB-2D-73)"
"SpeedTouch (00-90-D0-AB-3B-24)"
"SpeedTouch (00-90-D0-23-1A-AA)"
"SpeedTouch (00-90-D0-AB-27-6F)"
"SpeedTouch (00-90-D0-93-26-7A)"
"SpeedTouch (00-90-D0-22-15-FA)"
"SpeedTouch (00-90-D0-AC-36-62)"
"SpeedTouch (00-90-D0-7D-8E-B3)"
"HSG"
"BRTVP01"
"SpeedTouch (00-90-D0-22-1B-63)"
"SpeedTouch (00-90-D0-96-04-58)"
"level_15_access"
"SpeedTouch (00-90-D0-AC-38-2B)"
"NETGEAR DG834G "
"WL-2000CAM"
"SpeedTouch (00-90-D0-23-4C-1D)"
"SpeedTouch (00-90-D0-AB-3C-2B)"
"SpeedTouch (00-90-D0-02-9D-9E)"
"SpeedTouch (00-90-D0-71-42-EF)"
"SpeedTouch (00-90-D0-F8-82-7A)"
"SpeedTouch (00-90-D0-AC-36-5F)"
"SpeedTouch (00-90-D0-F5-29-B2)"
"SpeedTouch (00-90-D0-93-25-1A)"
"SpeedTouch (00-90-D0-AB-39-E8)"
"SpeedTouch (00-90-D0-93-22-A0)"
"SpeedTouch (00-90-D0-23-1E-7D)"
"UBNT"
"Home Gateway"
"SpeedTouch (00-90-D0-AB-2B-87)"
"SpeedTouch (00-90-D0-AC-37-5B)"
"RP614v4"
"SpeedTouch (00-90-D0-97-53-7C)"
"SpeedTouch (00-90-D0-AC-38-AA)"
"SpeedTouch (00-90-D0-AB-F0-39)"
"SpeedTouch (00-90-D0-AB-2C-75)"
"SpeedTouch (00-90-D0-0A-C9-CF)"
"SpeedTouch (00-90-D0-96-06-0E)"
"SpeedTouch (00-90-D0-0A-C9-F3)"
"SpeedTouch (00-90-D0-72-8D-29)"
"Internet Camera"
"SpeedTouch (00-90-D0-AB-8E-55)"
"SpeedTouch (00-90-D0-21-F8-D7)"
"dreambox"
"SpeedTouch (00-90-D0-F8-05-83)"
"dreambox"
"SpeedTouch (00-90-D0-AB-8E-55)"
"SpeedTouch (00-90-D0-71-50-E8)"
"SpeedTouch (00-90-D0-33-3E-D7)"
"NETGEAR WNDR3700"
"SpeedTouch"
"SpeedTouch (00-90-D0-97-51-F7)"
"level_15_access"
"SpeedTouch (00-90-D0-AB-34-CA)"
"dreambox"
"SpeedTouch (00-90-D0-AC-38-6A)"
"SpeedTouch (00-90-D0-72-8F-B9)"
"SpeedTouch (00-90-D0-0A-7C-23)"
"SpeedTouch (00-90-D0-F5-29-42)"
"SpeedTouch (00-90-D0-AB-3A-E2)"
"SpeedTouch (00-90-D0-72-8E-75)"
"SpeedTouch (00-90-D0-AC-36-5F)"
"SpeedTouch (00-90-D0-F5-2A-7C)"
"SpeedTouch (00-90-D0-97-54-18)"
"SpeedTouch (00-90-D0-31-FB-82)"
"SpeedTouch (00-90-D0-AC-37-44)"
"SpeedTouch (00-90-D0-22-14-D7)"
"SpeedTouch (00-90-D0-23-38-48)"
"SpeedTouch (00-90-D0-AB-35-7C)"
"SpeedTouch (00-90-D0-23-2A-1F)"
"SpeedTouch (00-90-D0-8E-92-E3)"
"SpeedTouch (00-90-D0-AB-2B-70)"
"SpeedTouch (00-90-D0-71-DA-D0)"
"level_15_access"
"SpeedTouch (00-90-D0-71-CB-E3)"
"SpeedTouch (00-90-D0-AB-3A-0C)"
"SpeedTouch (00-90-D0-23-03-52)"
"SpeedTouch (00-90-D0-F5-28-B9)"
"SpeedTouch (00-90-D0-21-EA-AA)"
"SpeedTouch (00-90-D0-23-28-73)"
"SpeedTouch (00-90-D0-AB-35-9B)"
"SpeedTouch (00-90-D0-AB-2D-A3)"
"SpeedTouch (00-90-D0-AC-37-44)"
"SpeedTouch (00-90-D0-AB-36-D2)"
""
"SpeedTouch (00-90-D0-21-FB-34)"
"SpeedTouch (00-90-D0-31-FB-69)"
"NETGEAR WNDR3700"
"SpeedTouch (00-90-D0-71-DE-A7)"
"SpeedTouch (00-90-D0-97-58-C9)"
"SpeedTouch (00-90-D0-8E-91-EC)"
"SpeedTouch"
"SpeedTouch (00-90-D0-AB-3B-A2)"
"SpeedTouch (00-90-D0-31-F8-B9)"
""
"SpeedTouch (00-90-D0-AB-2C-54)"
"Default
"SpeedTouch (00-90-D0-71-DF-01)"
"SpeedTouch (00-90-D0-F5-2E-FF)"
"SpeedTouch (00-90-D0-79-2E-7E)"
"SpeedTouch (00-90-D0-71-DE-A7)"
"NETGEAR DG834PN "
"dreambox"
"WL-5460AP v2"
"SpeedTouch (00-90-D0-F5-2D-A9)"
"Lagerverwaltung"
"SpeedTouch (00-90-D0-75-C0-BA)"
"DI-804HV"
"SpeedTouch (00-90-D0-F5-2E-11)"
"SpeedTouch (00-90-D0-72-90-A3)"
"FWRadlegger"
"Login to the Router Web Configurator"
"SpeedTouch (00-90-D0-8E-93-CA)"
"level_15_access"
"SpeedTouch (00-90-D0-23-1E-D3)"
"SpeedTouch (00-90-D0-AB-27-76)"
"SpeedTouch (00-90-D0-77-22-28)"
"SpeedTouch (00-90-D0-8E-91-D6)"
"SpeedTouch (00-90-D0-F5-29-B2)"
"SpeedTouch (00-90-D0-AB-35-42)"
"SpeedTouch (00-90-D0-71-DE-ED)"
"SpeedTouch (00-90-D0-03-9F-19)"
"SpeedTouch (00-90-D0-97-51-AD)"
"SpeedTouch (00-90-D0-22-15-5D)"
"dreambox"
"FFK Mitglieder Login"
"SpeedTouch (00-90-D0-8E-94-A2)"
"SpeedTouch (00-90-D0-AB-3B-15)"
"SpeedTouch (00-90-D0-97-55-3A)"
"SpeedTouch (00-90-D0-33-DE-F9)"
"Linksys BEFVP41"
"SpeedTouch (00-90-D0-23-37-D1)"
"SpeedTouch (00-90-D0-22-17-0E)"
"Default
"80.121.207.82"
"SpeedTouch (00-90-D0-31-9F-46)"
"SpeedTouch (00-90-D0-0B-DF-DB)"
"Pension_Aloisia"
"Login to the Router Web Configurator"
"FW-1.      Reason
"SpeedTouch (00-90-D0-23-4B-E0)"
"SpeedTouch (00-90-D0-72-8C-A8)"
"SpeedTouch (00-90-D0-23-37-1C)"
"SpeedTouch (00-90-D0-AB-EF-A1)"
"SpeedTouch (00-90-D0-AB-2A-AF)"
"SpeedTouch (00-90-D0-33-0D-C1)"
"Linksys BEFVP41 V2"
"SpeedTouch (00-90-D0-AB-EC-3F)"
"SpeedTouch (00-90-D0-8E-91-CD)"
"level_15_access"
"DI-624"
"SpeedTouch (00-90-D0-71-CB-E4)"
"Wireless Router (username
"SpeedTouch (00-90-D0-AB-2C-78)"
"SpeedTouch (00-90-D0-AC-3A-05)"
"SpeedTouch (00-90-D0-F8-56-0F)"
"SpeedTouch"
"SpeedTouch (00-90-D0-31-F2-33)"
"SpeedTouch (00-90-D0-AB-B6-31)"
"SpeedTouch (00-90-D0-AB-2A-BA)"
"SpeedTouch (00-90-D0-93-25-4E)"
"SpeedTouch (00-90-D0-8E-91-B0)"
"SpeedTouch (00-90-D0-97-51-B9)"
"SpeedTouch (00-90-D0-AB-F0-5B)"
"SpeedTouch (00-90-D0-71-DD-4C)"
"SpeedTouch (00-90-D0-AB-39-B9)"
"SpeedTouch (00-90-D0-93-25-95)"
"SpeedTouch (00-90-D0-AB-3A-E2)"
"dreambox"
"RT311"
"SpeedTouch (00-90-D0-AB-B6-46)"
"SpeedTouch (00-90-D0-AB-39-CC)"
"SpeedTouch (00-90-D0-03-9E-63)"
"WL-5460AP v2"
"Login to the Router Web Configurator"
"SpeedTouch (00-90-D0-0B-DF-DB)"
"SpeedTouch (00-90-D0-21-15-9C)"
"SpeedTouch (00-90-D0-AB-3C-28)"
"WL-5460AP v2"
"NETGEAR DGN1000 "
"SpeedTouch (00-90-D0-31-F8-BD)"
"SpeedTouch (00-90-D0-AC-36-47)"
"SpeedTouch (00-90-D0-F5-27-E4)"
"SpeedTouch (00-90-D0-23-3E-41)"
"SpeedTouch (00-90-D0-97-51-76)"
"SpeedTouch (00-90-D0-97-58-C9)"
"SpeedTouch (00-90-D0-21-EA-7A)"
"DI-614+"
"SpeedTouch (00-90-D0-79-2E-7E)"
"SpeedTouch (00-90-D0-23-11-37)"
"SpeedTouch (00-90-D0-71-DC-98)"
"SpeedTouch (00-90-D0-31-F8-BD)"
"SpeedTouch (00-90-D0-AB-35-FB)"
"SpeedTouch (00-90-D0-AB-3C-2B)"
"qgvalt"
"SpeedTouch (00-90-D0-72-8F-B9)"
"SpeedTouch (00-90-D0-72-87-A6)"
"SpeedTouch (00-90-D0-AB-2C-C3)"
"level_15_access"
"SpeedTouch (00-90-D0-21-F8-E0)"
"SpeedTouch (00-90-D0-F8-04-FA)"
"ISBC042E8 
"NETGEAR DG834PNB"
"SpeedTouch (00-90-D0-71-DA-EB)"
"level_15_access"
"SpeedTouch (00-90-D0-23-04-29)"
"SpeedTouch (00-90-D0-AB-F0-3B)"
"SpeedTouch (00-90-D0-21-EA-7F)"
"SpeedTouch (00-90-D0-AB-39-CC)"
"level_15_access"
"SpeedTouch (00-90-D0-72-8F-38)"
"level_15_access"
"SpeedTouch (00-90-D0-23-1B-F4)"
"level_15_access"
"SpeedTouch (00-90-D0-71-50-85)"
"SpeedTouch (00-90-D0-23-3E-41)"
"SpeedTouch (00-90-D0-0B-75-1F)"
"SpeedTouch (00-90-D0-AB-34-D8)"
"Administrator or User"
"cdm-ip"
"SpeedTouch (00-90-D0-79-2E-81)"
"SpeedTouch (00-90-D0-AC-39-82)"
"Broadband Router"
"level_15 or view_access"
"SpeedTouch (00-90-D0-79-C4-38)"
"SpeedTouch (00-90-D0-AC-36-47)"
"SpeedTouch (00-90-D0-AB-F0-3D)"
"SpeedTouch (00-90-D0-F5-2E-D7)"
"NETGEAR WNDR3700"
"SpeedTouch (00-90-D0-23-04-29)"
"SpeedTouch (00-90-D0-93-25-E0)"
"SpeedTouch (00-90-D0-F8-6C-C6)"
"SpeedTouch (00-90-D0-22-0A-11)"
"SpeedTouch (00-90-D0-AB-2B-4E)"
"level_15 or view_access"
"SpeedTouch (00-90-D0-22-15-F8)"
"KIRSCHNER1.local"
"dreambox"
"level_15_access"
"SpeedTouch (00-90-D0-8E-92-3D)"
"SpeedTouch (00-90-D0-71-DD-45)"
"SpeedTouch (00-90-D0-72-43-02)"
"SpeedTouch (00-90-D0-AC-37-8D)"
"SpeedTouch (00-90-D0-22-1B-71)"
"SpeedTouch (00-90-D0-AB-F0-4E)"
"SpeedTouch"
"Internet Camera"
"SpeedTouch (00-90-D0-AB-39-F9)"
"SpeedTouch (00-90-D0-93-22-E7)"
"level_15_access"
"DI-804HV"
"SpeedTouch (00-90-D0-31-F8-BF)"
"SpeedTouch (00-90-D0-AC-39-A5)"

"SpeedTouch (00-90-D0-33-20-01)"
"SpeedTouch (00-90-D0-96-07-3E)"
"firewall"
"SpeedTouch (00-90-D0-AB-F5-38)"
"SpeedTouch (00-90-D0-31-FA-A7)"
"SpeedTouch (00-90-D0-23-2A-2B)"
"SpeedTouch (00-90-D0-AB-F0-3B)"
""
"SpeedTouch (00-90-D0-AB-2C-42)"
"Passwortgeschützer Bereich"
"SpeedTouch (00-90-D0-AC-3B-14)"
"Default
"level_15_access"
"SpeedTouch (00-90-D0-03-9F-19)"
"SpeedTouch (00-90-D0-23-1B-D5)"
"SpeedTouch (00-90-D0-AC-37-36)"
"SpeedTouch (00-90-D0-02-9C-5C)"
"NSE"
"NETGEAR DG834G "
"IP Camera"
"SpeedTouch (00-90-D0-96-04-55)"
"SpeedTouch (00-90-D0-8E-92-5E)"
"SpeedTouch (00-90-D0-71-59-AD)"
"SpeedTouch (00-90-D0-96-06-3B)"
"Delta Server Management Interface"
"dreambox"
"SpeedTouch (00-90-D0-AB-F5-B3)"
"dbva.springerreisen.at"
"SpeedTouch (00-90-D0-AC-36-A2)"
"cdm-ip"
"SpeedTouch (00-90-D0-F5-2A-DF)"
"level_15_access"
"Home Gateway"
"SpeedTouch (00-90-D0-23-2A-41)"
"SpeedTouch (00-90-D0-AB-F0-03)"
" FTP Verwaltung "
"SpeedTouch (00-90-D0-F8-07-6D)"
"SpeedTouch (00-90-D0-22-1B-63)"
"SpeedTouch (00-90-D0-21-EA-90)"
"SpeedTouch (00-90-D0-71-50-BE)"
"SpeedTouch (00-90-D0-AB-3C-5C)"
"cdm-ip"
"SpeedTouch (00-90-D0-23-2B-1C)"
"SpeedTouch (00-90-D0-70-76-96)"
"SpeedTouch (00-90-D0-8E-91-C5)"
"SpeedTouch (00-90-D0-0B-75-1F)"
"SpeedTouch (00-90-D0-71-DB-67)"
"SpeedTouch (00-90-D0-F5-3B-D2)"
"dreambox"
"SpeedTouch (00-90-D0-21-EA-6D)"
"SpeedTouch (00-90-D0-F5-29-9F)"
"SpeedTouch (00-90-D0-8E-93-D1)"
"SpeedTouch (00-90-D0-02-9D-94)"
"Linksys BEFVP41 V2"
"dreambox"
"SpeedTouch (00-90-D0-AC-36-9C)"
"SpeedTouch (00-90-D0-96-04-79)"
"SpeedTouch (00-90-D0-02-9C-F7)"
"SpeedTouch (00-90-D0-0A-C9-9C)"
"NETGEAR DG834G "
"SpeedTouch (00-90-D0-72-8F-E1)"
"SpeedTouch (00-90-D0-97-58-C9)"
"SpeedTouch (00-90-D0-02-9C-5C)"
"SpeedTouch (00-90-D0-23-04-0F)"
"level_15_access"
"SpeedTouch (00-90-D0-22-16-3D)"
"SpeedTouch (00-90-D0-AB-3C-07)"
"SpeedTouch (00-90-D0-23-2A-2B)"
"SpeedTouch (00-90-D0-23-04-0F)"
"SpeedTouch (00-90-D0-AC-37-44)"
"SpeedTouch (00-90-D0-97-54-6A)"
"SpeedTouch (00-90-D0-97-55-0F)"
"streaming_server"
"SpeedTouch (00-90-D0-97-51-76)"
"SpeedTouch (00-90-D0-22-16-65)"
"RP614v4"
"SpeedTouch (00-90-D0-F5-28-8E)"
"SpeedTouch (00-90-D0-71-42-96)"
"SpeedTouch (00-90-D0-31-F8-B9)"
"SpeedTouch (00-90-D0-8E-91-D7)"
"SpeedTouch (00-90-D0-AC-38-6A)"
"Login to the Router Web Configurator"
"SpeedTouch (00-90-D0-23-42-AA)"
"SpeedTouch (00-90-D0-72-88-A8)"
"SpeedTouch (00-90-D0-AB-3B-4E)"
"SpeedTouch (00-90-D0-33-3F-42)"
"dreambox"
"Internet Camera"
"dreambox"
"SpeedTouch (00-90-D0-71-DC-98)"
"SpeedTouch (00-90-D0-22-02-26)"
"SpeedTouch (00-90-D0-AB-35-9B)"
"SpeedTouch (00-90-D0-21-EA-83)"
"SpeedTouch (00-90-D0-97-54-6D)"
"SpeedTouch (00-90-D0-F8-07-23)"
"SpeedTouch (00-90-D0-AB-ED-1B)"
"SpeedTouch (00-90-D0-AB-3B-2F)"
"SpeedTouch (00-90-D0-AC-38-DA)"
"SpeedTouch (00-90-D0-8E-92-E0)"
"SpeedTouch (00-90-D0-71-5A-54)"
"SpeedTouch (00-90-D0-72-8F-B9)"
"Login to Vigor 3300"
"NETGEAR DG834GTB"
"SpeedTouch (00-90-D0-72-42-D6)"
"level_15_access"
"Login to the Router Web Configurator"
"SpeedTouch (00-90-D0-77-30-96)"
"SpeedTouch (00-90-D0-F8-82-7A)"
"SpeedTouch (00-90-D0-AB-3C-21)"
"Authentifizierung"
"SpeedTouch (00-90-D0-93-23-25)"
"SpeedTouch (00-90-D0-93-23-25)"
"Login to the Router Web Configurator"
"SpeedTouch (00-90-D0-71-DC-F3)"
"SpeedTouch (00-90-D0-F5-30-AD)"
"streaming_server"
"SpeedTouch (00-90-D0-AC-37-6B)"
"/kuttin"
"SpeedTouch (00-90-D0-21-F8-D7)"
"SpeedTouch (00-90-D0-23-37-89)"
"WL-5460AP v2"
"SpeedTouch (00-90-D0-79-C4-4D)"
"SpeedTouch (00-90-D0-AB-34-FF)"
"WL-5460AP v2"
"SpeedTouch (00-90-D0-93-25-95)"
"SpeedTouch (00-90-D0-23-1A-CF)"
"SpeedTouch (00-90-D0-AB-3C-00)"
"SpeedTouch (00-90-D0-96-07-1E)"
"SpeedTouch (00-90-D0-AB-8E-55)"
"SpeedTouch (00-90-D0-AB-34-F0)"
"FW-1.      Reason
"Login to the Router Web Configurator"
"SpeedTouch (00-90-D0-8E-94-E9)"
"SpeedTouch (00-90-D0-72-8F-B9)"
"SpeedTouch (00-90-D0-02-9C-CE)"
"SpeedTouch (00-90-D0-97-53-72)"
"SpeedTouch (00-90-D0-AB-2F-B3)"
"SpeedTouch (00-90-D0-71-59-A5)"
"SpeedTouch (00-90-D0-F5-3C-02)"
"SpeedTouch (00-90-D0-F5-28-8E)"
"SpeedTouch (00-90-D0-AC-36-47)"
"SpeedTouch (00-90-D0-AB-3B-24)"
"SpeedTouch (00-90-D0-72-8C-DB)"
"SpeedTouch (00-90-D0-AC-36-5F)"
"AG 3100"
"SpeedTouch (00-90-D0-22-09-FB)"
""
"SpeedTouch (00-90-D0-96-03-BC)"
"SpeedTouch (00-90-D0-AC-36-BC)"
"SpeedTouch (00-90-D0-F8-07-23)"
"SpeedTouch (00-90-D0-AB-27-80)"
"firewall"
"SpeedTouch (00-90-D0-33-DE-F9)"
"SpeedTouch (00-90-D0-AC-38-0B)"
"192.168.65.1"
"NETGEAR WNDR3700"
"SpeedTouch (00-90-D0-AC-36-BC)"
"SpeedTouch (00-90-D0-97-54-33)"
"NETGEAR DG834GT "
"SpeedTouch (00-90-D0-97-51-55)"
"SpeedTouch (00-90-D0-8E-8E-E3)"
"SpeedTouch (00-90-D0-23-37-96)"
"SpeedTouch (00-90-D0-0A-7E-80)"
"Network Camera Kainisch Umkehrplatz"
"SpeedTouch (00-90-D0-AB-F0-2A)"
"SpeedTouch (00-90-D0-AC-3A-41)"
"Login to the Router Web Configurator"
"HSG"
"NETGEAR DG834GT "
"Router-REZI"
"SpeedTouch (00-90-D0-23-37-77)"
"SpeedTouch (00-90-D0-71-DB-79)"
"SpeedTouch (00-90-D0-23-41-11)"
"SpeedTouch (00-90-D0-AB-B6-3C)"
"PCS-G50 Web Control"
"SpeedTouch (00-90-D0-96-06-43)"
"XDove Restricted Access"
"SpeedTouch (00-90-D0-97-58-EA)"
"dreambox"
"SpeedTouch (00-90-D0-23-37-45)"
"SpeedTouch (00-90-D0-71-DC-F7)"
"Wireless Router (username
"SpeedTouch (00-90-D0-F5-30-AD)"
"SpeedTouch (00-90-D0-AB-2D-AB)"
"SpeedTouch (00-90-D0-AB-36-FA)"
"SpeedTouch (00-90-D0-22-16-65)"
"SpeedTouch (00-90-D0-F5-3C-30)"
"SpeedTouch (00-90-D0-AB-3A-E2)"
"SpeedTouch"
"SpeedTouch (00-90-D0-71-DB-6F)"
"SpeedTouch (00-90-D0-21-15-9C)"
"SpeedTouch (00-90-D0-F8-07-23)"
"SpeedTouch (00-90-D0-72-8E-CD)"
"SpeedTouch (00-90-D0-AB-39-ED)"
"DI-604"
"SpeedTouch (00-90-D0-31-F2-5C)"
"SpeedTouch (00-90-D0-AB-3A-3B)"
"SpeedTouch (00-90-D0-23-4C-1D)"
"SpeedTouch (00-90-D0-F5-2C-E6)"
"SpeedTouch (00-90-D0-F8-82-7A)"
"SpeedTouch (00-90-D0-23-1E-54)"
"level_15_access"
"SpeedTouch (00-90-D0-AB-2C-C9)"
"SpeedTouch (00-90-D0-AB-2D-A3)"
"RP614v4"
"SpeedTouch (00-90-D0-21-0E-08)"
"SpeedTouch (00-90-D0-AC-3A-41)"
"SpeedTouch (00-90-D0-97-51-76)"
"NETGEAR WNDR3700"
"Broadband Router"
"dreambox"
"SpeedTouch (00-90-D0-23-28-8B)"
"dreambox"
"level_15 or view_access"
"WL-5460AP v2"
"SpeedTouch (00-90-D0-93-26-00)"
"SpeedTouch (00-90-D0-96-04-92)"
"SpeedTouch (00-90-D0-F5-30-AD)"
"SpeedTouch (00-90-D0-71-DE-A7)"
"SpeedTouch (00-90-D0-96-04-92)"
"NETGEAR DG834PN "
"SpeedTouch (00-90-D0-AB-3A-E2)"
"SpeedTouch (00-90-D0-AB-8E-55)"
"SpeedTouch (00-90-D0-72-8D-62)"
"SpeedTouch (00-90-D0-96-03-BC)"
"SpeedTouch"
"SpeedTouch (00-90-D0-AB-34-D8)"
"SpeedTouch (00-90-D0-93-38-68)"
"SpeedTouch (00-90-D0-23-1B-94)"
"SpeedTouch (00-90-D0-97-52-7A)"
"SpeedTouch (00-90-D0-31-FB-5E)"
"SpeedTouch (00-90-D0-AB-3B-A2)"
"SpeedTouch (00-90-D0-AB-39-E7)"
"SpeedTouch (00-90-D0-AB-2B-5E)"
"WRT54G" 
"dreambox"
"WGR614v7"
"dreambox"
"DVR"
"Thomson"
"dreambox"
"Thomson"
"Broadband Router"
"WRT54G"
"WL530g      "
"NETGEAR WNR2000v2"
"Zuhause"
"WGR614v7"
"dreambox"
"WRT54GL"
"WRT54GL"
"Broadband Router"
"dreambox"
"WRT160Nv2"
"WRT54G"
"WL500g"
"dreambox"
"NETGEAR WNDR3700"

"Default
"NETGEAR WNR1000v2"
"NETGEAR WGR614v9"
"dreambox"
"WRT54G" 
"WRT54G" 
"WRT54G2" 
"WRT54GS" 
"dreambox"
"Broadband Router"
"WRT54GS" 
"Thomson"
"Thomson"
"WGR614v5"
"NeedPassword"
"WRT54G"
"WRT320N"
"WGT624"
"dreambox"
"WGR614v7"
"WRT54G"
"WGT624"
"dreambox"
"Garggi"
"Broadband Router"
"WRT54GL"
"dreambox"
"Thomson"
"WGR614v7"
"WRT54GL"
"dreambox"
"U.S. Robotics Wireless MAXg Router"
"Thomson"
"WGR614v6"
"WRT160NL"
"WRT54G" 
"WRT54GS" 
"NETGEAR WNDR3700"
"WRT54G"
"Broadband Router"
"WPN824"
"Broadband Router"
"dreambox"
"NETGEAR WGR614v9"
"Thomson"
"Thomson"
"WGR614v7"
"dreambox"
"Default
"WGR614v7"
"WGT624"
"WGR614v7"
"DI-604"
"dreambox"
"NETGEAR WGR614v9"
"Broadband Router"
"dreambox"
"Linksys RVS4000
"WGR614v7"
"dreambox"
"Broadband Router"
"whisky"
"NETGEAR WGR614v9"
"ahooly_call43"
"NETGEAR WGR614v9"
"WGR614v7"
"dreambox"
"RP614v4"
"WGR614"
"dreambox"
"DI-524"
"WGR614v7"
"WGR614v5"
"WGR614v7"
"WGT624v3"
"dreambox"
"WGT624"
"call43_ahooly_1150"
"WRT54GS" 
"Thomson"
"/"
"WL500g"
"Broadband Router"
"dreambox"
"Thomson"
"Thomson"
"dreambox"
"dreambox"
"Thomson"
"WPN824v2"
"WRT54GL"
"RP614v4"
"WGR614v6"
"WRT54GL"
"dreambox"
"Thomson"
"Thomson"
"NETGEAR WGR614v9"
"WRT54GL"
"Web Manager"
"Thomson"
"WRT160Nv2"
"WGT624"
"Broadband Router"
"WPN824"
"Thomson"
"WGR614v6"
"Thomson"
"Nightman@Work (Outback)"
"Thomson"
"dreambox"
"WatchGuard SOHO  Configuration"
"Thomson"
"WRT54G"
"Thomson"
"NETGEAR WGR614v9"
"RP614v4"
"WRT54G" 
"NETGEAR WGR614v9"
"WGR614v6"
"dreambox"
"Broadband Router"
"WGR614v6"
"RP614v4"
"WRT54GL"
"WGR614v7"
"Broadband Router"
"WGT634U"
"WRT160NL"
"Thomson"
"Thomson"
"WRT54GL"
"NETGEAR WGR614v9"
"WGR614v6"
"Szhukalek"
"RP614v4"
"PORTAS"
"WRT54G2" 
"WRT610N"
"WGR614v7"
"WGR614v7"
"dreambox"
"WGR614v6"
"call43_ahooly_1160_citycall"
"NETGEAR WGR614v9"
"dreambox"
"wlan_niki"
"Thomson"
"."
"WGR614v6"
"dreambox"
"Broadband Router"
"dreambox"
"enigma"
"GeneralUser/Administrator"
"WRT54G"
"WRT54GL"
"Broadband Router"
"WRT54G"
"WGR614v6"
"Thomson"
"WRT150N"
"dreambox"
"Broadband Router"
"dreambox"
"DI-524"
"Thomson"
"RP614v4"
"NETGEAR WGR614v9"
"WRT54G"
"WGR614v7"
"WRT54G" 
"Thomson"
"WRT54G" 
"Wireless Access Point"
"DI-524"
"NETGEAR WGR614v9"
"dreambox"
"NETGEAR WGR614v9"
"U.S. Robotics Wireless MAXg Router"
"WRT54GL"
"NETGEAR WGT624v4"
"WGR614v7"
"dreambox"
"WGR614v7"
"WGR614v6"
"Thomson"
"WGR614v7"
"Obristlink"
"DI-524"
"dreambox"
"call43_ahooly_1020_novarag_oase"
"Broadband Router"
"dreambox"
"Broadband Router"
"WGT624v3"
"Thomson"
"WGR614v6"
"RP614v4"
"server
"Thomson"
"dreambox"
"WRT54GL"
"NETGEAR WPNT834"
"WGR614v7"
"dreambox"
"WRT54G"
"level 15 access"
"WPN824v2"
"WRT320N"
"Broadband Router"
"WGR614v7"
"NETGEAR WGR614v9"
"NETGEAR WGR614v9"
"Thomson"
"WGR614v7"
"RP614v4"
"DD-WRT"
"Linksys" 
"Thomson"
"dreambox"
"Thomson"
"WPN824v2"
"Linksys BEFSX41"
"DVR"
"Thomson"
"Thomson"
"WGT624v3"
"Linksys BEFSR41v4"
"Transmission"
"NETGEAR WNDR3700"
"Thomson"
"dreambox"
"Thomson"
"Login to the Router Web Configurator"
"dreambox"
"NETGEAR WGR614v9"
"dreambox"
"CONNECT2AIR AP-600RP-USB LOGIN Enter Password (default is connect)"
"Thomson"
"NETGEAR WGR614v9"
"dreambox"
"MR814v2"
"NETGEAR WNDR3700"
"NETGEAR WGR614v9"
"Thomson"
"Broadband Router"
"WRT54G3G"
"dreambox"
"dreambox"
"WGR614v7"
"WPN824v2"
"DI-624 Kellerratte"
"Broadband Router"
"WGT634U"
"Thomson"
"Broadband Router"
"Broadband Router"
"WGR614v7"
"MarcusRouter"
"WRT54GL"
"Linksys BEFSR41v4"
"dreambox"
"dreambox"
"Thomson"
"Thomson"
"Thomson"
"NETGEAR WNR2000v2"
"Thomson"
"dreambox"
"WGT624v3"
"System Setup"
"Thomson"
"Linksys"
"redtomato"
"dreambox"
"WRT54G2" 
"Grisu"
"Thomson"
"dreambox"
"WGR614v7"
"WRT54GL"
"dreambox"
"WRT54G"
"dreambox"
"WRT54GL"
"WPN824v2"
"WRT54GS"
"WRT54GL"
"RP614v4"
"WGT624"
"WGR614v6"
"Default
"NETGEAR WGR614v9"
"Broadband Router"
"dreambox"
"WGR614v7"
"dreambox"
"NETGEAR WNR834B"
"Linksys WRT54GP2"
"WGT624"
"RP614v4"
"Linksys WRT300N"
"DI-514"
"NETGEAR WNR3500"
"Broadband Router"
"WRT320N"
"WGT624"
"WGT624"
"WRT54GL"
"dreambox"
"RP614v4"
"WGR614v7"
"NETGEAR WNDR3300"
"NETGEAR WGR614v9"
"WGR614v6"
"NETGEAR WGR614v9"
"WGR614v6"
"dreambox"
"WRT54G" 
"dreambox"
"Broadband Router"
"WGR614v7"
"WGR614v6"
"dreambox"
"dreambox"
"dreambox"
"dreambox"
"routerrampi"
"WGR614v6"
"WGR614v6"
"WPN824v2"
"WRT54GL"
"Linksys RVS4000
"dreambox"
"DI-614+"
"dreambox"
"System Setup"
"dreambox"
"dreambox"
"WGR614v6"
"NSC15-WG Network Camera
"WGR614v6"
"WGR614v6"
"/"
"WGR614v7"
"Thomson"
"NETGEAR WGT624v4"
"Derler"
"Broadband Router"
"WPN824"
"Thomson"
"MR814v2"
"Thomson"
"WGR614v6"
"Thomson"
"Thomson"
"NETGEAR WNDR3700"
"dreambox"
"WRT54GL"
"WGR614v7"
"NETGEAR WNDR3300"
"NETGEAR WNDR3700"
"dreambox"
"tomato"
"Internet Camera"
"LastHope"
"NETGEAR WGR614v9"
"WGR614v7"
"Broadband Router"
"DI-624+"
"Linksys BEFSX41"
"Broadband Router"
"NETGEAR WGR614v9"
"dreambox"
"dreambox"
"NETGEAR WNR2000v2"
"WGR614v7"
"DD-WRT"
"WRT54G" 
"WRT54GL"
"call43_ahooly_1170"
"WRT54GS" 
"WRT320N"
"NETGEAR WNR834Bv2"
"WRT54GL"
"WGR614v7"
"WGR614v7"
"DD-WRT"
"lolirout"
"dreambox"
"dreambox"
"dreambox"
"U.S. Robotics Wireless MAXg Router"
"WGR614v7"
"dreambox"
"Broadband Router"
"call43_ahooly_1100_aria_leibnizg8"
"Thomson"
"WPN824"
"DD-WRT"
"dreambox"
"XR5i"
"Thomson"
"Broadband Router"
"NETGEAR WNDR3700"
"Linksys BEFSR41"
"WPN824"
"Thomson"
"WGT624"
"WGR614v7"
"eXiteLink"
"Login to the Router Web Configurator"
"Thomson"
"Thomson"
"dreambox"
"WGR614v7"
"WRV200"
"WGR614v7"
"Broadband Router"
"das-stadtcafe"
"Thomson"
"WGT624"
"WRT54G" 
"WPN824v2"
"call43_ahooly_1160_Thalia137"
"dreambox"
"dreambox"
"dreambox"
"Broadband Router"
"Linksys BEFW11S4"
"RT-N11"
"WRT54G" 
"DI-524"
"DI-804HV"
"babsi"
"WGR614v7"
"level 15 access"
"WGR614v6"
"DI-824VUP+"
"NETGEAR WNDR3700"
"WGT624"
"Login to the Router Web Configurator"
"dreambox"
"Broadband Router"
"dreambox"
"WRT54GL"
"dreambox"
"NETGEAR WGR614v9"
"Thomson"
"dreambox"
"WRT320N"
"dreambox"
"Thomson"
"WGT624"
"dreambox"
"VPN"
"dreambox"
"NETGEAR WNDR3700"
"WPN824v2"
"dreambox"
"dreambox"
"NETGEAR WNDR3700"
"WGR614v6"
"WPN824v2"
"Thomson"
"maedels"
"Broadband Router"
"Thomson"
"Login to the Router Web Configurator"
"dreambox"
"Thomson"
"dreambox"
"NETGEAR WGT624v4"
"bnd"
"dreambox"
"NETGEAR WGR614v9"
"WRT54G" 
"Blindengasse"
"NETGEAR WNR2000v2"
"WRT54GS" 
"WGR614v6"
"WGR614v7"
"Broadband Router"
"WGR614v7"
"Broadband Router"
"NETGEAR WGR614v9"
"WRT54G" 
"WRT54GL"
"WRT54GS"
"BEANETWORK"
"Broadband Router"
"NETGEAR WGR614v9"
"WL-500gP V2"
"WGR614v7"
"Login to the Router Web Configurator"
"Thomson"
"WPN824"
"NETGEAR WNR3500v2"
"Broadband Router"
"WGR614v6"
"Login to the Router Web Configurator"
"NeedPassword"
"RP614v4"
"Broadband Router"
"Linksys BEFSR81"
"dreambox"
"Broadband Router"
"WRT54G"
"WRT54GL"
"KWGR614"
"dreambox"
"NETGEAR WGR614v9"
"WGT624v3"
"WGR614v7"
"WRT610N"
"dreambox"
"dreambox"
"WGR614v6"
"WRT54GL"
"WRT54GL"
"Thomson"
"linksys1000"
"WRT54G2" 
"DI-524"
"server"
"WGR614v7"
"dreambox"
"Broadband Router"
"Thomson"
"Thomson"
"WRT54GL"
"WRT54G"
"WPN824v2"
"WRT54G" 
"Thomson"
"NETGEAR WGR614v9"
"WPN824v2"
"_"
"WGR614v7"
"Thomson"
"WGR614v7"
"DI-624"
"WGR614v6"
"dreambox"
"Broadband Router"
"Broadband Router"
"Thomson"
"WRT120N"
"WGR614v7"
"WGR614v7"
"WRT54G" 
"NETGEAR WNR2000v2"
"WRT54GL"
"U.S. Robotics Wireless MAXg Router"
"DI-524"
"Thomson"
"WRT54G"
"WRT54G"
"NETGEAR WGR614v9"
"WPN824v2"
"Thomson"
"WRT54GS" 
"dreambox"
"WRT54GL"
"NETGEAR WNDR3700"
"call43_ahooly_1150_Reindlg_bei_U3"
"WRT54GS"
"WGR614v6"
"NETGEAR WNR2000v2"
"Thomson"
"ahooly_call43_1110_AKTECH"
"dreambox"
"dreambox"
"NETGEAR WGR614v9"
"server"
"WRT54GL"
"gateway" 
"Thomson"
"Thomson"
"Broadband Router"
"DI-824VUP+"
"WRT54GL"
"B49G"
"Broadband Router"
"WRT54GL"
"dreambox"
"RP614v4"
"WRT54GL"
"dreambox"
"/"
"WRT54G"
"Thomson"
"dreambox"
"NETGEAR WGR614v9"
"Linksys BEFSX41"
"WRT54GL"
"streaming_server"
"NETGEAR WNR3500L"
"WRT54GL"
"WRT160Nv2"
"Thomson"
"dreambox"
"Thomson"
"Thomson"
"WPN824"
"RP614v4"
"WGR614v7"
"dreambox"
"NETGEAR WNR834Bv2"
"NETGEAR WGR614v9"
"DVR"
"Thomson"
"NETGEAR WNR2000v2"
"localhost"
"System Setup"
"WGR614v7"
""
"Thomson"
"NETGEAR WNDR3300"
"WRT54GL"
"dreambox"
"dreambox"
"Broadband Router"
"NETGEAR WGR614v9"
"call43_ahooly_1170_Hasan_Samy"
"Broadband Router"
"WGR614v6"
"WGR614v7"
"dreambox"
"WGT624"
"WRT54GL"
"WGR614v6"
"Thomson"
"Broadband Router"
"WRT150N"
"WRT54GL"
"Broadband Router"
"WGR614v7"
"dreambox"
"WRT160NL"
"NETGEAR WGR614v9"
"Thomson"
"WRT54GL"
"NETGEAR WGR614v9"
"server
"WGR614v3"
"RP614v4"
"WGR614v7"
"dreambox"
"WRT160Nv2"
"WRT54GL"
"System Setup"
"dreambox"
"dreambox"
"Broadband Router"
"Thomson"
"tomato"
"U.S. Robotics Wireless MAXg Router"
"Thomson"
"RP614v4"
"WGR614v7"
"NETGEAR WNR3500"
"NETGEAR WGR614v9"
"WRT54GL"
"WPN824v2"
"RT001EWI"
"DI-624"
"WGR614v7"
"WRT54GL"
"Thomson"
"NETGEAR WNR3500"
"WRT54GL"
"WGR614v6"
"WPN824v2"
"dreambox"
"WPN824v2"
"dreambox"
"DI-524"
"NETGEAR WNDR3700"
"flywebHQ"
"dreambox"
"WRT54G"
"Error"
"dreambox"
"DI-524"
"AMS150" 
"DI-524"
"WGR614v7"
"Broadband Router"
"Linksys BEFW11S4 V4"
"dreambox"
"Broadband Router"
"WGT624v3"
"Broadband Router"
"Broadband Router"
"AG 3000"
"WGR614v7"
"NETGEAR WNR2000v2"
"Thomson"
"Thomson"
"dreambox"
"Broadband Router"
"Thomson"
"RG54SE"
"WRT54G"
"NeedPassword"
"dreambox"
"DD-WRT"
"Default
"Broadband Router"
"dreambox"
"dreambox"
"WGT624"
"WRT54G"
"dreambox"
"dreambox"
"dreambox"
"Thomson"
"WRT54GL"
"DD-WRT"
"NETGEAR WGR614v9"
"Default
"WGR614v7"
"dreambox"
"WRT54G" 
"dreambox"
"Thomson"
"Broadband Router"
"WGT624v3"
"WGR614v7"
"WGT624v3"
"WRT54G2" 
"Thomson"
"Broadband Router"
"Linksys BEFSR41"
"dreambox"
"NETGEAR WGR614v9"
"acikgoez1160"
"WRT54GS" 
"WRT610N"
"WGR614v7"
"NETGEAR WNR834Bv2"
"Thomson"
"NETGEAR WGR614v9"
"NETGEAR WGR614v9"
"RP614v4"
"Broadband Router"
"NETGEAR WGR614v9"
"Broadband Router"
"Login to the Router Web Configurator"
"WRT610N"
"DD-WRT"
"WRT54GL"
"dreambox"
"dreambox"
"Thomson"
"WRT54GL"
"DI-624"
"DD-WRT"
"WGT624"
"dreambox"
"dreambox"
"NETGEAR WGT624v4"
"WRT54GL"
"dreambox"
"80.108.119.124"
"call43_ahooly_1150_Dieffenbachg50"
"dreambox"
"WRT160NL"
"dreambox"
"Broadband Router"
"DI-614+"
"RT-N11"
"WRT54GL"
"WRT54GL"
"NETGEAR WNR834Bv2"
"dreambox"
"Broadband Router"
"Broadband Router"
"WRT54G2.2"
"WPN824v2"
"WL500gpv2"
"Thomson"
"dreambox"
"WGT624"
"DD-WRT"
"STRONZONE"
"NET Disk"
"Broadband Router"
"WRT54G"
"WGR614v6"
"NETGEAR WGR614v9"
"WGR614v7"
"WRT54G" 
"dreambox"
"dreambox"
"dreambox"
"NETGEAR WGR614v9"
"WRT54GS-DE"
"WGT634U"
"dreambox"
"FWG114P"
"dreambox"
"DI-524"
"WRT54GL"
"WPN824v2"
"WGR614v3"
"WRT54GL"
"WRT160NL"
"WPN824v2"
"Thomson"
"WPN824v2"
"Thomson"
"WRT54G2"
"dreambox"
"Thomson"
"dreambox"
"WRT54GL"
"WRT54GL"
"Broadband Router"
"Router"
"WPN824"
"AirStation"
"WRV200"
"SpeedTouch"
"WPN824"
"SpeedTouch"
"NETGEAR WGR614v9"
"WN-301R"
"SpeedTouch (00-90-D0-F9-63-7E)"
"Login to the Router Web Configurator"
"RP614v4"
"Linksys BEFVP41"
""
"SpeedTouch (00-90-D0-F5-26-E8)"
"WGR614v6"
"WRT54GL"
"SpeedTouch"
"SpeedTouch"
"franzi"
"Linksys BEFSR41"
"haeuserer"
"SpeedTouch (00-90-D0-F8-06-E5)"
"SpeedTouch (00-90-D0-F8-56-1F)"
"SpeedTouch (00-90-D0-F9-74-4B)"
"RH_HOME"
"SpeedTouch (00-90-D0-F9-74-EA)"
"."
"server
"dreambox"
"SpeedTouch (00-90-D0-F5-2E-54)"
"WRT54GL"
"RP614"
"Schwenk-/Neige-Netzwerkkamera"
"dreambox"
"level 15 access"
"SpeedTouch (00-90-D0-F5-26-E8)"
"VIEPE-RCO97185"
"SpeedTouch"
"SpeedTouch"
"rv042"
"SpeedTouch"
"Login to the Router Web Configurator"
"AirLive ARM-204 Annex A"
"WGR614v7"
"WRT54GL"
"RP614v4"
"DI-804HV"
"Netcam"
"WRT54GL"
"DI-614+"
"SpeedTouch (00-90-D0-F8-06-E5)"
"Wireless Access Point"
"SpeedTouch (00-90-D0-F8-06-02)"
"WRT54GL"
"SpeedTouch"
"dreambox"
"KaiRo-private"
"RH_HOME"
"SpeedTouch (00-90-D0-F8-56-8B)"
"SpeedTouch"
"SpeedTouch (00-90-D0-F5-26-E8)"
"SpeedTouch (00-90-D0-F8-06-02)"
"RP614v4"
"WRT54G" 
"WRT54GL"
"dreambox"
"home4484.dyndns.info"
"NETGEAR WNDR3700"
"DI-804HV"
"SpeedTouch (00-90-D0-F8-56-1F)"
"Prestige 310"
"dreambox"
"SpeedTouch"
"WRT54G" 
"NETGEAR WGR614v9"
"RP614v4"
"SpeedTouch (00-90-D0-97-52-ED)"
"SpeedTouch"
"Default
"SpeedTouch"
"SpeedTouch (00-90-D0-F9-84-85)"
"SpeedTouch (00-90-D0-F8-06-E5)"
"SpeedTouch (00-90-D0-F5-2C-BB)"
"WRT54GL"
"HTTP Authentication (ID47072)"
"Login to the Router Web Configurator"
"WRT54GL"
"DI-624"
"Linksys WAG54GS "
"SpeedTouch"
"SpeedTouch (00-90-D0-F8-05-C4)"
"RP614v4"
"SpeedTouch (00-90-D0-02-9D-C6)"
"SpeedTouch (00-90-D0-AB-E3-C9)"
"DI-804HV"
"SITECOM WL-108"
"SpeedTouch (00-90-D0-F5-29-67)"
"streaming_server"
"WRT54GL"
"SpeedTouch (00-90-D0-F8-56-1F)"
"RP614v4"
"SpeedTouch"
"NETGEAR WNDR3700"
"SpeedTouch (00-90-D0-F8-05-D2)"
"SpeedTouch (00-90-D0-F8-56-8B)"
"SpeedTouch (00-90-D0-F9-71-E8)"
"Login to the Router Web Configurator"
"Login to the Router Web Configurator"
"DI-624"
"SpeedTouch (00-90-D0-F8-06-45)"
 "You need ID",
"Login to the Router Web Configurator"
"WGR614v6"
"dreambox"
"SpeedTouch (00-90-D0-F8-56-1F)"
"SpeedTouch (00-90-D0-AB-F5-F6)"
"WRT54GL"
"WRT54GL"
"Login to the Router Web Configurator"
"RP614v4"
"192.168.0.3"
"Login to the Router Web Configurator"
"NETGEAR WGR614v9"
"Login to the Router Web Configurator"
"SpeedTouch (00-90-D0-F8-06-E5)"
"SpeedTouch (00-90-D0-F5-27-A7)"
"SpeedTouch (00-90-D0-72-8F-EE)"
"SpeedTouch (00-90-D0-F9-73-E4)"
"Netcam"
"SpeedTouch"
"Login to the Router Web Configurator"
"SpeedTouch"
"Linksys BEFSR41"
"SpeedTouch"
"MEXX"
"Login to the Router Web Configurator"
"SpeedTouch (00-90-D0-F8-56-8B)"
"NETGEAR DG834Gv5"
"SpeedTouch"
"level_15_access"
"SpeedTouch"
"WRT54GH"
"dreambox"
"SpeedTouch (00-90-D0-F5-26-E8)"
"WPN824"
"SpeedTouch (00-90-D0-F8-56-97)"
"SpeedTouch"
"DCS-5220"
"NETGEAR DGN2000 "
"SpeedTouch"
"NETGEAR DG834G "
"SpeedTouch (00-90-D0-F8-56-8B)"
"WGR614"
"Home Gateway"
"NETGEAR DG834G "
"DI-804HV"
"SpeedTouch (00-90-D0-AB-2A-8C)"
"WGR614v6"
"DI-804HV"
"Linksys WAG200G "
"Login to the Router Web Configurator"
"DI-624+"
"Wireless Router (username
"WGR614v7"
"dreambox"
"SpeedTouch"
"Linksys BEFSR41"

"SpeedTouch"
"SYS LINK"
"dreambox"
""
"dreambox"
"level_15 or view_access"
"level_15_access"
"Broadband Router"
"hamid"
"yhhtpd
"NETGEAR WNDR3700"
"Broadband Router"
"USR8054"
"WRT54GCv3"
"DI-624+"
"HSG"
"dreambox"
"Broadband Router"
"Broadband Router"
"NETGEAR WNDR3700"
"Broadband Router"
"RP614v4"
"Broadband Router"
"level_15_access"
"level 15 access"
"Arthotel"
"DI-524"
"Broadband Router"
"vsgruenau"
"Internet Camera"
"dreambox"
"192.168.0.199"
"dreambox"
"Broadband Router"
"localhost"
"dreambox"
"DI-614+"
"dreambox"
"Chello.at"
"Broadband Router"
"dreambox"
"NETGEAR WNDR3700"
"level_15 or view_access"
"WGR614"
"HSG"
"Broadband Router"
"level_15_access"
"NETGEAR WNDR3700"
"Broadband Router"
"Broadband Router"
"dreambox"
"dreambox"
"Broadband Router"
"Broadband Router"
"Broadband Router"
"dreambox"
"DI-624+"
"dreambox"
"Login to the Router Web Configurator"
"Broadband Router"
"vsgruenau"
"dreambox"
"dreambox"
"dreambox"
"Broadband Router"
"dreambox"
"Login to the Router Web Configurator"
"Broadband Router"
"DI-524"
"WRT160NL"
"level 15 access"
"Wireless Access Point"
"dreambox"
"NETGEAR WNDR3700"
"NK"
"WG602V3"
"device"
"Broadband Router"
"MR814v2"
"Login to the Router Web Configurator"
"level 15 access"
"Broadband Router"
"level 15 access"
"RP614v4"
"Broadband Router"
"Broadband Router"
"level 15 access"
"dreambox"
"level 15 access"
"Broadband Router"
"dreambox"
"level 15 access"
"Broadband Router"
"dreambox"
"HauptRouter"
"dreambox"
"DI-604"
"level_15_access"
"RP614v4"
"Netcam"
"dreambox"
"Broadband Router"
"Wireless Router (username
"PNB Vienna"
"WG602V3"
"dreambox"
"General User"
"WGR614"
"RP614v4"
"dreambox"
"Broadband Router"
"Broadband Router"
"Broadband Router"
"Prestige 310"
"RP614v4"
"Broadband Router"
"Prestige 310"
"Prestige 310"
"Wireless Router (username
"DI-624+"
"dreambox"
"Broadband Router"
"Broadband Router"
"NETGEAR WNR1000v2"
"dreambox"
"Restricted login"
"Broadband Router"
"Login to the Router Web Configurator"
"PNB Vienna"
"Broadband Router"
"Broadband Router"
"level_15_access"
"Broadband Router"
"NETGEAR WNDR3700"
"dreambox"
"RP614v4"
"Broadband Router"
"WL500g"
"WRT120N"
"ENERCON1"
"RP614v4"
"slrouter"
"NETGEAR DG834G "
"Netcam"
"Linksys BEFVP41"
"SpeedTouch"
"WRT54G2"
"WRT54GH"
"dreambox"
"xampp user"
"Login to the Router Web Configurator"
"WRT54G" 
"DD-WRT"
"Login to the Router Web Configurator"
"RP614v4"
"NETGEAR DGN1000 "
"NeedPassword"
"SpeedTouch"
"NETGEAR DGND3300 "
"WGR614v6"
"WRT54GL"
"RP614v4"
"NETGEAR WGR614v9"
"Home Gateway"
"Thomson Gateway"
"WRT54GS"
"SpeedTouch"
"NETGEAR WGR614v9"
"ALL0277DSLA"
"dreambox"
"WGR614v7"
"VIEPE-RCO97193"
"SpeedTouch"
"DI-804HV"
"dreambox"
"DI-804HV"
"WGR614v6"
"WRT54GL"
"DI-614+"
"server
"server
"WGT624"
"WRT54GS" 
"Linksys BEFSX41"
"NETGEAR WPNT834"
"NETGEAR WGR614v9"
"WRT54GL"
"Login to the Router Web Configurator"
"dreambox"
"RP614v4"
"WRT54GL"
"dreambox"
"server"
"dreambox"
"NETGEAR DGN2000 "
"SpeedTouch"
"dreambox"
"dreambox"
"SpeedTouch"
"Home1"
"NETGEAR WNDR3700"
"WGR614v6"
"dreambox"
"DCS-3420"
"DI-604"
"dreambox"
"WRT120N"
"WRT160Nv2"
"NETGEAR WNDR3700"
"dreambox"
"dreambox"
"WRT54GS"
"General User"
"Network Camera"
"RP614v4"
"WGR614v3"
"SpeedTouch"
"netcam"
"Nynas -Graz"
"dreambox"
"SpeedTouch (00-90-D0-71-DC-4C)"
"dreambox"
"SpeedTouch"
"General User"
"streaming_server"
"DI-804HV"
"WGT634U"
"DI-604"
"Linksys WAG54GS
"RP614v4"
"."
"SpeedTouch (00-90-D0-71-CB-71)"
"dreambox"
"Camera Server"
"WRT54GL"
"Thomson Gateway"
"dreambox"
"Broadband Router"
"ahooly_call43_1020_heinestr_Camillus"
"yhhtpd
"TP-LINK Wireless Router WR340G"
"dreambox"
"SpeedTouch"
"WGT624"
"VIEPE-RCO9749"
"Login to the Router Web Configurator"
"."
"Login to the Router Web Configurator"
"SpeedTouch"
"AG 3x00"
"WRT54GL"
"WRT54GL"
"Linksys BEFSR41v4"
"Default
"WPN824"
"NETGEAR DG834G "
"WGT624"
""
"Login to the Router Web Configurator"
"SpeedTouch"
"RP614v4"
""
"Default
""
"Login to the Router Web Configurator"
"dreambox"
"VIEPE-RCO9725"
"Prestige 643"
"vdradmind"
"WRT54G" 
"DVBViewer"
"NETGEAR WNDR3700"
"DI-804HV"
"Login to the Router Web Configurator"
"Linksys WAG200G "
"NETGEAR DG834GT "
"Linksys BEFSX41"
"NETGEAR DGN2000 "
"Linksys BEFW11S4 V4"
"Thomson Gateway"
"SpeedTouch"
"NETGEAR DG834GT "
"SpeedTouch (00-90-D0-23-4C-0F)"
"Linksys BEFVP41"
"Bandwidth Management Gateway Administration Tools"
"RP614v4"
"WRT54GL"
"WRT54GL"
"Camera Server"
"WRT160NL"
"NETGEAR DG834PN "
"SpeedTouch"
"SpeedTouch"
"wrt54g-a"
server
"WRT54GS-DE"
"NETGEAR WNDR3700"
"netcam"
"Schwenk-/Neige-Netzwerkkamera WLAN"
"."
"SpeedTouch"
"NETGEAR DG834PN "
"NETGEAR DG834PN "
"dreambox"
"NETGEAR DG834G "
"RP614v4"
"Linksys WRT350N"
"SpeedTouch"
"SpeedTouch"
"WRV200"
"Linksys BEFSR41"
"Welcome to IPCam !"
"NETGEAR WNDR3700"
"NETGEAR DGN3500 "
"Thomson Gateway"
"HSG"
"WRT54GL"
"NETGEAR DGN3500 "
"WGT624"
"NETGEAR DG834G "
"streaming_server"
"dreambox"
"SpeedTouch"
"dreambox"
"Broadband Router"
"NETGEAR DG834GT "
"WRT54GL"
"SpeedTouch"
"WRT54GL"
"Harry_RV042"
"Welcome to IPCam !"
"DI-624"
"TVIP10050
"NETGEAR DGN2000 "
"dreambox"
"Login to the Router Web Configurator"
"SpeedTouch (00-0E-50-43-08-8D)"
"Login to the Router Web Configurator"
"RT314"
"Login to the Router Web Configurator"
"Broadband Router"
"server
"MEHTTPMail"
"whkollerschlag"
"SpeedTouch (00-90-D0-F9-75-16)"
"WRT54GL"
"Login to the Router Web Configurator"
"Router"
"NET Disk"
"LOOK SSK"
"TVIP21050"
"Login to the Router Web Configurator"
"server
"WPN824"
"Linksys BEFSX41"
"Login to the Router Web Configurator"
"DI-804HV"
"WRT54G2" 
"Linksys BEFSX41"
"RP614v4"
"Sport at Fashion"
"SpeedTouch (00-90-D0-F9-74-F4)"
"SpeedTouch (00-90-D0-F9-73-B4)"
"WRT54G2"
"Login to the Router Web Configurator"
"SpeedTouch (00-90-D0-93-37-2C)"
"General User"
"WGR614v7"
"Login to the Router Web Configurator"
"SpeedTouch (00-0E-50-42-14-BD)"
"RP614v4"
"User Authentication"
"Login to the Router Web Configurator"
"Broadband Router"
"Login to the Router Web Configurator"
"SpeedTouch (00-90-D0-79-E9-51)"
"woesskurt43"
"WRT610N"
"WGT624v3"
"Wireless Router (username
"WRT54GL"
"SpeedTouch (00-90-D0-F9-71-F9)"
"Linksys BEFSR41v4"
"Wettcafe"
"SpeedTouch (00-90-D0-F9-85-DF)"
"Login to the Router Web Configurator"
"DI-804HV"
"DI-804HV"
"eapROUTE01"
"SpeedTouch (00-90-D0-F8-6D-A3)"
"Login to the Router Web Configurator"
"IPS-0008"
"RP614v4"
"Default
"User Authentication"
"Netcam"
"Default
"Linksys BEFSR41v4"
"stadler"
"winklerute"
"CONNECT2AIR AP-600RP-USB LOGIN Enter Password (default is connect)"

"Prestige 782R"
"SpeedTouch (00-0E-50-51-71-85)"
"DI-804HV"
"FAIT internal network"
"Linksys BEFSR41v4"
"Login to the Router Web Configurator"
"Linksys BEFVP41"
"PCS-1 Web Control"
"SpeedTouch (00-90-D0-F9-66-1D)"
"WRT54GS-DE"
"WRT54GL"
"WL500g.Deluxe V"
"WRT54GL"
"WRT54G3G"
"dreambox"
"WPN824"
"NETGEAR WNDR3700"
"Kroiss"
"User Authentication"
"WRT54GL"
"Login to the Router Web Configurator"
""Bitte SafeWord Passwort eingeben!" "
"RP614v4"
"SpeedTouch (00-90-D0-F5-39-82)"
"Geierwally Bühne"
"WRT54GL"
"User Authentication"
"DI-624"
"Login to the Router Web Configurator"
"83.65.191.218"
"Login to the Router Web Configurator"
"WRT54GL"
"WGT624"
"Ascotel domain"
"WG602V3"
"DI-524"
"Linksys BEFSR41"
"level 15 access"
"/"
"SpeedTouch (00-90-D0-F5-3C-17)"
"HSG"
"NeedPassword"
"level 15 access"
"WL500g"
"WRT610N"
"WGR614v5"
"call43_ahooly_1160_Neulerchenfelder72"
"RP614v4"
"DI-824VUP+"
"TVIP51500"
"General User"
"SpeedTouch (00-0E-50-51-71-85)"
"Login to the Router Web Configurator"
"DI-804HV"
"User Authentication"
"WRT54GL"
"Login to the Router Web Configurator"
"WRT54GL"
"Login to the Router Web Configurator"
"WRT54GL"
"Broadband Router"
"Login to the Router Web Configurator"
"lasser"
"Geierwally Bühne"
"WRT54G" 
"User Authentication"
"DI-824VUP+"
"General User"
"Linksys BEFVP41"
"LOOK"
"nagios"
"Login to the Router Web Configurator"
"AVINOC restricted area - Webstats XS7"
"WL520g"
"NETGEAR WNR3500"
"DI-804HV"
"Broadband Router"
"DI-804HV"
"SpeedTouch (00-90-D0-F9-99-97)"
"WatchGuard SOHO 6 TC Configuration"
"Linksys BEFSR41"
"Login to the Router Web Configurator"
"Login to the Router Web Configurator"
"WRT54G" 
"User Authentication"
"NETGEAR WGR614v8"
"RP614v4"
"MEHTTPMail"
"Linksys BEFSR81"
"wurmalois54"
"WRT54GL"
"NETGEAR WNDR3700"
"Linksys BEFSR41"
"WRT54GL"
"WGT624"
"Prestige 782R"
"AG 2100"
"SpeedTouch (00-90-D0-AB-2E-BA)"
"Linksys BEFSR81"
"Login to the Router Web Configurator"
"DI-604"
"fobs_router"
"Linksys BEFVP41"
"SpeedTouch (00-90-D0-79-EC-28)"
"tomato"
"DI-604"
"Linksys BEFSR81"
"WRT54G" 
"Login to the Router Web Configurator"
"WRT54GL"
"reischl"
"Turmhof Videoserver"
"NET Disk"
"WestSide"
"WRT54GL"
"Linksys WAG54GS "
"Linksys WRT300N"
"server
"SpeedTouch (00-90-D0-93-38-27)"
"server
"WRT320N"
"SpeedTouch (00-90-D0-AB-32-69)"
"DI-804HV"
"Web Server Authentication"
" Configuration"
"WRT54GL"
"Login to the Router Web Configurator"
"WRT160NL"
"SpeedTouch (00-0E-50-42-14-BD)"
"HP J4887A"
"SpeedTouch (00-90-D0-93-38-E8)"
"WGR614v6"
"Broadband Router"
"P3"
"Picco"
"WRT54GL"
"WRT54GL"
"DI-624+"
"HSG"
"WRT54GS" 
"WRT54GL"
"Login to the Router Web Configurator"
"dreambox"
"Default
"NET Disk"
"stadlbauerandreas"
"DD-WRT"
"Login to the Router Web Configurator"
"HT-WIEN.local"
"SpeedTouch (00-90-D0-F5-3C-6E)"
"Fortuna"
"TVIP10000
"Login to the Router Web Configurator"
"Broadband Router"
"Login to the Router Web Configurator"
"WRT54G2"
"WRT54GL"
"Login to the Router Web Configurator"
"RP614v4"
"Linksys BEFSR41"
"Login to the Router Web Configurator"
"WPN824v2"
"WGT624v3"
"WPN824"
"Thomson"
"tomato"
"Thomson"
"WGR614v7"
"WRT54GL"
"WRT54GL"
"[Tomato VPN 1.27]-@-[LINKSYS]"
"NETGEAR WGR614v9"
"NETGEAR WNDR3700"
"Linksys WRT54GR"
"DI-624+"
"dreambox"
"WPN824v2"
"WRT54GL"
"1030cengiz"
"WGT624"
"WRT54GL"
"WGR614v6"
"dreambox"
"dreambox"
"NETGEAR WNDR3700"
"dreambox"
"dreambox"
"NETGEAR WNR2000v2"
"dreambox"
"WRT54GL"
"WRT54GL"
"WGR614v5"
"dreambox"
"U.S. Robotics Wireless MAXg Router"
"System Setup"
"RP614v4"
"dreambox"
"Router01"
"dreambox"
"WRT54G" 
"Login to the Router Web Configurator"
"NETGEAR WNR834B"
"Thomson"
"Thomson"
"dreambox"
"NETGEAR WGR614v9"
"NETGEAR WNR3500v2"
"RP614v4"
"dreambox"
"server
"dreambox"
"NETGEAR WGR614v9"
"WGT624"
"Wireless Router"
"WRT54GS" 
"dreambox"
"WRT54GS" 
"WGR614v7"
"NETGEAR WNDR3700"
"WGT624"
"WRT54GL"
"WGR614v6"
"WRT54GL"
"Login to the Router Web Configurator"
"Thomson"
"OpenWrt"
"RP614v4"
"dreambox"
"NETGEAR WNDR3700"
"Linksys BEFW11S4 V4"
"NETGEAR WGR614v9"
"WRT54GL"
"Broadband Router"
"Thomson"
"DI-624+"
"dreambox"
"WGR614v7"
"WPN824v2"
"dreambox"
"Thomson"
"WRT54GSV4"
"server"
"dreambox"
"WRT54GS" 
"Welcome to IPCam !"
"Broadband Router"
"Thomson"
"dreambox"
"WRT54GSV4"
"WRT320N"
"Linksys BEFSR41"
"dreambox"
"streaming_server"
"dreambox"
"Thomson"
"dreambox"
"Linksys BEFSR81"
"Thomson"
"Thomson"
"Restricted"
"dreambox"
"Thomson"
"RP614v4"
"WRT54GL"
"dreambox"
"call43_ahooly_1100_Shalom"
"WGT624"
"Thomson"
"Linksys BEFSR81"
"WRT54G"
"WRT54G" 
"dreambox"
"WRT150N"
"dreambox"
"WGR614v7"
"dreambox"
"WGR614v7"
"Broadband Router"
"Thomson"
"Thomson"
"WGR614v7"
"DI-524"
"Thomson"
"WRT54GS"
"WGR614v7"
"RP614v4"
"WRT54GL"
"WGR614v7"
"dreambox"
"WRT160N"
"ROUTER_ORDI"
"NETGEAR WNDR3700"
"streaming_server"
"WGR614v6"
"dreambox"
"WRT54GL"
"dreambox"
"WGR614v7"
"dreambox"
"WL500g.Premium"
"call43_ahooly_1030"
"Thomson"
"MK"
"dreambox"
"NASServer"
"dreambox"
"L+P"
"WRT320N"
"Linksys BEFW11S4"
"WRT160Nv3"
"WRT54GL"
"Welcome to IPCam !"
"NETGEAR WGR614v9"
"RP614v4"
"Broadband Router"
"WGR614v6"
"Thomson"
"WRT54G" 
"Thomson"
"WRT54G" 
"WPN824v2"
"Broadband Router"
"Thomson"
"WPN824v2"
"WRT54G"
"TP-LINK Wireless N Router WR841N"
"NETGEAR WNDR3300"
"dreambox"
"WRT54GL"
"WGR614v7"
"Thomson"
"server
"WGT624v3"
"Broadband Router"
"WRT54GL"
"WRT54GS" 
"WGT624"
"NETGEAR WGR614v9"
"WGR614v7"
"dreambox"
"Thomson"
"Wireless Access Point"
"WRT54GL"
"dreambox"
"WRT54GL"
"WRT610N"
"Broadband Router"
"Linksys WRT350N"
"WRT54G" 
"Thomson"
"WGR614v7"
"WRT54G"
"WGT624"
"Broadband Router"
"dreambox"
"DI-524"
"WGR614v7"
"Thomson"
"Thomson"
"WRT54GL"
"Login to the Router Web Configurator"
"dreambox"
"Thomson"
"WPN824v2"
"WRT54GL"
"WGT624"
"WGR614v5"
"NETGEAR WNR2000v2"
"dreambox"
"Broadband Router"
"Thomson"
"WL520g"
"WRT54GL"
"WG602V3"
"WRT54G"
"EuroRouter"
"Thomson"
"NETGEAR WGR614v9"
"Broadband Router"
"WGR614v7"
"WGR614v6"
"RP614v4"
"Thomson"
"NETGEAR WGR614v9"
"DI-624+"
"WGR614v7"
"server
"dreambox"
"NETGEAR WGR614v9"
"WRT160NL"
"WPN824v2"
"WGR614v7"
"WGR614v6"
"Thomson"
"dreambox"
"Web Manager"
"Broadband Router"
"WRT54G" 
"WRT54GL"
"DD-WRT"
"U.S. Robotics Wireless MAXg Router"
"DI-624+"
"NeedPassword"
"dreambox"
"Thomson"
"Broadband Router"
"NETGEAR WNR3500L"
"dreambox"
"Thomson"
"WL530g-V2   "
"NETGEAR WNDR3700"
"WRT160Nv2"
"dreambox"
"Broadband Router"
"WGR614v6"
"U.S. Robotics Wireless MAXg Router"
"WGR614v7"
"dreambox"
"dreambox"
"mara-router"
"Thomson"
"DI-524"
"Broadband Router"
"WRT54G" 
"dreambox"
"dreambox"
"DI-524"
"RP614v4"
"Thomson"
"NET Disk"
"Thomson"
"tomato"
"NETGEAR WNDR3700"
"NETGEAR WNDR3700"
"WGR614v5"
"Thomson"
"WGR614v7"
"NETGEAR WNR2000v2"
"dreambox"
"dreambox"
"WRT54GL"
"dreambox"
"WRT54G"
"WRT54G3G"
"HYPER-WRT54G"
"WRV200"
"dreambox"
"dreambox"
"dreambox"
"dreambox"
"Stoiser"
"Thomson"
"WRT160NL"
"dreambox"
"Default
"WL-500gP V2"
"WRT54G" 
"f2n-CityPark"
"Thomson"
"NETGEAR WNR2000v2"
"NETGEAR WNDR3300"
"WPN824v2"
"tomato"
"NETGEAR WGR614v9"
"Default
"dreambox"
"Thomson"
"streaming_server"
"dreambox"
"WGT624v3"
"Broadband Router"
"WRT54GL"
"tomato"
"WRT120N"
"Broadband Router"
"WGT624"
"dreambox"
"Broadband Router"
"Thomson"
"Linksys BEFSR81"
"WRT54GL"
"NETGEAR WNR3500L"
"U.S. Robotics Wireless MAXg Router"
"Broadband Router"
"dreambox"
"WGR614v7"
"WRT54G" 
"WRT54GL"
"WRT54GL"
"dreambox"
"WRT54GL"
"WRT160NL"
"WRT54G"
"WRT54GL"
"WRT54GL"
"Thomson"
"WGR614v7"
"WRT54G"
"WGT624"
"Thomson"
"NETGEAR WNDR3700"
"WGR614v7"
"dreambox"
"DD-WRT"
"dreambox"
"NETGEAR WGT624v4"
"DI-524"
"WRT54G" 
"Thomson"
"WRT54G"
"r43"
"Thomson"
"WRV200"
"WGR614v6"
"MSI Wireless Broadband Router"
"Thomson"
"NETGEAR WGR614v9"
"WGR614v7"
"WGR614v6"
"WRT160Nv2"
"dreambox"
"Linksys BEFSR41"
"WRT54G" 
"MR814v2"
"Default
"NETGEAR WGR614v9"
"Thomson"
"WGR614v5"
"WRT54GSV4"
"dreambox"
"NETGEAR WPNT834"
"mh"
"System Setup"
"WR01"
"Thomson"
"NETGEAR WNR834B"
"WRT54GH"
"Thomson"
"WGT624v3"
"dreambox"
"Broadband Router"
"NETGEAR WNR2000v2"
"enigma"
"Thomson"
"server
"Thomson"
"WRT54GL"
"NETGEAR WGR614v9"
"WGR614v6"
"dreambox"
"NETGEAR WNDR3700"
"WRT54G2" 
"Thomson"
"NETGEAR WGR614v9"
"WG602V3"
"WPN824v2"
"Broadband Router"
"FABRT01"
"Thomson"
"WGR614v7"
"Broadband Router"
"dreambox"
"WRT54GL"
"WRT54GL"
"aon"
"dreambox"
"RP614v4"
"WGT624"
"Thomson"
"MR814v2"
"Thomson"
"dreambox"
"DD-WRT54GS"
"Broadband Router"
"dreambox"
"Thomson"
"NETGEAR WGR614v9"
"Thomson"
"Broadband Router"
"MR814v2"
"schnuk"
"WPN824v2"
"."
"NETGEAR WGR614v9"
"WGR614v6"
"Thomson"
"Thomson"
"WPN824v2"
"NETGEAR WNDR3700"
"dreambox"
"WGR614v6"
"DI-524"
"WRT54GL"
"WGR614v6"
"RoesslerWRT"
"WGR614v6"
"WRT54GL"
"dreambox"
"WGR614v6"
"Wireless Router"
"WRT54G"
"Thomson"
"dreambox"
"dreambox"
"MR814v2"
"Thomson"
"WRT160Nv2"
"Thomson"
"dreambox"
"Thomson"
"WGR614v7"
"Thomson"
"DI-524"
"Internet Camera"
"Thomson"
"WRT54GL"
"NETGEAR WGR614v9"
"dreambox"
"WRT54GS-DE"
"dreambox"
"Thomson"
"WRT54GL"
"NETGEAR DG834N "
"DD-WRT"
"NETGEAR WGR614v9"
"Thomson"
"Broadband Router"
"NETGEAR WNDR3700"
"Broadband Router"
"NETGEAR WNDR3700"
"Thomson"
"U.S. Robotics Wireless MAXg Router"
"Thomson"
"NETGEAR WGR614v9"
"Broadband Router"
"Netcam"
"TG01"
"Thomson"
"Thomson"
"WGT624"
"Thomson"
"Thomson"
"Thomson"
"Thomson"
"dreambox"
"WRT54G"
"Linksys WRVS4400N "
"Thomson"
"WRT54G" 
"NETGEAR WGR614v9"
"dreambox"
"dreambox"
"NETGEAR WNDR3700"
"dreambox"
"DI-624+"
"Linksys BEFVP41"
"WGR614v7"
"dreambox"
"NETGEAR WGR614v9"
"Thomson"
"DI-624"
"WRT160NL"
"dreambox"
"WGR614v5"
"gatekeeper"
"WGR614v7"
"Broadband Router"
"WRT54GL"
"dreambox"
"NETGEAR WGR614v9"
"WGR614v6"
"WGT624v3"
"WL500g"
"WGR614v7"
"dreambox"
"DD-WRT"
"WGR614v7"
"NETGEAR WGR614v9"
"WGR614v7"
"dreambox"
"Thomson"
"Broadband Router"
"WRT54G" 
"DI-524"
"WRT54GL"
"WRT54GCv3"
"Thomson"
"Thomson"
"Thomson"
"WRT54GL"
"dreambox"
"WGR614v7"
"dreambox"
"dreambox"
"U.S. Robotics Wireless MAXg Router"
"Broadband Router"
"dreambox"
"WGR614v7"
"WRT54GL"
"dreambox"
"LSPHILL01"
"NETGEAR WGR614v9"
"dreambox"
"Broadband Router"
"Thomson"
"NETGEAR WGR614v9"
"WGT624"
"WGR614v7"
"dreambox"
"WGT624"
"WPN824"
"Convision Video Webserver"
"dreambox"
"dreambox"
"WRT160Nv3"
"WGR614v6"
"Thomson"
"WRT54GL"
"WRT54GL"
"NETGEAR WNR834B"
"dreambox"
"NETGEAR WGR614v9"
"WGR614v7"
"Thomson"
"Thomson"
"optimusprime"
"WL500g.Premium"
"Login as admin"
"dreambox"
"WGT634U"
"Thomson"
"WGT624"
"WRT54GL"
"WRT54GL"
"Thomson"
"WGT624v3"
"NETGEAR WGR614v9"
"WRT54GL"
"Transmission"
"Linksys WRT350N"
"WGR614v7"
"Thomson"
"WGT624"
"dreambox"
"WRT54GL"
"dreambox"
"Marija"
"WRT54GL"
"localhost"
"WRT54G"
"call43_ahooly_1050"
"dreambox"
"WRT54GL"
"dreambox"
"WGT624"
"Login to the Router Web Configurator"
"NETGEAR WNDR3700"
"RP614v4"
"Thomson"
"WGR614v7"
"dreambox"
"Thomson"
"dreambox"
"WRT610N"
"DI-624+"
"Thomson"
"MR814v2"
"Thomson"
"Thomson"
"Thomson"
"WGR614v6"
"DVBViewer"
"WGR614v7"
"Welcome to IPCam !"
"WPN824"
"WGR614v6"
"dreambox"
"WGR614v7"
"dreambox"
"Thomson"
"dreambox"
"Thomson"
"WRT54GL"
"Thomson"
"Broadband Router"
"WRT310N"
"WRT54GL"
"WRT54G"
"WGR614v7"
"FWG114P"
"Linksys WRT350N"
"dreambox"
"dreambox"
"dreambox"
"WRT54G2" 
"Broadband Router"
"NETGEAR WNR3500"
"dreambox"
"dreambox"
"dreambox"
"Thomson"
"NETGEAR WGR614v9"
"WRT54GL"
"tomato"
"WGR614v6"
"DVBViewer"
"System Setup"
"WGR614v7"
"dreambox"
"MR814"
"Thomson"
"Thomson"
"Broadband Router"
"WRT54GL"
"WPN824"
"Thomson"
"WGR614v6"
"WRT54G"
"tomato"
"server
"HSG"
"WGR614v5"
"dreambox"
"WRT54G"
"dreambox"
"Thomson"
"WGT624"
"DI-524"
"WGR614v6"
"NETGEAR WNDR3300"
"Thomson"
"Thomson"
"enigma"
"dreambox"
"NETGEAR WGR614v9"
"WPN824v2"
"WGR614v7"
"dreambox"
"dreambox"
"Thomson"
"DI-624+"
"dreambox"
"dreambox"
"U.S. Robotics Wireless MAXg Router"
"WRT160N"
"Broadband Router"
"dreambox"
"NETWORK HDD"
"WRT600N"
"Wireless Access Point"
"NETGEAR WGR614v9"
"Thomson"
"WGR614v7"
"WRT54GS"
"NETGEAR WNDR3700"
"WGT624v3"
"WRT54GL"
"WGR614v6"
"dreambox"
"DI-804HV"
"Broadband Router"
"WRT54GL"
"Linksys BEFSR41"
"WPN824v2"
"WGR614v6"
"WRT160Nv3"
"dreambox"
"dreambox"
"Thomson"
"Thomson"
"dreambox"
"WRT54G2" 
"Thomson"
"WGT624"
"DI-604"
"NETGEAR WGR614v9"
"WPN824"
"WGR614v5"
"Thomson"
"WRT54GL"
"dreambox"
"WRT54GS"
"WRT54G" 
"WGT634U"
"dreambox"
"WG602 v2"
"dreambox"
"WRT54G"
"dreambox"
"WGT624v3"
"Broadband Router"
"dreambox"
"dreambox"
"WRT54GL"
"WRT54G" 
"streaming_server"
"RP614v4"
"MLdonkey"
"WRT54GS"
 "You need ID",
"NETGEAR WNR3500L"
"Thomson"
"NET Disk"
"Broadband Router"
"streaming_server"
"WRT54GL"
"dreambox"
"Login to the Router Web Configurator"
"WRT54GL"
"dreambox"
"AirStation"
"dreambox"
"WRT54GL"
"DI-524"
"DI-624+"
"WGR614v7"
"WRT54GL"
"Default
"DI-624+"
"WRT54G"
"WPN824v2"
"NETGEAR WGR614v9"
"Thomson"
"NETGEAR WNR2000v2"
"WL500g.Premium"
"WGT624"
"Thomson"
"WRT54GL"
"Wireless Access Point"
"Thomson"
"dreambox"
"Broadband Router"
"dreambox"
"WRT54GSV4"
"WGR614v6"
"NETGEAR WNDR3300"
"Broadband Router"
"dreambox"
"BACKBONE"
"WRT54GL"
"Thomson"
"WRT54G" 
"NETGEAR WNR834B"
"/"
"Thomson"
"Broadband Router"
"NETGEAR WGR614v9"
"NETGEAR WGR614v9"
"yhhtpd
"WGR614v7"
"WRT54GL"
"WGR614v7"
"dreambox"
"Broadband Router"
"WL500gp"
"WRT54G2" 
"dreambox"
"NETGEAR WNR834Bv2"
"NETGEAR WGR614v9"
"WGR614v7"
"WGR614v7"
"WGR614v7"
"NETGEAR WNDR3700"
"dreambox"
"dreambox"
"WPN824v2"
"WGR614v6"
"dreambox"
"WRT54G" 
"NETGEAR WNR834Bv2"
"WGR614v5"
"NETGEAR WNDR3700"
"Broadband Router"
"DI-524"
"WRT54GL"
"Thomson"
"WGR614v7"
"Broadband Router"
"dreambox"
"NETGEAR WNDR3700"
"WRT54GS" 
"WGT624"
"Wireless Router"
"dreambox"
"WGR614v7"
"WRT160NL"
"Broadband Router"
"Wireless Broadband Router"
"WASCHER"
"Thomson"
"dreambox"
"Broadband Router"
"dreambox"
"dreambox"
"DI-614+"
"NETGEAR WGR614v9"
"dreambox"
"Maschu1 Buffalo WHR-G54"
"dreambox"
"DI-524"
"DI-524"
"WGR614v7"
"NETGEAR WNR3500L"
"dreambox"
"Linksys BEFSR41v4"
"dreambox"
"WRT54GL"
"dreambox"
"NETGEAR WGR614v9"
"WRT54GL"
"Thomson"
"WGR614v7"
"Thomson"
"WPN824v2"
"Linksys BEFSR41"
"NETGEAR WNR2000v2"
"WRT54GCv3"
"dreambox"
"Thomson"
"WGT624"
"Thomson"
"dreambox"
"Broadband Router"
"NETGEAR WNR3500L"
"WGR614v7"
"WGR614v7"
"Router WHG 16"
"System Setup"
"dreambox"
"WGR614v7"
"dreambox"
"NETGEAR WNR3500L"
"NETGEAR WNDR3700"
"dreambox"
"NETGEAR WGR614v9"
"NETGEAR WGR614v9"
"dreambox"
"dreambox"
"dreambox"
"Broadband Router"
"WGR614v7"
"NETGEAR WGR614v9"
"dreambox"
"WRT54GL"
"WGT624"
"dreambox"
"dreambox"
"WRT54GL"
"NeedPassword"
"dreambox"
"RP614v4"
"NETGEAR WNR3500"
"zeitlrouter"
"WGT624"
"WGR614v7"
"WRT54GL"
"streaming_server"
"NETGEAR WGR614v9"
"FM114P"
"Linksys BEFSX41"
"WGR614v6"
"Wireless Router"
"dreambox"
"Thomson"
"WRT54GL"
"dreambox"
"WRT54GL"
"WGR614v6"
"WRT54GS"
"WGR614v7"
"WGR614v7"
"DD-WRT"
"Thomson"
"Thomson"
"WGR614v7"
"DI-524"
"WRT54G"
"dreambox"
"Thomson"
"DI-624"
"dreambox"
"WGR614v6"
"NETGEAR WNR3500L"
"WRT54G" 
"WRT54G" 

"WGR614v6"
"WGR614v6"
"gludROUTE01"
"Linksys BEFW11S4"
"Thomson"
"ROUTERPIWNICA"
"WGR614v5"
"Login to the Router Web Configurator"
"WRT54GL"
"Thomson"
"HomeSeer0"
"NETGEAR WGT624v4"
"call43_ahooly_1140_huglg_exErhan"
"DD-WRT"
"Thomson"
"WRT54G" 
"peter-wrtg54"
"WGT624"
"BHWIRELESS"
"Broadband Router"
"Thomson"
"JOHANN_WRT54GS" 
"Thomson"
"WRT54G" 
"WGR614v6"
"WGR614v5"
"WL500g"
"WGR614v7"
"WPN824v2"
"NETGEAR WNDR3700"
"Thomson"
"dreambox"
"WGT624v3"
"WL500W"
"dreambox"
"NeedPassword"
"dreambox"
"WRT54G"
"WRT160Nv3"
"Torwaechter"
"Thomson"
"NETGEAR WGR614v9"
"Broadband Router"
"NETGEAR WNR2000v2"
"Thomson"
"dreambox"
"TVIP20050
"NETGEAR WNDR3700"
"WGR614v7"
"WRT120N"
"dreambox"
"NETGEAR WGR614v9"
"dreambox"
"NETGEAR WNR834Bv2"
"Broadband Router"
"WGT624"
"gd.linksys"
"Thomson"
"Thomson"
"NETGEAR WGR614v9"
"Thomson"
"WRT54G" 
"WRT54GL"
"WGR614v7"
"WPN824v2"
"WRT54GL"
"WRT54G" 
"Thomson"
"ACQROUTER1"
"dreambox"
"NETGEAR WGR614v9"
"WRT54GL"
"server
"WRT54GL"
"WGR614v6"
"Thomson"
"DI-524"
"dreambox"
"Home-2"
"WRT320N"
"NETGEAR WNR2000v2"
"WGR614v6"
"NETGEAR WNDR3700"
"dreambox"
"WGR614v7"
"WGR614v7"
"WGR614v7"
"dreambox"
"WRT54G-DE"
"NETGEAR WGR614v9"
"dreambox"
"WRT320N"
"WGT624"
"WL500g.Premium"
"WRT54G" 
"Broadband Router"
"WGR614v7"
"WGR614v6"
"DI-524"
"WGR614v7"
"WPN824"
"NETGEAR WGR614v9"
"Broadband Router"
"WGR614v7"
"WGT624"
"server
"dreambox"
"DI-604"
"WRT54G2" 
"dreambox"
"WRT54GL"
"Thomson"
"NETGEAR WGR614v9"
"Thomson"
"NETGEAR WGR614v9"
"dreambox"
"WGR614v6"
"NETGEAR WNR3500"
"WGR614v7"
"Thomson"
"DI-624"
"dreambox"
"."
"WPN824v2"
"NETGEAR WNR3500"
"WPN824v2"
"AP-Router"
"Thomson"
"Login to the Router Web Configurator"
"Thomson"
"NETGEAR WGR614v9"
"TG01"
"Thomson"
"dreambox"
"DI-624"
"WGR614v6"
"WRT54G"
"Broadband Router"
"WRT54G" 
"WRT54GL"
"WPN824v2"
"streaming_server"
"WGR614v7"
"dreambox"
"dreambox"
"WGR614v7"
"U.S. Robotics Wireless MAXg Router"
"NETGEAR WGT624v4"
"Thomson"
"NETGEAR WGR614v9"
"WGR614v6"
"DD-WRT WRT54GL"
"server
"Thomson"
"dreambox"
"WRT54GL"
"dreambox"
"dreambox"
"WL500g.Premium"
"NET Disk"
"WRT54GL"
"NETGEAR WNDR3300"
"RP614v4"
"WGR614v7"
"U.S. Robotics Wireless MAXg Router"
"WRT54GL"
"server
"Broadband Router"
"dreambox"
"WRT54GL"
"Thomson"
"dreambox"
"WRT54GL"
"dreambox"
"dreambox"
"NETGEAR DGN2000 "
"Thomson"
"NETGEAR WNDR3700"
"dreambox"
"Login to the Router Web Configurator"
"WPN824"
""
"dreambox"
"WGR614v6"
"dreambox"
"WRT54GL"
"WRT54GL"
"WPN824v2"
"Thomson"
"dreambox"
"Thomson"
"dreambox"
"dreambox"
"dreambox"
"NETGEAR WGR614v9"
"WRT54GL"
"WGR614v5"
"NETGEAR WGR614v9"
"WRT54GL"
"WRT54GL"
"WGR614v7"
"DI-614+"
"WRT54GL"
"System Setup"
"Linksys BEFSR41"
"WGR614v7"
"WGR614v5"
"dreambox"
"WRT54G" 
"WRT54G" 
"WPN824"
"Thomson"
"NETGEAR WGR614v9"
"wrt54gl"
"dreambox"
"Thomson"
"NETGEAR WNDR3700"
"WRT54GL"
"WGR614v6"
"PLINIUS4"
"Broadband Router"
"DI-524"
"NETGEAR WNR3500"
"WGT624"
"dreambox"
"dreambox"
"call43_ahooly_1030_schlachthausg"
"dreambox"
"dreambox"
"UterWrt"
"dreambox"
"WRT54GL"
"WRT54G"
"WGR614v7"
"boisits"
"WRT54GCv3"
"dreambox"
"WRT54G" 
"NETGEAR WGR614v9"
"NETGEAR WGR614v9"
"call43_ahooly_1100_Quellenstr104_Vural"
"."
"NETGEAR WNDR3700"
"WGR614v7"
"WRT54GL"
"Firewall "
"Broadband Router"
"NETGEAR WNDR3700"
"WRT54GS" 
"Broadband Router"
"dreambox"
"Wolfgang"
"Thomson"
"WGR614v7"
"dreambox"
"Broadband Router"
"dreambox"
"WGT624v3"
"Broadband Router"
"WG602V3"
"WGR614v6"
"WRT54GL"
"WL500g.Premium"
"WGR614v5"
"Broadband Router"
"WPN824"
"dreambox"
"Default
"Thomson"
"WRT54GL"
"WGR614v7"
"NETGEAR WGR614v9"
"WGR614v7"
"dreambox"
"Thomson"
"NETGEAR WGR614v9"
"Thomson"
"Linksys BEFSR41"
"dreambox"
"WGR614v7"
"NETGEAR WNR2000v2"
"NETGEAR WGT624v4"
"streaming_server"
"Thomson"
"Thomson"
"dreambox"
"WGR614v6"
"WRT54GL"
"WRT54GL"
"WRT54GL"
"NETGEAR WNR3500v2"
"DI-624+"
"dreambox"
"WGT624"
"WGR614v5"
"WGR614v6"
"WRT160Nv2"
"WGR614v7"
"Thomson"
"Thomson"
"Broadband Router"
"dreambox"
"call43_aho_1050_fikrie"
"WGR614v7"
"WGT624v3"
"Thomson"
"dreambox"
"NETGEAR WNDR3700"
"WRT54G" 
"dreambox"
"dreambox"
"NETGEAR WGR614v9"
"Broadband Router"
"Broadband Router"
"NETGEAR WGR614v9"
"dreambox"
"Broadband Router"
"DI-524"
"NETGEAR WGR614v9"
"RP614v4"
"WGR614v6"
"NETGEAR WNDR3700"
"Thomson"
"WGR614v6"
"WRT54G2" 
"Thomson"
"DI-624+"
"NETGEAR WGR614v9"
"WRT610N"
"Thomson"
"dreambox"
"dreambox"
"dreambox"
"NETGEAR WGR614v9"
"dreambox"
"dreambox"
"dreambox"
"NETGEAR WNDR3700"
"tomato"
"dreambox"
"server
"WGR614v7"
"dreambox"
"Default
"dreambox"
"WPN824v2"
"Thomson"
"server
"dreambox"
"NETGEAR WGR614v9"
"NETGEAR WGR614v9"
"Thomson"
"WRT54GL"
"FWG114P"
"Welcome to IPCam !"
"WGR614v7"
"WGR614v7"
"Thomson"
"WGR614v7"
"dreambox"
"WPN824"
"WRT54GL0"
"RP614v4"
"WGR614v7"
"WGR614v7"
"NETGEAR WNR3500v2"
"Thomson"
"System Setup"
"Thomson"
"dreambox"
"dreambox"
"WRT54G" 
"RT-N16"
"WRT54GL"
"DI-624+"
"WGR614v7"
"WL500g"
"RP614v4"
"dreambox"
"WGR614v6"
"BlueHome"
"RP614v4"
"Thomson"
"dreambox"
"dreambox"
"WGR614v7"
"RP614v4"
"WGT624v3"
"WRT54G" 
"NETGEAR WGR614v9"
"WRT54GL"
"dreambox"
"WGT624"
"hupsirouter"
"dreambox"
"Thomson"
"Thomson"
"WRT54GH"
"Thomson"
"WGR614v6"
"NETGEAR WNR3500v2"
"WRT54GL"
"server
"WRT54GL"
"DI-524"
"Broadband Router"
"WRT54GL"
"Broadband Router"
"dreambox"
"Broadband Router"
"WGR614v7"
"WGR614v7"
"WRT150N"
"WL500g"
"WRT54GS" 
"WRT54GL"
"WRT54GL"
"dreambox"
"dreambox"
"buschfunk"
"TP-LINK Wireless N Router WR941N"
"NETGEAR WNR3500v2"
"RP614v4"
"dreambox"
"Thomson"
"WGR614v7"
"WGR614v6"
"dreambox"
"Huberth"
"Broadband Router"
"NeedPassword"
"WRT54GL"
"WRT54GL"
"adil" 
"Login to the Router Web Configurator"
"dreambox"
"NETGEAR WNDR3700"
"WGT624v3"
"WGT624v3"
"Thomson"
"dreambox"
"WGR614v7"
"DI-524"
"Broadband Router"
"WGT624"
"Linksys BEFSX41"
"Thomson"
"WGR614v7"
"Thomson"
"Broadband Router"
"DI-524"
"dreambox"
"Login to the Router Web Configurator"
"dreambox"
"Thomson"
"WRT54G" 
"dreambox"
"WRT160Nv3"
"WRT54GL"
"dreambox"
"dreambox"
"Thomson"
"Login to the Router Web Configurator"
"WGT624"
"Default
"WRT54GL"
"dreambox"
"WGR614v7"
"WRT54GS" 
"dreambox"
"DI-804HV"
"WPN824v2"
"WRT54G3G"
"NETGEAR WGR614v9"
"server
"WGR614v7"
"zuludelta250709"
"Netcam"
"dreambox"
"WGR614v7"
"NETGEAR WNDR3700"
"RP614v4"
"dreambox"
"WRT54GL"
"NETGEAR WNDR3300"
"WRT54GL"
"NETGEAR WGR614v9"
"NETGEAR WNDR3700"
"DD-WRT"
"NETGEAR WNR3500"
"Linksys BEFSR41v4"
"NETGEAR WGR614v9"
"dreambox"
"Thomson"
"NETGEAR WNDR3700"
"WRV210"
"dreambox"
"WRT54GL"
"WGR614v7"
"Convision Video Webserver"
"Thomson"
"dreambox"
"dreambox"
"dreambox"
"WGR614v7"
"WGT634U"
"dreambox"
"dreambox"
"NeedPassword"
"RP614v4"
"CMTS-Monitoring-System"
"."
"Traffic-Monitoring-System"
"RP614v4"
"RP614v4"
"RP614v4"
"level_15_access"
"NeedPassword"
"Instant Internet"
"Rovio"
"NeedPassword"
"NeedPassword"
"ezbub1112rt-inet"
"Login to the Router Web Configurator"
"NeedPassword"
"Cable-Modem-Managementsystem"
"RP614v4"
"NeedPassword"
"RV042"
"Home Gateway"
"dreambox"
"NETGEAR DG834G "
"level 15 access"
"NETGEAR DG834G "
"NETGEAR DG834G "
"NETGEAR DG834N "
"streaming_server"
"Linksys WAG54GS "
"Ipcam manager"
"NETGEAR DG834GT "
"SpeedTouch (00-90-D0-31-FB-EB)"
"SpeedTouch (00-90-D0-0A-7B-E7)"
""
"NETGEAR DG834PN "
"NETGEAR DG834G "
"NETGEAR DG834G "
"dreambox"
"Default
"Linksys WAG200G "
"NETGEAR DG834G"
"Internet Camera"
"NETGEAR DG834PN "
"DI-624"
"NETGEAR DGN1000 "
"NETGEAR DG834GT"
"SpeedTouch (00-90-D0-21-F8-F8)"
"SpeedTouch (00-90-D0-23-37-95)"
"dreambox"
"level 15 access"
"NETGEAR DG834G "
"Default
"DI-804HV"
"Administrator or User"
"NETGEAR DG834G "
"NETGEAR DG834PN "
"Home Gateway"
"Kamera"
"SpeedTouch (00-90-D0-22-02-83)"
"NETGEAR DGN2000 "
"SpeedTouch (00-90-D0-23-37-61)"
"SpeedTouch (00-90-D0-33-3D-72)"
"NETGEAR DG834N "
"Linksys WAG200G "
"streaming_server"
"dreambox"
"AON"
"dreambox"
"DI-624"
"./control"
"dreambox"
"dreambox"
"./cgi-bin"
"SpeedTouch (00-90-D0-21-FB-33)"
"SpeedTouch (00-90-D0-23-13-07)"
"dreambox"
"Internet Camera"
"SpeedTouch (00-90-D0-31-F9-34)"
"Login to the Router Web Configurator"
"RP114"
"dreambox"
"RP614v4"
"RP114"
"Linksys WAG54GS "
"TVIP21500"
"NETGEAR DG834G "
"P202H DSS1"
"Login to the Router Web Configurator"
"GASCOP"
"SpeedTouch (00-90-D0-33-09-FF)"
"SpeedTouch (00-90-D0-23-40-D2)"
"RP614v4"
"level_15_access"
"RP614v4"
"dreambox"
"Login to the Router Web Configurator"
"SpeedTouch (00-90-D0-23-39-00)"
"level 15 access"
"Login to the Router Web Configurator"
"RP614v4"
"dreambox"
"Prestige 310"
"Linksys WRT350N"
"dreambox"
"./cgi-bin"
"dreambox"
"level 15 access"
"RP614v4"
"SpeedTouch (00-90-D0-22-0A-18)"
"dreambox"
"Internet Camera"
"SpeedTouch (00-90-D0-31-F9-28)"
"SpeedTouch (00-90-D0-23-44-41)"
"SpeedTouch (00-90-D0-33-04-04)"
 "IP-IO-Interface IPIO88"
"yhhtpd
"Linksys WRT350N"
"RV042"
"NETGEAR DG834G "
"Login to the Router Web Configurator"
"Freetz"
"ADSL Modem"
"SpeedTouch (00-90-D0-22-16-0B)"
"Linksys WAG54GS "
"Home Gateway"
"dreambox"
"SpeedTouch (00-90-D0-31-F2-41)"
"NETGEAR DG834GT "
"TVIP20550
"."
"Default
"NK"
"NETGEAR DGN2000 "
"RP614v4"
"ADSL Modem"
"Prestige 310"
"Prestige 310"
"DI-824VUP+"
"SpeedTouch (00-90-D0-22-15-76)"
"Linksys WAG54GS "
"Outside"
"level 15 access"
"dreambox"
"NETGEAR DG834GT "
"dreambox"
"General User"
"DI-524"
"Web Manager"
"NETGEAR DG834PN "
"yhhtpd
"Linksys WRT300N"
"NETGEAR DG834G "
"Prestige 310"
"SBT Meter Proxy II Controller"
"DI-804HV"
"dreambox"
"dreambox"
"SpeedTouch (00-90-D0-F7-F4-0D)"
"WRT54G"
"NETGEAR DG834PN "
"Broadband Router"
"call43_ahooly_1100"
"router"
"Login to the Router Web Configurator"
"WL-5460AP v2"
"Linksys BEFSX41"
"Broadband Router"
"WRT320N"
"/"
"WRT54GL"
"dreambox"
server
"WV-NM100"
"DI-604"
"WL-5460AP v2"
"Broadband Router"
"/"
"WL-5460AP v2"
"Login to the Router Web Configurator"
"RP614v4"
"NETGEAR WNDR3300"
"NETGEAR WGR614v9"
"netcam"
"WRT54GL"
"SpeedTouch (00-90-D0-F9-60-E1)"
"server
"WRT54GL"
"SpeedTouch (00-90-D0-F8-76-C2)"
"call43_ahooly_1200_dresdnerstr115_Anur"
"Linksys BEFVP41"
"WL-5460AP v2"
"WRT54GL"
"dreambox"
"dreambox"
"RP614v4"
"WRT320N"
""
"WRT54G" 
"WebAdmin"
"Broadband Router"
"WL-2000CAM"
"dreambox"
"call43_ahooly_1150"
"WRT54GL"
"DTW_WRT54GL_TOMATO"
"NETWORK"
"dreambox"
"DWL-G700AP Login"
"WRT54GSV4"
"SpeedTouch (00-90-D0-F9-98-B6)"
"Linksys BEFSX41"
"WRT54GL"
"UBNT"
"streaming_server"
"NETGEAR WNR3500"
"Linksys RT31P2"
"WRT54GL"
"dreambox"
"DI-824VUP+"
"dreambox"
"WRT54GL"
"Login to the Router Web Configurator"
"TP-LINK Wireless Lite N Router WR741N"
"DI-804HV"
"NeedPassword"
"WGR614v5"
"WRT54G" 
"WRT54G" 
"Broadband Router"
"SpeedTouch (00-90-D0-F9-9A-74)"
"dreambox"
"WL-5460AP v2"
"WPN824"
"dreambox"
"Sudhaus"
"NETGEAR WNR3500"
"WRT54GL"
"WRT54G" 
"WL-5460AP v2"
"dreambox"
"SpeedTouch (00-90-D0-93-37-22)"
"SpeedTouch (00-90-D0-F9-99-50)"
"WRT54GL"
"dreambox"
"WRT54G2" 
"ROUTER01"
"fw1"
"Linksys BEFSR41"
"WL-5460AP v2"
"SpeedTouch (00-90-D0-F8-DA-7C)"
"WL-5460AP v2"
"IP302-1e-00-28"
"WRT54GL"
"dreambox"
"DI-624+"
"call43_ahooly_1090"
"AG 3100"
"Broadband Router"
"WRT54GL"
"WRT54G"
"AG 3000"
"."
"Linksys BEFSX41"
"WRT54GL"
"Wireless Router (username
"WRT54GL"
"SpeedTouch (00-90-D0-F9-60-E1)"
"Linksys BEFSR41"
"WGT624"
"Prestige 645"

"WL-5460AP v2"
"call43_ahooly_Kavkaz_1050_Arbeiterg11"
"MyWall"
"dreambox"
"WRT54GL"
"secret server area"
"RP614v4"
"Ascotel domain"
"."
"Linksys BEFSR81"
"Login to the Router Web Configurator"
"WRT54G2" 
"dancefm" 
"Linksys BEFSR41"
"Default
"WRT54GL"
"Login to the Router Web Configurator"
"Linksys WRT54GP2"
"NETGEAR WNR3500"
"Linksys BEFSR41"
"server
"Broadband Router"
"Broadband Router"
"WGR614v7"
"tomato"
"WRT54GL"
"Login to the Router Web Configurator"
"TVIP11550"
"Linksys BEFSR41"
"ddwROUTE01"
"/"
"Netcam"
"DI-624"
"SpeedTouch (00-90-D0-F8-C0-EF)"
"UBNT"
"WRT54G2" 
"NETGEAR WNR834Bv2"
"dreambox"
"IP302-1e-00-28"
"call43_ahooly_1230"
"WRT54GL"
"WL500g.Premium"
"WRT54GL"
"WL500gpv2"
"WGR614v6"
"WL-5460AP v2"
"Prestige 650H/HW-31"
"level 15 access"
"Linksys BEFSR41"
"."
"WL-5460AP v2"
"dreambox"
"Login to the Router Web Configurator"
"Broadband Router"
"Login to the Router Web Configurator"
""
"Camera Server"
"Pischeldorferstrasse"
"Netcam"
"WRT54GL"
"DI-524"
"WGR614v7"
"WGT624v3"
"stoebichernst54"
"WRT54GS" 
"WGT624v3"
"NETGEAR WNDR3700"
"dreambox"
"WRT54GL"
"WRT54GL"
"SpeedTouch (00-90-D0-F9-65-E2)"
"WGR614v7"
"SpeedTouch (00-90-D0-F9-64-43)"
"Login to the Router Web Configurator"
"dreambox"
"Internet Camera"
"DI-604"
"WGR614v6"
"dreambox"
"Broadband Router"
"juniq"
"SVEASOFT"
"SpeedTouch (00-90-D0-F8-B5-E6)"
"WRT54GL"
"dreambox"
"802.11g Wireless Broadband Router"
"dreambox"
"Login to the Router Web Configurator"
"."
"DD-WRT"
"Linksys BEFSR41v4"
"gateway"
"Manu"
"Linksys BEFSX41"
"Login to the Router Web Configurator"
"DI-524"
"WGR614v6"
"Login to the Router Web Configurator"
"server
"NETGEAR WNR834Bv2"
"SpeedTouch (00-90-D0-F9-98-16)"
"WL-5460AP v2"
"Prestige 645"
"WRT54GL"
"WRT54GL"
"Prestige 650H/HW-31"
"fynofficebridge"
"WRT54GS" 
"WRT54GL"
"WRT54GL"
"becker@home" 
"dreambox"
"server
"dreambox"
"WGR614v7"
"dreambox"
"SpeedTouch (00-90-D0-F9-9B-62)"
"Transmission"
"Topfield PVR Web Server"
"Network Camera"
"WGT624"
"Transmission"
"dreambox"
"dreambox"
"UBNT"
"Linksys BEFSR41"
"WL520g"
"WV-NM100"
"WRT54GL"
"Login to the Router Web Configurator"
"SpeedTouch (00-90-D0-F9-84-35)"
"DI-804HV"
"Default
"RP614v4"
"Login to the Router Web Configurator"
"WRT54GL"
"Broadband Router"
"WRT54GL"
"WRT54G"
"Login to the Router Web Configurator"
"dreambox"
"dreambox"
"MR814v2"
"Broadband Router"
"Linksys BEFSR81"
"SpeedTouch (00-90-D0-F9-72-1F)"
"wrt-lutz"
"WGR614v6"
"WGR614v7"
"OvisLink Router"
"Linksys BEFSR41"
"Prestige 645"
"ekuenzle@home"
"Volkermarkt"
"WL-5460AP v2"
"WGT624v3"
"Topfield PVR Web Server"
"Broadband Router"
"Broadband Router"
"dreambox"
"MATRIX"
"dreambox"
"server
"SpeedTouch (00-90-D0-F7-F6-CF)"
"DI-524"
"Default
"Login to the Router Web Configurator"
"DI-824VUP+"
"Login to the Router Web Configurator"
"WL-5460AP v2"
""
"SpeedTouch (00-90-D0-F9-62-C1)"
"Login to the Router Web Configurator"
"IPCam"
"NETGEAR WGR614v9"
"SpeedTouch (00-90-D0-F5-3C-03)"
"dreambox"
"SpeedTouch (00-90-D0-F9-71-A0)"
"a-phone-I-slave"
"Login to the Router Web Configurator"
"RP614v4"
"WRT54GL"
"server
"Network HardDisk" 
"GeneralUser/Administrator"
"MR814v2"
"dreambox"
"arschmakrele"
"WGR614v7"
"SpeedTouch (00-90-D0-F9-73-CB)"
"DI-514"
"Linksys BEFSR41"
"Linksys BEFSR41"
"DI-624+"
"RP614v4"
"WL-5460AP v2"
"WGR614v6"
"WRT160Nv2"
"dreambox"
"Broadband Router"
"Linksys BEFSR81"
"."
"dreambox"
"dreambox"
"SpeedTouch (00-90-D0-F9-84-35)"
""
"IP Camera"
"Router Kreissl"
"Login to the Router Web Configurator"
"dreambox"
"WRT54GL"
"Linksys BEFSX41"
"Broadband Router"
"WGR614v6"
"dreambox"
"Broadband Router"
"DI-624+"
"FR114P"
"WRT54GS"
"vdradmind"
"WRT54G" 
"dreambox"
"WPN824v2"
"Linksys BEFVP41"
"Linksys BEFSR41"
""
"dreambox"
"DD-WRT"
"AirStation"
"Linksys BEFSX41"
"WRT54G" 
"Linksys BEFSR41"
"WL-5460AP v2"
"WPN824"
"WRT54GL"
"dreambox"
"WRT54GL"
"dreambox"
"SpeedTouch (00-90-D0-F9-99-50)"
"."
"RP614v4"
"DI-524"
"UBNT"
"dreambox"
"SpeedTouch (00-90-D0-F9-93-26)"
"WRT54GL"
"WRT54G" 
"WRT160Nv2"
"Default
"WRT54GS"
"Router"
"DD-WRT"
"Login to the Router Web Configurator"
"Prestige 650H/HW-31"
""
"transfair@main"
"goloka"
"Broadband Router"
"dreambox"
"DI-624"
"AG 3000"
"TP-LINK Wireless Router WR340G"
"WL-5460AP v2"
"SpeedTouch (00-90-D0-F9-54-83)"
"DI-524"
"Linksys BEFSR81"
"WL-5460AP v2"
"Camera Server"
"call43_ahooly_graz_jakomini"
"wrt-lutz"
"UBNT"
"WRT54GL"
"DI-524"
"WRT54GL"
"KTN-Netz"
"WRT54G" 
"dreambox"
"Login to the Router Web Configurator"
"WG602V3"
"SpeedTouch (00-90-D0-79-ED-FB)"
"Linksys BEFSR41"
"SpeedTouch (00-90-D0-F9-9B-62)"
"DI-524"
"UBNT"
"WL-5460AP v2"
"WGT624"
"Prestige 650H/HW-31"
"WRT54GL"
"Linksys BEFSX41"
"WRT54GL"
"dreambox"
"Kutlusoy.com Linksys"
"Login to the Router Web Configurator"
""
"server
"WRT54G" 
"SpeedTouch (00-90-D0-F9-65-ED)"
"WL-5460AP v2"
"85.124.196.91"
"WRT54GL"
"DI-604"
"Login to the Router Web Configurator"
"rtpe1"
"dreambox"
"TP-LINK Wireless Router WR340G"
"Default
"AG 3100"
"DI-624+"
"DI-524"
"DI-604"
"NeedPassword"
"WL-5460AP v2"
"FVS318v3"
"TVIP10000
"WRT54GL"
"WRT54G" 
"DI-604"
"SpeedTouch (00-90-D0-F9-89-91)"
"SpeedTouch (00-90-D0-F9-75-8C)"
"maerzingerfritz54"
"router4all"
"WV-NM100"
"dreambox"
Camera Name 
"dreambox"
"f2n-SeiersbergBK"
"WGT624"
"server
"WL-5460AP v2"
"WL-5460AP v2"
"WRT54G" 
"Internet Camera"
"SpeedTouch (00-90-D0-F9-98-16)"
"Login to the Router Web Configurator"
"WGR614v6"
"Broadband Router"
"WRT54G" 
"wlan@home"
"NETGEAR WNR1000v2"
"SecuritySpy Web Server"
"DI-524"
"WL-5460AP v2"
"TP-LINK Wireless Router WR543G"
"Broadband Router"
"InterCasino"
"WL-5460AP v2"
"WGT624"
"."
"dreambox"
"Evomatic"
""
"dreambox"
"WRT54GL"
"WRT54GL"
"WRT54GL"
"NETGEAR WNR834B"
"WRT54G"
"WRT610N"
"Login to the Router Web Configurator"
"server
"Broadband Router"
"WL-5460AP v2"
"RP614v4"
"WRT54GL"
"SpeedTouch (00-90-D0-F5-3C-17)"
"DI-804HV"
"Linksys BEFSR41"
"JadeLinkSSL"
"DI-524"
"Linksys BEFSX41"
"IP9000HD Web Access"
"RP614v4"
"ePowerSwitch"
"prdROUTE01"
"SpeedTouch (00-90-D0-F5-3A-FA)"
"Login to the Router Web Configurator"
"WGR614v6"
"server
"WRT54GL"
"Linksys BEFSR41"
"WGT624"
"Broadband Router"
"UBNT"
"Prestige 650H/HW-31"
"dreambox"
"Prestige 650H/HW-31"
"DI-804HV"
"SpeedTouch (00-90-D0-F9-93-26)"
"NETGEAR WNDR3700"
""
"WRT54GL"
"WL-5460AP v2"
"enigma"
"WL-5460AP v2"
"Mediacenter" 
"SpeedTouch (00-90-D0-F8-DA-7C)"
"NETGEAR WPNT834"
"WGR614v2"
"Camera Server"
"WRT54GS" 
"RP614v4"
"NETGEAR WGR614v9"
"WRT54G" 
"WGT624"
"SpeedTouch (00-90-D0-F9-9A-74)"
"RP614v4"
"dreambox"
"Broadband Router"
"dreambox"
"Thomson Gateway"
"DI-524"
"WL-5460AP v2"
"WRT54GS" 
"Broadband Router"
"NETGEAR DG834N "
"Camera Server"
"server
"Login to the Router Web Configurator"
"WGT624"
"SpeedTouch (00-90-D0-F9-98-B6)"

"WL-5460AP v2"
"85.125.122.62"
"DI-804HV"
"Linksys WAP54G"
"WRT54G"
"NET Disk"
"tomato"
"NETGEAR WGR614v9"
"Hygmans"
"User Authentication"
"Linksys BEFSX41"
"Broadband Router"
"ifcs-videoserver"
"dreambox"
"WebServer"
"WL-5460AP v2"
"SpeedTouch (00-90-D0-F8-C6-95)"
"WL-5460AP v2"
"WGR614v7"
"WL-5460AP v2"
"GoAhead"
"WRT54GL"
"dreambox"
"DD-WRT"
"WRT54GSV4"
"WRT54G" 
"WGR614v7"
"Login to the Router Web Configurator"
"SpeedTouch (00-90-D0-F9-73-CB)"
"WRT54GS"
"Login to the Router Web Configurator"
"Linksys BEFSR81"
"server
"Maruli2"
"WhatsUp Gold"
"vdradmind"
"streaming_server"
"WRT54G" 
"WRT54GS" 
"."
"Login to the Router Web Configurator"
"Linksys WRT54GP2"
"dreambox"
"Prestige 650H/HW-31"
"dreambox"
"WGT624"
"DD-WRT"
"Internet Camera"
"WL-5460AP v2"
"Linksys BEFVP41"
"WRT54GL"
"WRT54GL"
"dreambox"
"WL-5460AP v2"
"dreambox"
"WRT54GS" 
"/"
"Linksys BEFSX41"
"Linksys WRT350N"
"dreambox"
"call43_ahooly_1160_Hasnerstr.70"
"Linksys BEFSX41"
"KHP"
"RP614v4"
"WRT54GL"
"Login to the Router Web Configurator"
"WPN824"
"SpeedTouch (00-90-D0-F9-65-E1)"
"dreambox"
"f2n-KapfenbergBK"
"Ringmauer"
"Fortuna St-Veit"
"SpeedTouch (00-90-D0-F9-54-83)"
"WRT54GL"
"WGR614v7"
"Wireless Router (username
"WL-5460AP v2"
"WRT610N"
"maitz@home"
"WGR614v7"
"DD-WRT"
"WRT54G" 
"ZIVSBLAN" 
"Authentication Required"
"AG 3100"
"WRT54GS"
"WL-5460AP v2"
"Linksys WAP54G"
"renner01"
"dreambox"
"Broadband Router"
"CM-GW"
"Linksys BEFSR41"
"WGR614v6"
"WRT54G" 
"TP-LINK Wireless N Router WR941N"
"Internet Camera"
"NETGEAR DGN2000 "
"WGT624"
"server"
"Default
"NeedPassword"
"snom"
"Topfield PVR Web Server"
"DWL-G700AP Login"
"Broadband Router"
"SpeedTouch (00-90-D0-F9-98-4F)"
"WL-5460AP v2"
"WRT54G" 
"Broadband Router"
"WRT54G"
"WRT54GL"
"DD-WRT"
"WRT54GS" 
"Linksys BEFSR81"
"WRT54GSV4"
"Login to the Router Web Configurator"
"webgasse"
"WRT54GL"
"index.htm"
"Default
"Login to the Router Web Configurator"
"WGR614v7"
"UBNT"

"NETGEAR WGR614v9"
"WRT54G" 
"SpeedTouch (00-90-D0-F9-74-16)"
"SpeedTouch (00-90-D0-F9-64-43)"
"Broadband Router"
"WGT624"
"Broadband Router"
"SpeedTouch (00-90-D0-F9-71-A0)"
"Linksys BEFSR41v4"
"WRT54GS"
"dreambox"
"WRT54GL"
"NeedPassword"
"WRT54GL"
"dreambox"
"Login to the Router Web Configurator"
"sTaChLsChWeIn"
"SpeedTouch (00-90-D0-F9-63-26)"
"Login to the Router Web Configurator"
"call43ahooly"
"WRT54GL"
"tomato"
"thorp.adi"
"WRT54G" 
"WGT624"
"tomato"
"WGT624v3"
"WGR614v7"
"DI-524"
"Broadband Router"
"DI-524"
"Prestige 645"
"dreambox"
"DD-WRT"
"SpeedTouch (00-90-D0-F9-98-D2)"
"scharinger"
"WRT54GL"
"WRT54GL"
"WRT54GL"
"Login to the Router Web Configurator"
Camera Name 
"dreambox"
"scheibler@home" 
"Prestige 650H/HW-31"
"WRT54GL"
"wlan@home"
"WRT54GL"
"Prestige 650H/HW-31"
"Login to the Router Web Configurator"
"WRT54G" 
"Linksys BEFSR41v4"
"DI-614+"
"Michi_1"
"Linksys BEFSX41"
"sportmedsto"
"Netcam"
"WRT54GL"
"Administrator or User"
"WL-5460AP v2"
"dreambox"
"ROUTER"
"VoIP841"
"Login to the Router Web Configurator"
"Prestige 650H/HW-31"
"SC-Vienna"
"DI-804HV"
"wlan@office"
"WGR614v7"
"Netcam"
"SpeedTouch (00-90-D0-F8-76-C2)"
"WRT54GL"
"General User"
"NETGEAR WNR3500v2"
"koblmuellerandreas54"
"WRT160Nv2"
"call43_ahooly_1150_sechshauser122"
"dreambox"
"Diesel Austria"
"TVIP10500"
"SpeedTouch (00-90-D0-F5-38-2F)"
"WRT54GS"
"Netcam"
"WGR614v3"
"Internet Camera"
"WGR614v6"
"Login to the Router Web Configurator"
"WGT624v3"
"a-Phone-I-Main"
"Login to the Router Web Configurator"
"WGR614v5"
"RP614v4"
"WRT54GS" 
"WL-5460AP v2"
"Linksys WAP54G"
"netcam"
"Linksys BEFSR41"
"WRT54G" 
"Login to the Router Web Configurator"
"Linksys BEFSR41"
"/"
"WPN824v2"
"Linksys BEFSR81"
"HP J4812A"
"dreambox"
"NETGEAR WGR614v10"
"UBNT"
"WRT54G2" 
"DI-804HV"
"dreambox"
"DI-804HV"
"SpeedTouch (00-90-D0-F9-89-A1)"
"WRT54GL"
"Welcome to IPCam !"
"WRT54GS" 
"Linksys BEFSR41"
"yhhtpd
"WGR614v6"
"UBNT"
"WGR614v7"
"dreambox"
"WRT54G2" 
"Login PV Webserver"
"DI-804HV"
"DI-604"
"breitegasse"
"dreambox"
"DD-WRT"
"Linksys BEFSR41"
"DI-614+"
"ADSL Router (ANNEX A)"
"SpeedTouch (00-90-D0-F8-C6-95)"
"streaming_server"
"Netcam"
"AirStation"
"woernicom-nas" 
"Prestige 650H/HW-31"
"KevNAS" 
"dreambox"
"level 15 access"
"ifcs-router"
"dreambox"
"JDownloader"
"dreambox"
"UBNT"
"SpeedTouch (00-90-D0-93-37-22)"
"dreambox"
"Linksys WAP54G"
"WRT54GS" 
"Weigl"
"RP614v4"
"dreambox"
"Login to the Router Web Configurator"
"85.125.204.163"
"Wi-Fi_Protected_Setup(ANNEX A)"
"dreambox"
"DI-624"
"WRT54GL"
"call43_ahooly_graz_griesplatz2"
"Login to the Router Web Configurator"
"dreambox"
"SpeedTouch (00-90-D0-F7-93-68)"
"WRT54GL"
"dreambox"
"SpeedTouch (00-90-D0-F9-98-4F)"
"dreambox"
"Linksys BEFSR41"
"Linksys BEFSR41"
"Linksys BEFSR41v4"
"Philips NAS Management"
"Broadband Router"
"WGR614v6"
"PMSConsult" 
"Broadband Router"
"SpeedTouch (00-90-D0-F9-65-DF)"
"DI-524"
"DD-WRT"
"dreambox"
"WebAdmin"
"WL-5460AP v2"
"WRT54GL"
"WRT54GL"
"Login to the Router Web Configurator"
"IP Camera"
"NETGEAR WGR614v9"
"WRT54GL"
"DI-524"
"Linksys BEFSR41"
"dreambox"
"router@office"
""
"dreambox"
"server
"SpeedTouch (00-90-D0-F9-89-91)"
"DI-524"
"WGR614v7"
"dreambox"
"Secure Area"
"NETGEAR WPNT834"
"Prestige 650H/HW-31"
"Linksys BEFSX41"
"Prestige 650H/HW-31"
"IP Viewer"
"Linksys RT31P2"
"Login to the Router Web Configurator"
"Login to the Router Web Configurator"
"WRT610N"
"SpeedTouch (00-90-D0-F5-39-77)"
"gateway"
"PHS"
"Broadband Router"
"WRT54GL"
"Linksys BEFSR41"
"WRV200"
"NeedPassword"
"WRT54GL"
"WPN824"
"SpeedTouch"
"SpeedTouch"
"SpeedTouch"
"SpeedTouch"
"RP614v4"
"SpeedTouch"
"SpeedTouch"
"SpeedTouch"
"SpeedTouch"
"SpeedTouch"
"SpeedTouch"
"SpeedTouch"
"WRT54GL"
"SpeedTouch"
"SpeedTouch"
"SpeedTouch"
"SpeedTouch"
"SpeedTouch"
"SpeedTouch"
"SpeedTouch"
"SpeedTouch"
"SpeedTouch"
"SpeedTouch"
"SpeedTouch"
"SpeedTouch"
"SpeedTouch"
"SpeedTouch"
"SpeedTouch"
"SpeedTouch"
"SpeedTouch"
"SpeedTouch"
"dreambox"
"SpeedTouch"
"Linksys BEFVP41"
"SpeedTouch"
"SpeedTouch"
"SpeedTouch"
"SpeedTouch"
"SpeedTouch"
"SpeedTouch"
"SpeedTouch"
"SpeedTouch"
"SpeedTouch"
"Login to the Router Web Configurator"
Camera Name 
"SpeedTouch"
"SpeedTouch"
"SpeedTouch"
"SpeedTouch"
"SpeedTouch"
"SpeedTouch"
"SpeedTouch"
"Thomson Gateway"
"SpeedTouch"
"SpeedTouch"
"SpeedTouch"
"SpeedTouch"
"SpeedTouch"
"SpeedTouch"
"SpeedTouch"
"Login to the Router Web Configurator"
"SpeedTouch"
"SpeedTouch"
"SpeedTouch"
"SpeedTouch"
"SpeedTouch"
"SpeedTouch"
"SpeedTouch"
"SpeedTouch"
"SpeedTouch"
"SpeedTouch"
"SpeedTouch"
"SpeedTouch"
"SpeedTouch"
server
"DI-804HV"
"WRT54GL"
"SpeedTouch"
"SpeedTouch"
"SpeedTouch"
"SpeedTouch"
"SpeedTouch"
"RP614v4"
"SpeedTouch"
"SpeedTouch"
"DI-604"
"Internet Camera"
"SpeedTouch"
"SpeedTouch"
"SpeedTouch"
"SpeedTouch"
"SpeedTouch"
"SpeedTouch"
"i.LON"
server
"SpeedTouch"
"SpeedTouch"
"SpeedTouch"
"Thomson Gateway"
"SpeedTouch"
"SpeedTouch"
"WGR614v7"
"SpeedTouch"
"SpeedTouch"
"SpeedTouch"
"SpeedTouch"
"SpeedTouch"
"SpeedTouch"
"SpeedTouch"
"SpeedTouch"
"SpeedTouch"
"RP614v4"
"SpeedTouch"
"WRT54GL"
"SpeedTouch"
"SpeedTouch"
"SpeedTouch"
"SpeedTouch"
"SpeedTouch"
"WRT54GL"
"WRT54GS" 
"netcam"
"SpeedTouch"
"SpeedTouch"
"NETGEAR WGR614v9"
"NETGEAR WGR614v9"
"NETGEAR WGR614v9"
"NETGEAR WGR614v9"
"NETGEAR WGR614v9"
"NETGEAR WGR614v9"
"NETGEAR WGR614v9"
"NETGEAR WGR614v9"
"NETGEAR WGR614v9"
"NETGEAR WGR614v9"
"NETGEAR WGR614v9"
"NETGEAR WGR614v9"
"NETGEAR WGR614v9"
"NETGEAR WGR614v9"
"NETGEAR WGR614v9"
"NETGEAR WGR614v9"
"NETGEAR WGR614v9"
"NETGEAR WGR614v9"
"NETGEAR WGR614v9"
"NETGEAR WGR614v9"
"NETGEAR WGR614v9"
"NETGEAR WGR614v9"
"NETGEAR WGR614v9"
"NETGEAR WGR614v9"
"NETGEAR WGR614v9"
"NETGEAR WGR614v9"
"NETGEAR WGR614v9"
"NETGEAR WGR614v9"
"NETGEAR WGR614v9"
"NETGEAR WGR614v9"
"NETGEAR WGR614v9"
"NETGEAR WGR614v9"
"NETGEAR WGR614v9"
"NETGEAR WGR614v9"
"EnterPassword"
"level_15_access"
"APPT CMS Demo Site"
"level_15_access"
"level_15_access"
"level_15_access"
"level_15_access"
"level_15_access"
"level_15_access"
"level_15_access"
"level_15_access"
"level_15_access"
"level_15 or view_access"
"level_15_access"
"level_15_access"
"Broadband Router"
"WRT54GL"
"Thomson"
"DI-624+"
"WGT624"
"WRT54G" 
"WPN824v2"
"DI-524"
"NETGEAR WNR834Bv2"
"Thomson"
"WGR614v6"
"WRT54GS"
"NETGEAR WNDR3300"
"WRT54G2" 
"Thomson"
"DI-714P+"
"NETGEAR WGR614v9"
"WGR614v7"
"WGR614v7"
"Thomson"
"WGR614"
"WRT54GL"
"NETGEAR WGR614v9"
"JDownloader"
"Thomson"
"WGR614v6"
"WGR614v7"
"Broadband Router"
"WRT54GS" 
"WPN824"
"WPN824v2"
"Almir"
"WGR614v7"
"WGR614v7"
"Broadband Router"
"WRT54GL"
"WGT624"
"SURECOM EP-320"
"Broadband Router"
"WGR614v7"
"NETGEAR WGR614v9"
"WGT624v3"
"WRT54GL"
"WGR614v7"
"WGR614v6"
"WGR614v7"
"WGT624"
"level 15 access"
""
