
 Basic realm="_"
 Basic realm="/"
 Basic realm="."
 Basic realm=""
 Basic realm="1030cengiz"
 Basic realm="192.168.0.199"
 Basic realm="192.168.0.3"
 Basic realm="192.168.0.5"
 Basic realm="192.168.65.1"
 Basic realm="80.108.119.124"
 Basic realm="80.121.207.82"
 Basic realm="80.121.222.186"
 Basic realm="802.11g Wireless Broadband Router"
 Basic realm="83.65.191.218"
 Basic Realm="85.124.196.91"
 Basic Realm="85.125.122.62"
 Basic Realm="85.125.204.163"
 Basic realm="acikgoez1160"
 Basic realm="ACQROUTER1"
 Basic realm="adil" 
 Basic realm="Administration Tools"
 BASIC realm="Administrator or User"
 Basic realm="ADSL Modem"
 Basic realm="ADSL Router (ANNEX A)"
 Basic realm="AG 2100"
 Basic realm="AG 3000"
 Basic realm="AG 3100"
 Basic realm="AG 3x00"
 Basic realm="ahooly_call43"
 Basic realm="ahooly_call43_1020_heinestr_Camillus"
 Basic realm="ahooly_call43_1110_AKTECH"
 Basic realm="AirLive ARM-204 Annex A"
 Basic realm="AirStation"
 Basic realm="ALL0277DSLA"
 Basic realm="Almir"
 Basic realm="AMS150" 
 Basic realm="aon"
 Basic realm="AON"
 Basic realm="a-Phone-I-Main"
 Basic realm="a-phone-I-slave"
 Basic realm="APPT CMS Demo Site"
 Basic realm="AP-Router"
 Basic realm="arschmakrele"
 Basic realm="Arthotel"
 Basic realm="Ascotel domain"
 Basic realm="Authentication Required"
 Basic realm="Authentifizierung"
 Basic realm="Authorized access only"
 Basic realm="AVINOC restricted area - Webstats XS7"
 Basic realm="B49G"
 Basic realm="babsi"
 Basic realm="BACKBONE"
 Basic realm="Bandwidth Management Gateway Administration Tools"
 Basic realm="BEANETWORK"
 Basic realm="becker@home" 
 Basic realm="BHWIRELESS"
 Basic realm=""Bitte SafeWord Passwort eingeben!" "
 Basic realm="Blindengasse"
 Basic realm="BlueHome"
 Basic realm="bnd"
 Basic realm="boisits"
 Basic realm="breitegasse"
 Basic realm="Broadband Router"
 Basic realm="BRTVP01"
 Basic realm="buschfunk"
 Basic realm="Cable-Modem-Managementsystem"
 Basic realm="call43_aho_1050_fikrie"
 Basic realm="call43ahooly"
 Basic realm="call43_ahooly_1020_novarag_oase"
 Basic realm="call43_ahooly_1030"
 Basic realm="call43_ahooly_1030_schlachthausg"
 Basic realm="call43_ahooly_1050"
 Basic realm="call43_ahooly_1090"
 Basic realm="call43_ahooly_1100"
 Basic realm="call43_ahooly_1100_aria_leibnizg8"
 Basic realm="call43_ahooly_1100_Quellenstr104_Vural"
 Basic realm="call43_ahooly_1100_Shalom"
 Basic realm="call43_ahooly_1140_huglg_exErhan"
 Basic realm="call43_ahooly_1150"
 Basic realm="call43_ahooly_1150_Dieffenbachg50"
 Basic realm="call43_ahooly_1150_Reindlg_bei_U3"
 Basic realm="call43_ahooly_1150_sechshauser122"
 Basic realm="call43_ahooly_1160_citycall"
 Basic realm="call43_ahooly_1160_Hasnerstr.70"
 Basic realm="call43_ahooly_1160_Neulerchenfelder72"
 Basic realm="call43_ahooly_1160_Thalia137"
 Basic realm="call43_ahooly_1170"
 Basic realm="call43_ahooly_1170_Hasan_Samy"
 Basic realm="call43_ahooly_1200_dresdnerstr115_Anur"
 Basic realm="call43_ahooly_1230"
 Basic realm="call43_ahooly_graz_griesplatz2"
 Basic realm="call43_ahooly_graz_jakomini"
 Basic realm="call43_ahooly_Kavkaz_1050_Arbeiterg11"
 Basic realm=Camera Name 
 Basic realm="Camera Server"
 Basic realm="cdm-ip"
 Basic realm="./cgi-bin"
 Basic realm="Chello.at"
 basic realm="Citrix Webgate"
 Basic realm="CM-GW"
 Basic realm="CMTS-Monitoring-System"
 Basic realm=" Configuration"
 Basic realm="CONNECT2AIR AP-600RP-USB LOGIN Enter Password (default is connect)"
 Basic realm="./control"
 Basic realm="Convision Video Webserver"
 Basic realm="dancefm" 
 Basic realm="das-stadtcafe"
 Basic realm="dbva.springerreisen.at"
 Basic realm="DCS-3420"
 Basic realm="DCS-5220"
 Basic realm="ddwROUTE01"
 Basic realm="DD-WRT"
 Basic realm="DD-WRT54GS"
 Basic realm="DD-WRT WRT54GL"
 Basic realm="Default
 Basic realm="Delta Server Management Interface"
 Basic realm="Derler"
Basic realm="device"
 Basic realm="DI-514"
 Basic realm="DI-524"
 Basic realm="DI-604"
 Basic realm="DI-614+"
 Basic realm="DI-624"
 Basic realm="DI-624+"
 Basic realm="DI-624 Kellerratte"
 Basic realm="DI-714P+"
 Basic realm="DI-804HV"
 Basic realm="DI-824VUP+"
 Basic realm="Diesel Austria"
 Basic realm="dreambox"
 Basic realm="DTW_WRT54GL_TOMATO"
 Basic Realm="DVBViewer"
 Basic realm="DVR"
 Basic realm="DWL-G700AP Login"
 Basic realm="eapROUTE01"
 Basic realm="ekuenzle@home"
 Basic realm="ENERCON1"
 Basic realm="enigma"
 Basic realm="EnterPassword"
 Basic realm="ePowerSwitch"
 Basic realm="Error"
 Basic realm="EuroRouter"
 Basic realm="Evomatic"
 Basic realm="eXiteLink"
 Basic realm="ezbub1112rt-inet"
 Basic realm="f2n-CityPark"
 Basic realm="f2n-KapfenbergBK"
 Basic realm="f2n-SeiersbergBK"
 Basic realm="FABRT01"
 Basic realm="FAIT internal network"
 Basic realm="FCS-1040 P/T/Z IP Camera"
 Basic realm="FFK Mitglieder Login"
 Basic realm="firewall"
 Basic realm="Firewall "
 Basic realm="flywebHQ"
 Basic realm="FM114P"
 Basic realm="fobs_router"
 Basic realm="Fortuna"
 Basic realm="Fortuna St-Veit"
 Basic realm="FR114P"
 Basic realm="franzi"
 Basic realm="Freetz"
 Basic realm=" FTP Verwaltung "
 Basic realm="Funkkastl"
 Basic realm="FVS318v3"
 Basic realm="fw1"
 Basic realm="FW-1.      Reason
 Basic realm="FWG114P"
 Basic realm="FWRadlegger"
 Basic realm="FWStaff24-01"
 Basic realm="fynofficebridge"
 Basic realm="Garggi"
 Basic realm="GASCOP"
 Basic realm="gatekeeper"
 Basic realm="gateway" 
 Basic realm="gateway"
 Basic realm="gd.linksys"
 Basic realm="Geierwally Bühne"
Basic realm="General User"
 Basic realm="GeneralUser/Administrator"
 Basic realm="gludROUTE01"
 Basic realm="GoAhead"
 Basic realm="goloka"
 Basic realm="Grisu"
 Basic realm="haeuserer"
 Basic realm="hamid"
 Basic realm="Harry_RV042"
 Basic realm="HauptRouter"
 Basic realm="Home1"
 Basic realm="Home-2"
 Basic realm="home4484.dyndns.info"
 Basic realm="Home Gateway"
 Basic realm="HomeSeer0"
 Basic realm="HP J4812A"
 Basic realm="HP J4887A"
 Basic realm="HSG"
 Basic realm="HTTP Authentication (ID47072)"
 Basic realm="HT-WIEN.local"
 Basic realm="Huberth"
 Basic realm="hupsirouter"
 Basic realm="Hygmans"
 Basic realm="HYPER-WRT54G"
 Basic realm="ifcs-router"
 Basic realm="ifcs-videoserver"
 Basic realm="i-gate"
 Basic realm="i.LON"
 Basic realm="index.htm"
 Basic realm="Instant Internet"
 Basic realm="InterCasino"
 Basic realm="Internet Camera"
 Basic realm="intratec"
 Basic realm="IP302-1e-00-28"
 Basic realm="IP9000HD Web Access"
 Basic realm="IPCam"
 Basic realm="IP Camera"
 Basic realm="Ipcam manager"
 Basic realm= "IP-IO-Interface IPIO88"
 Basic realm="IPS-0008"
 Basic realm="IP Viewer"
 Basic realm="ISBC042E8 
 Basic realm="JadeLinkSSL"
 Basic realm="JDownloader"
 Basic realm="JOHANN_WRT54GS" 
 Basic realm="juniq"
 Basic realm="KaiRo-private"
 Basic realm="Kamera"
 Basic realm="Kamera Ost"
 Basic realm="KevNAS" 
 Basic realm="KHP"
 Basic realm="KIRSCHNER1.local"
 Basic realm="koblmuellerandreas54"
 Basic realm="Kroiss"
 Basic realm="KTN-Netz"
 Basic realm="Kutlusoy.com Linksys"
 Basic realm="/kuttin"
 Basic realm="KWGR614"
 Basic realm="Lagerverwaltung"
 Basic realm="lasser"
 Basic realm="LastHope"
 Basic realm="level 15 access"
 Basic realm="level_15_access"
 Basic realm="level_15 or view_access"
 Basic realm="lifw2"
 Basic realm="Linksys" 
 Basic realm="Linksys"
 Basic realm="linksys1000"
 Basic realm="Linksys BEFSR41"
 Basic realm="Linksys BEFSR41v4"
 Basic realm="Linksys BEFSR81"
 Basic realm="Linksys BEFSX41"
 Basic realm="Linksys BEFVP41"
 Basic realm="Linksys BEFVP41 V2"
 Basic realm="Linksys BEFW11S4"
 Basic realm="Linksys BEFW11S4 V4"
 Basic realm="Linksys RT31P2"
 Basic realm="Linksys RVS4000
 Basic realm="Linksys WAG200G "
 Basic realm="Linksys WAG54G"
 Basic realm="Linksys WAG54GS
 Basic realm="Linksys WAG54GS "
 Basic realm="Linksys WAP54G"
 Basic realm="Linksys WRT300N"
 Basic realm="Linksys WRT350N"
 Basic realm="Linksys WRT54GP2"
 Basic realm="Linksys WRT54GR"
 Basic realm="Linksys WRV54G"
 Basic realm="Linksys WRVS4400N "
 Basic realm="localhost"
 Basic Realm="Login as admin"
 Basic realm="Login PV Webserver"
 Basic realm="Login to the Router Web Configurator"
 Basic realm="Login to Vigor 3300"
 Basic realm="lolirout"
 Basic realm="LOOK"
 Basic realm="LOOK SSK"
 Basic realm="L+P"
 Basic realm="LSPHILL01"
 Basic realm="maedels"
 Basic realm="maerzingerfritz54"
 Basic realm="maitz@home"
 Basic realm="Manu"
 Basic realm="mara-router"
 Basic realm="MarcusRouter"
 Basic realm="Marija"
 Basic realm="Maruli2"
 Basic realm="Maschu1 Buffalo WHR-G54"
 Basic realm="MATRIX"
 Basic realm="Mediacenter" 
 Basic realm="MediaTek"
 Basic Realm="MEHTTPMail"
 Basic realm="MEXX"
 Basic realm="mh"
 Basic realm="Michi_1"
 Basic realm="MK"
 Basic realm="MLdonkey"
 Basic realm="MR814"
 Basic realm="MR814v2"
 Basic realm="MSI Wireless Broadband Router"
 Basic realm="MyWall"
 Basic realm="nagios"
 Basic realm="NASServer"
 Basic realm="NeedPassword"
 Basic realm="netcam"
 Basic realm="Netcam"
 Basic realm="NET Disk"
 Basic realm="NETGEAR DG834G "
 Basic realm="NETGEAR DG834G"
 Basic realm="NETGEAR DG834GT "
 Basic realm="NETGEAR DG834GT"
 Basic realm="NETGEAR DG834GTB"
 Basic realm="NETGEAR DG834Gv5"
 Basic realm="NETGEAR DG834N "
 Basic realm="NETGEAR DG834PN "
 Basic realm="NETGEAR DG834PNB"
 Basic realm="NETGEAR DGN1000 "
 Basic realm="NETGEAR DGN2000 "
 Basic realm="NETGEAR DGN3500 "
 Basic realm="NETGEAR DGND3300 "
 Basic realm="NETGEAR WGR614v10"
 Basic realm="NETGEAR WGR614v8"
 Basic realm="NETGEAR WGR614v9"
 Basic realm="NETGEAR WGT624v4"
 Basic realm="NETGEAR WNDR3300"
 Basic realm="NETGEAR WNDR3700"
 Basic realm="NETGEAR WNR1000v2"
 Basic realm="NETGEAR WNR2000v2"
 Basic realm="NETGEAR WNR3500"
 Basic realm="NETGEAR WNR3500L"
 Basic realm="NETGEAR WNR3500v2"
 Basic realm="NETGEAR WNR834B"
 Basic realm="NETGEAR WNR834Bv2"
 Basic realm="NETGEAR WPNT834"
 Basic realm="NETWORK"
 Basic realm="Network Camera"
 Basic realm="Network Camera Kainisch Umkehrplatz"
 Basic realm="Network HardDisk" 
 Basic realm="NETWORK HDD"
 Basic realm="Nightman@Work (Outback)"
 Basic realm="NK"
 Basic realm="NSC15-WG Network Camera
 Basic realm="NSE"
 Basic realm="Nynas -Graz"
 Basic realm="Obristlink"
 Basic realm="OpenWrt"
 Basic realm="optimusprime"
 Basic realm="Outside"
 Basic realm="OvisLink Router"
 Basic realm="P202H DSS1"
 Basic realm="P3"
 Basic realm="Passwortgeschützer Bereich"
 Basic realm="PCS-1 Web Control"
 Basic realm="PCS-G50 Web Control"
 Basic realm="Pension_Aloisia"
 Basic realm="peter-wrtg54"
 Basic realm="Philips NAS Management"
 Basic realm="PHS"
 Basic realm="Picco"
 Basic realm="Pischeldorferstrasse"
 Basic realm="PLINIUS4"
 Basic realm="PMSConsult" 
 Basic realm="PNB Vienna"
 Basic realm="PORTAS"
 Basic realm="prdROUTE01"
 Basic realm="Prestige 310"
 Basic realm="Prestige 643"
 Basic realm="Prestige 645"
 Basic realm="Prestige 650H/HW-31"
 Basic realm="Prestige 782R"
 Basic realm="qgvalt"
 Basic realm="QGV DEMO"
 Basic realm="r43"
 Basic realm="redtomato"
 Basic realm="reischl"
 Basic realm="renner01"
 Basic realm="Restricted"
 Basic realm="Restricted login"
 Basic realm="RG54SE"
 Basic realm="RH_HOME"
 Basic realm="Ringmauer"
 Basic realm="RoesslerWRT"
 Basic realm="router"
 Basic realm="Router"
 Basic realm="ROUTER"
 Basic realm="Router01"
 Basic realm="ROUTER01"
 Basic realm="router4all"
 Basic realm="Router Kreissl"
 Basic realm="router@office"
 Basic realm="ROUTER_ORDI"
 Basic realm="ROUTERPIWNICA"
 Basic realm="routerrampi"
 Basic realm="Router-REZI"
 Basic realm="Router WHG 16"
 Basic realm="Rovio"
 Basic realm="RP114"
 Basic realm="RP614"
 Basic realm="RP614v4"
 Basic realm="RT001EWI"
 Basic realm="RT311"
 Basic realm="RT314"
 Basic realm="RT-N11"
 Basic realm="RT-N16"
 Basic realm="rtpe1"
 Basic realm="rv042"
 Basic realm="RV042"
 Basic realm="SBT Meter Proxy II Controller"
 Basic realm="scharinger"
 Basic realm="scheibler@home" 
 Basic realm="schnuk"
 Basic realm="Schwenk-/Neige-Netzwerkkamera"
 Basic realm="Schwenk-/Neige-Netzwerkkamera WLAN"
 Basic realm="SC-Vienna"
 Basic realm="secret server area"
 Basic realm="Secure Area"
 Basic realm="SecuritySpy Web Server"
 Basic realm="server"
 Basic realm="server
 Basic realm=server
 Basic realm="SITECOM WL-108"
 Basic realm="slrouter"
 Basic REALM="snom"
 Basic realm="SpeedTouch"
 Basic realm="SpeedTouch (00-0E-50-42-14-BD)"
 Basic realm="SpeedTouch (00-0E-50-43-08-8D)"
 Basic realm="SpeedTouch (00-0E-50-51-71-85)"
 Basic realm="SpeedTouch (00-90-D0-02-9C-5C)"
 Basic realm="SpeedTouch (00-90-D0-02-9C-CE)"
 Basic realm="SpeedTouch (00-90-D0-02-9C-E1)"
 Basic realm="SpeedTouch (00-90-D0-02-9C-F7)"
 Basic realm="SpeedTouch (00-90-D0-02-9D-1A)"
 Basic realm="SpeedTouch (00-90-D0-02-9D-94)"
 Basic realm="SpeedTouch (00-90-D0-02-9D-96)"
 Basic realm="SpeedTouch (00-90-D0-02-9D-9E)"
 Basic realm="SpeedTouch (00-90-D0-02-9D-C6)"
 Basic realm="SpeedTouch (00-90-D0-02-9D-DD)"
 Basic realm="SpeedTouch (00-90-D0-03-99-B7)"
 Basic realm="SpeedTouch (00-90-D0-03-99-BB)"
 Basic realm="SpeedTouch (00-90-D0-03-9E-35)"
 Basic realm="SpeedTouch (00-90-D0-03-9E-63)"
 Basic realm="SpeedTouch (00-90-D0-03-9F-19)"
 Basic realm="SpeedTouch (00-90-D0-0A-76-6F)"
 Basic realm="SpeedTouch (00-90-D0-0A-7B-CF)"
 Basic realm="SpeedTouch (00-90-D0-0A-7B-E7)"
 Basic realm="SpeedTouch (00-90-D0-0A-7C-23)"
 Basic realm="SpeedTouch (00-90-D0-0A-7C-8B)"
 Basic realm="SpeedTouch (00-90-D0-0A-7D-00)"
 Basic realm="SpeedTouch (00-90-D0-0A-7E-80)"
 Basic realm="SpeedTouch (00-90-D0-0A-7F-35)"
 Basic realm="SpeedTouch (00-90-D0-0A-7F-7D)"
 Basic realm="SpeedTouch (00-90-D0-0A-C9-9C)"
 Basic realm="SpeedTouch (00-90-D0-0A-C9-CF)"
 Basic realm="SpeedTouch (00-90-D0-0A-C9-F3)"
 Basic realm="SpeedTouch (00-90-D0-0B-75-1F)"
 Basic realm="SpeedTouch (00-90-D0-0B-DD-34)"
 Basic realm="SpeedTouch (00-90-D0-0B-DF-DB)"
 Basic realm="SpeedTouch (00-90-D0-21-0E-08)"
 Basic realm="SpeedTouch (00-90-D0-21-0E-43)"
 Basic realm="SpeedTouch (00-90-D0-21-0E-99)"
 Basic realm="SpeedTouch (00-90-D0-21-0E-A6)"
 Basic realm="SpeedTouch (00-90-D0-21-11-B8)"
 Basic realm="SpeedTouch (00-90-D0-21-15-9C)"
 Basic realm="SpeedTouch (00-90-D0-21-EA-27)"
 Basic realm="SpeedTouch (00-90-D0-21-EA-6D)"
 Basic realm="SpeedTouch (00-90-D0-21-EA-72)"
 Basic realm="SpeedTouch (00-90-D0-21-EA-7A)"
 Basic realm="SpeedTouch (00-90-D0-21-EA-7F)"
 Basic realm="SpeedTouch (00-90-D0-21-EA-83)"
 Basic realm="SpeedTouch (00-90-D0-21-EA-90)"
 Basic realm="SpeedTouch (00-90-D0-21-EA-AA)"
 Basic realm="SpeedTouch (00-90-D0-21-EA-B2)"
 Basic realm="SpeedTouch (00-90-D0-21-F0-12)"
 Basic realm="SpeedTouch (00-90-D0-21-F8-A8)"
 Basic realm="SpeedTouch (00-90-D0-21-F8-D7)"
 Basic realm="SpeedTouch (00-90-D0-21-F8-E0)"
 Basic realm="SpeedTouch (00-90-D0-21-F8-F8)"
 Basic realm="SpeedTouch (00-90-D0-21-FB-1E)"
 Basic realm="SpeedTouch (00-90-D0-21-FB-33)"
 Basic realm="SpeedTouch (00-90-D0-21-FB-34)"
 Basic realm="SpeedTouch (00-90-D0-22-02-23)"
 Basic realm="SpeedTouch (00-90-D0-22-02-26)"
 Basic realm="SpeedTouch (00-90-D0-22-02-83)"
 Basic realm="SpeedTouch (00-90-D0-22-09-F8)"
 Basic realm="SpeedTouch (00-90-D0-22-09-FB)"
 Basic realm="SpeedTouch (00-90-D0-22-0A-11)"
 Basic realm="SpeedTouch (00-90-D0-22-0A-18)"
 Basic realm="SpeedTouch (00-90-D0-22-14-D7)"
 Basic realm="SpeedTouch (00-90-D0-22-15-5D)"
 Basic realm="SpeedTouch (00-90-D0-22-15-76)"
 Basic realm="SpeedTouch (00-90-D0-22-15-7E)"
 Basic realm="SpeedTouch (00-90-D0-22-15-F0)"
 Basic realm="SpeedTouch (00-90-D0-22-15-F8)"
 Basic realm="SpeedTouch (00-90-D0-22-15-FA)"
 Basic realm="SpeedTouch (00-90-D0-22-16-0B)"
 Basic realm="SpeedTouch (00-90-D0-22-16-16)"
 Basic realm="SpeedTouch (00-90-D0-22-16-3D)"
 Basic realm="SpeedTouch (00-90-D0-22-16-65)"
 Basic realm="SpeedTouch (00-90-D0-22-17-0E)"
 Basic realm="SpeedTouch (00-90-D0-22-1B-63)"
 Basic realm="SpeedTouch (00-90-D0-22-1B-71)"
 Basic realm="SpeedTouch (00-90-D0-23-03-52)"
 Basic realm="SpeedTouch (00-90-D0-23-04-0F)"
 Basic realm="SpeedTouch (00-90-D0-23-04-29)"
 Basic realm="SpeedTouch (00-90-D0-23-05-53)"
 Basic realm="SpeedTouch (00-90-D0-23-10-F5)"
 Basic realm="SpeedTouch (00-90-D0-23-11-37)"
 Basic realm="SpeedTouch (00-90-D0-23-13-07)"
 Basic realm="SpeedTouch (00-90-D0-23-19-ED)"
 Basic realm="SpeedTouch (00-90-D0-23-1A-AA)"
 Basic realm="SpeedTouch (00-90-D0-23-1A-CF)"
 Basic realm="SpeedTouch (00-90-D0-23-1B-94)"
 Basic realm="SpeedTouch (00-90-D0-23-1B-98)"
 Basic realm="SpeedTouch (00-90-D0-23-1B-D5)"
 Basic realm="SpeedTouch (00-90-D0-23-1B-F4)"
 Basic realm="SpeedTouch (00-90-D0-23-1C-1A)"
 Basic realm="SpeedTouch (00-90-D0-23-1E-43)"
 Basic realm="SpeedTouch (00-90-D0-23-1E-54)"
 Basic realm="SpeedTouch (00-90-D0-23-1E-7D)"
 Basic realm="SpeedTouch (00-90-D0-23-1E-D3)"
 Basic realm="SpeedTouch (00-90-D0-23-1E-E8)"
 Basic realm="SpeedTouch (00-90-D0-23-24-EC)"
 Basic realm="SpeedTouch (00-90-D0-23-28-73)"
 Basic realm="SpeedTouch (00-90-D0-23-28-8B)"
 Basic realm="SpeedTouch (00-90-D0-23-2A-1F)"
 Basic realm="SpeedTouch (00-90-D0-23-2A-2B)"
 Basic realm="SpeedTouch (00-90-D0-23-2A-41)"
 Basic realm="SpeedTouch (00-90-D0-23-2B-1C)"
 Basic realm="SpeedTouch (00-90-D0-23-37-1C)"
 Basic realm="SpeedTouch (00-90-D0-23-37-45)"
 Basic realm="SpeedTouch (00-90-D0-23-37-61)"
 Basic realm="SpeedTouch (00-90-D0-23-37-77)"
 Basic realm="SpeedTouch (00-90-D0-23-37-89)"
 Basic realm="SpeedTouch (00-90-D0-23-37-95)"
 Basic realm="SpeedTouch (00-90-D0-23-37-96)"
 Basic realm="SpeedTouch (00-90-D0-23-37-D1)"
 Basic realm="SpeedTouch (00-90-D0-23-38-0B)"
 Basic realm="SpeedTouch (00-90-D0-23-38-48)"
 Basic realm="SpeedTouch (00-90-D0-23-39-00)"
 Basic realm="SpeedTouch (00-90-D0-23-3D-09)"
 Basic realm="SpeedTouch (00-90-D0-23-3E-41)"
 Basic realm="SpeedTouch (00-90-D0-23-40-D2)"
 Basic realm="SpeedTouch (00-90-D0-23-41-11)"
 Basic realm="SpeedTouch (00-90-D0-23-42-AA)"
 Basic realm="SpeedTouch (00-90-D0-23-42-F3)"
 Basic realm="SpeedTouch (00-90-D0-23-44-41)"
 Basic realm="SpeedTouch (00-90-D0-23-44-53)"
 Basic realm="SpeedTouch (00-90-D0-23-4B-E0)"
 Basic realm="SpeedTouch (00-90-D0-23-4C-0F)"
 Basic realm="SpeedTouch (00-90-D0-23-4C-1D)"
 Basic realm="SpeedTouch (00-90-D0-23-4C-28)"
 Basic realm="SpeedTouch (00-90-D0-23-53-0E)"
 Basic realm="SpeedTouch (00-90-D0-31-9F-46)"
 Basic realm="SpeedTouch (00-90-D0-31-F2-28)"
 Basic realm="SpeedTouch (00-90-D0-31-F2-33)"
 Basic realm="SpeedTouch (00-90-D0-31-F2-41)"
 Basic realm="SpeedTouch (00-90-D0-31-F2-59)"
 Basic realm="SpeedTouch (00-90-D0-31-F2-5C)"
 Basic realm="SpeedTouch (00-90-D0-31-F8-B9)"
 Basic realm="SpeedTouch (00-90-D0-31-F8-BD)"
 Basic realm="SpeedTouch (00-90-D0-31-F8-BF)"
 Basic realm="SpeedTouch (00-90-D0-31-F9-28)"
 Basic realm="SpeedTouch (00-90-D0-31-F9-34)"
 Basic realm="SpeedTouch (00-90-D0-31-FA-A7)"
 Basic realm="SpeedTouch (00-90-D0-31-FB-5E)"
 Basic realm="SpeedTouch (00-90-D0-31-FB-60)"
 Basic realm="SpeedTouch (00-90-D0-31-FB-69)"
 Basic realm="SpeedTouch (00-90-D0-31-FB-82)"
 Basic realm="SpeedTouch (00-90-D0-31-FB-EB)"
 Basic realm="SpeedTouch (00-90-D0-33-04-04)"
 Basic realm="SpeedTouch (00-90-D0-33-04-E4)"
 Basic realm="SpeedTouch (00-90-D0-33-09-FF)"
 Basic realm="SpeedTouch (00-90-D0-33-0D-AB)"
 Basic realm="SpeedTouch (00-90-D0-33-0D-C1)"
 Basic realm="SpeedTouch (00-90-D0-33-20-01)"
 Basic realm="SpeedTouch (00-90-D0-33-3D-72)"
 Basic realm="SpeedTouch (00-90-D0-33-3D-CA)"
 Basic realm="SpeedTouch (00-90-D0-33-3E-D7)"
 Basic realm="SpeedTouch (00-90-D0-33-3F-42)"
 Basic realm="SpeedTouch (00-90-D0-33-DE-F9)"
 Basic realm="SpeedTouch (00-90-D0-70-76-96)"
 Basic realm="SpeedTouch (00-90-D0-71-42-96)"
 Basic realm="SpeedTouch (00-90-D0-71-42-A3)"
 Basic realm="SpeedTouch (00-90-D0-71-42-EF)"
 Basic realm="SpeedTouch (00-90-D0-71-50-5E)"
 Basic realm="SpeedTouch (00-90-D0-71-50-85)"
 Basic realm="SpeedTouch (00-90-D0-71-50-BE)"
 Basic realm="SpeedTouch (00-90-D0-71-50-E8)"
 Basic realm="SpeedTouch (00-90-D0-71-51-CD)"
 Basic realm="SpeedTouch (00-90-D0-71-59-A5)"
 Basic realm="SpeedTouch (00-90-D0-71-59-AD)"
 Basic realm="SpeedTouch (00-90-D0-71-5A-54)"
 Basic realm="SpeedTouch (00-90-D0-71-CB-71)"
 Basic realm="SpeedTouch (00-90-D0-71-CB-CD)"
 Basic realm="SpeedTouch (00-90-D0-71-CB-E3)"
 Basic realm="SpeedTouch (00-90-D0-71-CB-E4)"
 Basic realm="SpeedTouch (00-90-D0-71-CB-E9)"
 Basic realm="SpeedTouch (00-90-D0-71-CB-FD)"
 Basic realm="SpeedTouch (00-90-D0-71-CC-34)"
 Basic realm="SpeedTouch (00-90-D0-71-DA-D0)"
 Basic realm="SpeedTouch (00-90-D0-71-DA-EB)"
 Basic realm="SpeedTouch (00-90-D0-71-DB-67)"
 Basic realm="SpeedTouch (00-90-D0-71-DB-6F)"
 Basic realm="SpeedTouch (00-90-D0-71-DB-79)"
 Basic realm="SpeedTouch (00-90-D0-71-DB-81)"
 Basic realm="SpeedTouch (00-90-D0-71-DB-A5)"
 Basic realm="SpeedTouch (00-90-D0-71-DB-C5)"
 Basic realm="SpeedTouch (00-90-D0-71-DC-4C)"
 Basic realm="SpeedTouch (00-90-D0-71-DC-98)"
 Basic realm="SpeedTouch (00-90-D0-71-DC-F3)"
 Basic realm="SpeedTouch (00-90-D0-71-DC-F7)"
 Basic realm="SpeedTouch (00-90-D0-71-DD-45)"
 Basic realm="SpeedTouch (00-90-D0-71-DD-4C)"
 Basic realm="SpeedTouch (00-90-D0-71-DD-9D)"
 Basic realm="SpeedTouch (00-90-D0-71-DE-9E)"
 Basic realm="SpeedTouch (00-90-D0-71-DE-A3)"
 Basic realm="SpeedTouch (00-90-D0-71-DE-A4)"
 Basic realm="SpeedTouch (00-90-D0-71-DE-A7)"
 Basic realm="SpeedTouch (00-90-D0-71-DE-ED)"
 Basic realm="SpeedTouch (00-90-D0-71-DF-01)"
 Basic realm="SpeedTouch (00-90-D0-72-42-D6)"
 Basic realm="SpeedTouch (00-90-D0-72-43-02)"
 Basic realm="SpeedTouch (00-90-D0-72-87-A6)"
 Basic realm="SpeedTouch (00-90-D0-72-88-A8)"
 Basic realm="SpeedTouch (00-90-D0-72-8C-A8)"
 Basic realm="SpeedTouch (00-90-D0-72-8C-DB)"
 Basic realm="SpeedTouch (00-90-D0-72-8D-29)"
 Basic realm="SpeedTouch (00-90-D0-72-8D-3A)"
 Basic realm="SpeedTouch (00-90-D0-72-8D-62)"
 Basic realm="SpeedTouch (00-90-D0-72-8D-79)"
 Basic realm="SpeedTouch (00-90-D0-72-8E-75)"
 Basic realm="SpeedTouch (00-90-D0-72-8E-CD)"
 Basic realm="SpeedTouch (00-90-D0-72-8E-CF)"
 Basic realm="SpeedTouch (00-90-D0-72-8F-38)"
 Basic realm="SpeedTouch (00-90-D0-72-8F-AE)"
 Basic realm="SpeedTouch (00-90-D0-72-8F-AF)"
 Basic realm="SpeedTouch (00-90-D0-72-8F-B9)"
 Basic realm="SpeedTouch (00-90-D0-72-8F-E1)"
 Basic realm="SpeedTouch (00-90-D0-72-8F-EE)"
 Basic realm="SpeedTouch (00-90-D0-72-90-97)"
 Basic realm="SpeedTouch (00-90-D0-72-90-A0)"
 Basic realm="SpeedTouch (00-90-D0-72-90-A3)"
 Basic realm="SpeedTouch (00-90-D0-72-91-C1)"
 Basic realm="SpeedTouch (00-90-D0-72-91-C7)"
 Basic realm="SpeedTouch (00-90-D0-75-C0-BA)"
 Basic realm="SpeedTouch (00-90-D0-77-22-28)"
 Basic realm="SpeedTouch (00-90-D0-77-30-96)"
 Basic realm="SpeedTouch (00-90-D0-79-2E-5A)"
 Basic realm="SpeedTouch (00-90-D0-79-2E-7E)"
 Basic realm="SpeedTouch (00-90-D0-79-2E-81)"
 Basic realm="SpeedTouch (00-90-D0-79-C4-38)"
 Basic realm="SpeedTouch (00-90-D0-79-C4-3E)"
 Basic realm="SpeedTouch (00-90-D0-79-C4-4D)"
 Basic realm="SpeedTouch (00-90-D0-79-CA-5C)"
 Basic realm="SpeedTouch (00-90-D0-79-D0-35)"
 Basic realm="SpeedTouch (00-90-D0-79-E9-51)"
 Basic realm="SpeedTouch (00-90-D0-79-EC-28)"
 Basic realm="SpeedTouch (00-90-D0-79-ED-FB)"
 Basic realm="SpeedTouch (00-90-D0-7D-8E-B3)"
 Basic realm="SpeedTouch (00-90-D0-8E-8E-84)"
 Basic realm="SpeedTouch (00-90-D0-8E-8E-BF)"
 Basic realm="SpeedTouch (00-90-D0-8E-8E-E3)"
 Basic realm="SpeedTouch (00-90-D0-8E-91-2E)"
 Basic realm="SpeedTouch (00-90-D0-8E-91-4A)"
 Basic realm="SpeedTouch (00-90-D0-8E-91-A2)"
 Basic realm="SpeedTouch (00-90-D0-8E-91-B0)"
 Basic realm="SpeedTouch (00-90-D0-8E-91-C5)"
 Basic realm="SpeedTouch (00-90-D0-8E-91-C6)"
 Basic realm="SpeedTouch (00-90-D0-8E-91-CD)"
 Basic realm="SpeedTouch (00-90-D0-8E-91-D6)"
 Basic realm="SpeedTouch (00-90-D0-8E-91-D7)"
 Basic realm="SpeedTouch (00-90-D0-8E-91-EC)"
 Basic realm="SpeedTouch (00-90-D0-8E-92-26)"
 Basic realm="SpeedTouch (00-90-D0-8E-92-3D)"
 Basic realm="SpeedTouch (00-90-D0-8E-92-5C)"
 Basic realm="SpeedTouch (00-90-D0-8E-92-5E)"
 Basic realm="SpeedTouch (00-90-D0-8E-92-C1)"
 Basic realm="SpeedTouch (00-90-D0-8E-92-CF)"
 Basic realm="SpeedTouch (00-90-D0-8E-92-E0)"
 Basic realm="SpeedTouch (00-90-D0-8E-92-E3)"
 Basic realm="SpeedTouch (00-90-D0-8E-92-EC)"
 Basic realm="SpeedTouch (00-90-D0-8E-93-00)"
 Basic realm="SpeedTouch (00-90-D0-8E-93-6F)"
 Basic realm="SpeedTouch (00-90-D0-8E-93-B8)"
 Basic realm="SpeedTouch (00-90-D0-8E-93-CA)"
 Basic realm="SpeedTouch (00-90-D0-8E-93-D1)"
 Basic realm="SpeedTouch (00-90-D0-8E-94-59)"
 Basic realm="SpeedTouch (00-90-D0-8E-94-A2)"
 Basic realm="SpeedTouch (00-90-D0-8E-94-E9)"
 Basic realm="SpeedTouch (00-90-D0-93-22-A0)"
 Basic realm="SpeedTouch (00-90-D0-93-22-E7)"
 Basic realm="SpeedTouch (00-90-D0-93-23-25)"
 Basic realm="SpeedTouch (00-90-D0-93-25-1A)"
 Basic realm="SpeedTouch (00-90-D0-93-25-4E)"
 Basic realm="SpeedTouch (00-90-D0-93-25-95)"
 Basic realm="SpeedTouch (00-90-D0-93-25-CC)"
 Basic realm="SpeedTouch (00-90-D0-93-25-E0)"
 Basic realm="SpeedTouch (00-90-D0-93-26-00)"
 Basic realm="SpeedTouch (00-90-D0-93-26-7A)"
 Basic realm="SpeedTouch (00-90-D0-93-26-D2)"
 Basic realm="SpeedTouch (00-90-D0-93-34-3B)"
 Basic realm="SpeedTouch (00-90-D0-93-37-22)"
 Basic realm="SpeedTouch (00-90-D0-93-37-2C)"
 Basic realm="SpeedTouch (00-90-D0-93-38-27)"
 Basic realm="SpeedTouch (00-90-D0-93-38-68)"
 Basic realm="SpeedTouch (00-90-D0-93-38-E8)"
 Basic realm="SpeedTouch (00-90-D0-96-03-BC)"
 Basic realm="SpeedTouch (00-90-D0-96-03-CF)"
 Basic realm="SpeedTouch (00-90-D0-96-03-FA)"
 Basic realm="SpeedTouch (00-90-D0-96-04-20)"
 Basic realm="SpeedTouch (00-90-D0-96-04-55)"
 Basic realm="SpeedTouch (00-90-D0-96-04-57)"
 Basic realm="SpeedTouch (00-90-D0-96-04-58)"
 Basic realm="SpeedTouch (00-90-D0-96-04-66)"
 Basic realm="SpeedTouch (00-90-D0-96-04-79)"
 Basic realm="SpeedTouch (00-90-D0-96-04-92)"
 Basic realm="SpeedTouch (00-90-D0-96-06-0E)"
 Basic realm="SpeedTouch (00-90-D0-96-06-3B)"
 Basic realm="SpeedTouch (00-90-D0-96-06-43)"
 Basic realm="SpeedTouch (00-90-D0-96-06-A8)"
 Basic realm="SpeedTouch (00-90-D0-96-07-1E)"
 Basic realm="SpeedTouch (00-90-D0-96-07-3E)"
 Basic realm="SpeedTouch (00-90-D0-96-07-4F)"
 Basic realm="SpeedTouch (00-90-D0-96-07-65)"
 Basic realm="SpeedTouch (00-90-D0-96-07-6F)"
 Basic realm="SpeedTouch (00-90-D0-96-07-93)"
 Basic realm="SpeedTouch (00-90-D0-97-51-55)"
 Basic realm="SpeedTouch (00-90-D0-97-51-72)"
 Basic realm="SpeedTouch (00-90-D0-97-51-76)"
 Basic realm="SpeedTouch (00-90-D0-97-51-A7)"
 Basic realm="SpeedTouch (00-90-D0-97-51-AD)"
 Basic realm="SpeedTouch (00-90-D0-97-51-B9)"
 Basic realm="SpeedTouch (00-90-D0-97-51-DE)"
 Basic realm="SpeedTouch (00-90-D0-97-51-F7)"
 Basic realm="SpeedTouch (00-90-D0-97-52-7A)"
 Basic realm="SpeedTouch (00-90-D0-97-52-ED)"
 Basic realm="SpeedTouch (00-90-D0-97-53-0B)"
 Basic realm="SpeedTouch (00-90-D0-97-53-72)"
 Basic realm="SpeedTouch (00-90-D0-97-53-7C)"
 Basic realm="SpeedTouch (00-90-D0-97-54-18)"
 Basic realm="SpeedTouch (00-90-D0-97-54-33)"
 Basic realm="SpeedTouch (00-90-D0-97-54-5C)"
 Basic realm="SpeedTouch (00-90-D0-97-54-6A)"
 Basic realm="SpeedTouch (00-90-D0-97-54-6D)"
 Basic realm="SpeedTouch (00-90-D0-97-54-82)"
 Basic realm="SpeedTouch (00-90-D0-97-55-0F)"
 Basic realm="SpeedTouch (00-90-D0-97-55-13)"
 Basic realm="SpeedTouch (00-90-D0-97-55-3A)"
 Basic realm="SpeedTouch (00-90-D0-97-55-43)"
 Basic realm="SpeedTouch (00-90-D0-97-58-C9)"
 Basic realm="SpeedTouch (00-90-D0-97-58-EA)"
 Basic realm="SpeedTouch (00-90-D0-AB-27-6F)"
 Basic realm="SpeedTouch (00-90-D0-AB-27-76)"
 Basic realm="SpeedTouch (00-90-D0-AB-27-80)"
 Basic realm="SpeedTouch (00-90-D0-AB-28-25)"
 Basic realm="SpeedTouch (00-90-D0-AB-2A-33)"
 Basic realm="SpeedTouch (00-90-D0-AB-2A-64)"
 Basic realm="SpeedTouch (00-90-D0-AB-2A-8C)"
 Basic realm="SpeedTouch (00-90-D0-AB-2A-AF)"
 Basic realm="SpeedTouch (00-90-D0-AB-2A-BA)"
 Basic realm="SpeedTouch (00-90-D0-AB-2A-EB)"
 Basic realm="SpeedTouch (00-90-D0-AB-2B-13)"
 Basic realm="SpeedTouch (00-90-D0-AB-2B-4C)"
 Basic realm="SpeedTouch (00-90-D0-AB-2B-4E)"
 Basic realm="SpeedTouch (00-90-D0-AB-2B-5E)"
 Basic realm="SpeedTouch (00-90-D0-AB-2B-70)"
 Basic realm="SpeedTouch (00-90-D0-AB-2B-87)"
 Basic realm="SpeedTouch (00-90-D0-AB-2B-89)"
 Basic realm="SpeedTouch (00-90-D0-AB-2B-96)"
 Basic realm="SpeedTouch (00-90-D0-AB-2C-11)"
 Basic realm="SpeedTouch (00-90-D0-AB-2C-20)"
 Basic realm="SpeedTouch (00-90-D0-AB-2C-3C)"
 Basic realm="SpeedTouch (00-90-D0-AB-2C-42)"
 Basic realm="SpeedTouch (00-90-D0-AB-2C-54)"
 Basic realm="SpeedTouch (00-90-D0-AB-2C-75)"
 Basic realm="SpeedTouch (00-90-D0-AB-2C-78)"
 Basic realm="SpeedTouch (00-90-D0-AB-2C-C3)"
 Basic realm="SpeedTouch (00-90-D0-AB-2C-C9)"
 Basic realm="SpeedTouch (00-90-D0-AB-2C-CB)"
 Basic realm="SpeedTouch (00-90-D0-AB-2D-73)"
 Basic realm="SpeedTouch (00-90-D0-AB-2D-8A)"
 Basic realm="SpeedTouch (00-90-D0-AB-2D-A3)"
 Basic realm="SpeedTouch (00-90-D0-AB-2D-AB)"
 Basic realm="SpeedTouch (00-90-D0-AB-2E-34)"
 Basic realm="SpeedTouch (00-90-D0-AB-2E-BA)"
 Basic realm="SpeedTouch (00-90-D0-AB-2F-B3)"
 Basic realm="SpeedTouch (00-90-D0-AB-32-69)"
 Basic realm="SpeedTouch (00-90-D0-AB-33-7D)"
 Basic realm="SpeedTouch (00-90-D0-AB-34-CA)"
 Basic realm="SpeedTouch (00-90-D0-AB-34-D8)"
 Basic realm="SpeedTouch (00-90-D0-AB-34-DF)"
 Basic realm="SpeedTouch (00-90-D0-AB-34-F0)"
 Basic realm="SpeedTouch (00-90-D0-AB-34-FF)"
 Basic realm="SpeedTouch (00-90-D0-AB-35-0A)"
 Basic realm="SpeedTouch (00-90-D0-AB-35-42)"
 Basic realm="SpeedTouch (00-90-D0-AB-35-70)"
 Basic realm="SpeedTouch (00-90-D0-AB-35-7C)"
 Basic realm="SpeedTouch (00-90-D0-AB-35-9B)"
 Basic realm="SpeedTouch (00-90-D0-AB-35-FB)"
 Basic realm="SpeedTouch (00-90-D0-AB-36-36)"
 Basic realm="SpeedTouch (00-90-D0-AB-36-D2)"
 Basic realm="SpeedTouch (00-90-D0-AB-36-E7)"
 Basic realm="SpeedTouch (00-90-D0-AB-36-FA)"
 Basic realm="SpeedTouch (00-90-D0-AB-37-00)"
 Basic realm="SpeedTouch (00-90-D0-AB-39-B9)"
 Basic realm="SpeedTouch (00-90-D0-AB-39-CC)"
 Basic realm="SpeedTouch (00-90-D0-AB-39-E7)"
 Basic realm="SpeedTouch (00-90-D0-AB-39-E8)"
 Basic realm="SpeedTouch (00-90-D0-AB-39-ED)"
 Basic realm="SpeedTouch (00-90-D0-AB-39-F9)"
 Basic realm="SpeedTouch (00-90-D0-AB-3A-0C)"
 Basic realm="SpeedTouch (00-90-D0-AB-3A-3B)"
 Basic realm="SpeedTouch (00-90-D0-AB-3A-E2)"
 Basic realm="SpeedTouch (00-90-D0-AB-3B-15)"
 Basic realm="SpeedTouch (00-90-D0-AB-3B-24)"
 Basic realm="SpeedTouch (00-90-D0-AB-3B-2F)"
 Basic realm="SpeedTouch (00-90-D0-AB-3B-37)"
 Basic realm="SpeedTouch (00-90-D0-AB-3B-4C)"
 Basic realm="SpeedTouch (00-90-D0-AB-3B-4E)"
 Basic realm="SpeedTouch (00-90-D0-AB-3B-64)"
 Basic realm="SpeedTouch (00-90-D0-AB-3B-A2)"
 Basic realm="SpeedTouch (00-90-D0-AB-3C-00)"
 Basic realm="SpeedTouch (00-90-D0-AB-3C-07)"
 Basic realm="SpeedTouch (00-90-D0-AB-3C-21)"
 Basic realm="SpeedTouch (00-90-D0-AB-3C-28)"
 Basic realm="SpeedTouch (00-90-D0-AB-3C-2B)"
 Basic realm="SpeedTouch (00-90-D0-AB-3C-2D)"
 Basic realm="SpeedTouch (00-90-D0-AB-3C-5C)"
 Basic realm="SpeedTouch (00-90-D0-AB-8E-55)"
 Basic realm="SpeedTouch (00-90-D0-AB-8E-56)"
 Basic realm="SpeedTouch (00-90-D0-AB-8E-6B)"
 Basic realm="SpeedTouch (00-90-D0-AB-B6-31)"
 Basic realm="SpeedTouch (00-90-D0-AB-B6-3C)"
 Basic realm="SpeedTouch (00-90-D0-AB-B6-46)"
 Basic realm="SpeedTouch (00-90-D0-AB-B6-47)"
 Basic realm="SpeedTouch (00-90-D0-AB-E1-E1)"
 Basic realm="SpeedTouch (00-90-D0-AB-E2-87)"
 Basic realm="SpeedTouch (00-90-D0-AB-E3-C9)"
 Basic realm="SpeedTouch (00-90-D0-AB-EC-3F)"
 Basic realm="SpeedTouch (00-90-D0-AB-ED-04)"
 Basic realm="SpeedTouch (00-90-D0-AB-ED-1B)"
 Basic realm="SpeedTouch (00-90-D0-AB-ED-28)"
 Basic realm="SpeedTouch (00-90-D0-AB-EF-A1)"
 Basic realm="SpeedTouch (00-90-D0-AB-F0-03)"
 Basic realm="SpeedTouch (00-90-D0-AB-F0-2A)"
 Basic realm="SpeedTouch (00-90-D0-AB-F0-31)"
 Basic realm="SpeedTouch (00-90-D0-AB-F0-39)"
 Basic realm="SpeedTouch (00-90-D0-AB-F0-3B)"
 Basic realm="SpeedTouch (00-90-D0-AB-F0-3D)"
 Basic realm="SpeedTouch (00-90-D0-AB-F0-4E)"
 Basic realm="SpeedTouch (00-90-D0-AB-F0-5B)"
 Basic realm="SpeedTouch (00-90-D0-AB-F0-76)"
 Basic realm="SpeedTouch (00-90-D0-AB-F5-38)"
 Basic realm="SpeedTouch (00-90-D0-AB-F5-B3)"
 Basic realm="SpeedTouch (00-90-D0-AB-F5-F6)"
 Basic realm="SpeedTouch (00-90-D0-AC-36-47)"
 Basic realm="SpeedTouch (00-90-D0-AC-36-5F)"
 Basic realm="SpeedTouch (00-90-D0-AC-36-62)"
 Basic realm="SpeedTouch (00-90-D0-AC-36-9C)"
 Basic realm="SpeedTouch (00-90-D0-AC-36-A2)"
 Basic realm="SpeedTouch (00-90-D0-AC-36-BC)"
 Basic realm="SpeedTouch (00-90-D0-AC-36-F6)"
 Basic realm="SpeedTouch (00-90-D0-AC-37-33)"
 Basic realm="SpeedTouch (00-90-D0-AC-37-36)"
 Basic realm="SpeedTouch (00-90-D0-AC-37-44)"
 Basic realm="SpeedTouch (00-90-D0-AC-37-5B)"
 Basic realm="SpeedTouch (00-90-D0-AC-37-6B)"
 Basic realm="SpeedTouch (00-90-D0-AC-37-8D)"
 Basic realm="SpeedTouch (00-90-D0-AC-38-0B)"
 Basic realm="SpeedTouch (00-90-D0-AC-38-2B)"
 Basic realm="SpeedTouch (00-90-D0-AC-38-6A)"
 Basic realm="SpeedTouch (00-90-D0-AC-38-AA)"
 Basic realm="SpeedTouch (00-90-D0-AC-38-DA)"
 Basic realm="SpeedTouch (00-90-D0-AC-38-E7)"
 Basic realm="SpeedTouch (00-90-D0-AC-39-82)"
 Basic realm="SpeedTouch (00-90-D0-AC-39-A5)"
 Basic realm="SpeedTouch (00-90-D0-AC-3A-05)"
 Basic realm="SpeedTouch (00-90-D0-AC-3A-41)"
 Basic realm="SpeedTouch (00-90-D0-AC-3A-FD)"
 Basic realm="SpeedTouch (00-90-D0-AC-3B-14)"
 Basic realm="SpeedTouch (00-90-D0-AC-7B-96)"
 Basic realm="SpeedTouch (00-90-D0-F5-26-E8)"
 Basic realm="SpeedTouch (00-90-D0-F5-27-57)"
 Basic realm="SpeedTouch (00-90-D0-F5-27-A7)"
 Basic realm="SpeedTouch (00-90-D0-F5-27-D0)"
 Basic realm="SpeedTouch (00-90-D0-F5-27-E4)"
 Basic realm="SpeedTouch (00-90-D0-F5-28-4B)"
 Basic realm="SpeedTouch (00-90-D0-F5-28-8E)"
 Basic realm="SpeedTouch (00-90-D0-F5-28-B9)"
 Basic realm="SpeedTouch (00-90-D0-F5-29-42)"
 Basic realm="SpeedTouch (00-90-D0-F5-29-67)"
 Basic realm="SpeedTouch (00-90-D0-F5-29-9F)"
 Basic realm="SpeedTouch (00-90-D0-F5-29-B2)"
 Basic realm="SpeedTouch (00-90-D0-F5-2A-7C)"
 Basic realm="SpeedTouch (00-90-D0-F5-2A-DF)"
 Basic realm="SpeedTouch (00-90-D0-F5-2B-A5)"
 Basic realm="SpeedTouch (00-90-D0-F5-2C-55)"
 Basic realm="SpeedTouch (00-90-D0-F5-2C-A2)"
 Basic realm="SpeedTouch (00-90-D0-F5-2C-BB)"
 Basic realm="SpeedTouch (00-90-D0-F5-2C-E6)"
 Basic realm="SpeedTouch (00-90-D0-F5-2D-A9)"
 Basic realm="SpeedTouch (00-90-D0-F5-2E-11)"
 Basic realm="SpeedTouch (00-90-D0-F5-2E-54)"
 Basic realm="SpeedTouch (00-90-D0-F5-2E-D7)"
 Basic realm="SpeedTouch (00-90-D0-F5-2E-FF)"
 Basic realm="SpeedTouch (00-90-D0-F5-2F-F3)"
 Basic realm="SpeedTouch (00-90-D0-F5-30-AD)"
 Basic realm="SpeedTouch (00-90-D0-F5-38-2F)"
 Basic realm="SpeedTouch (00-90-D0-F5-39-77)"
 Basic realm="SpeedTouch (00-90-D0-F5-39-82)"
 Basic realm="SpeedTouch (00-90-D0-F5-3A-FA)"
 Basic realm="SpeedTouch (00-90-D0-F5-3B-D2)"
 Basic realm="SpeedTouch (00-90-D0-F5-3C-02)"
 Basic realm="SpeedTouch (00-90-D0-F5-3C-03)"
 Basic realm="SpeedTouch (00-90-D0-F5-3C-17)"
 Basic realm="SpeedTouch (00-90-D0-F5-3C-30)"
 Basic realm="SpeedTouch (00-90-D0-F5-3C-6E)"
 Basic realm="SpeedTouch (00-90-D0-F5-3D-23)"
 Basic realm="SpeedTouch (00-90-D0-F7-93-68)"
 Basic realm="SpeedTouch (00-90-D0-F7-F4-0D)"
 Basic realm="SpeedTouch (00-90-D0-F7-F6-CF)"
 Basic realm="SpeedTouch (00-90-D0-F8-04-45)"
 Basic realm="SpeedTouch (00-90-D0-F8-04-87)"
 Basic realm="SpeedTouch (00-90-D0-F8-04-FA)"
 Basic realm="SpeedTouch (00-90-D0-F8-05-83)"
 Basic realm="SpeedTouch (00-90-D0-F8-05-C4)"
 Basic realm="SpeedTouch (00-90-D0-F8-05-D2)"
 Basic realm="SpeedTouch (00-90-D0-F8-06-02)"
 Basic realm="SpeedTouch (00-90-D0-F8-06-05)"
 Basic realm="SpeedTouch (00-90-D0-F8-06-17)"
 Basic realm="SpeedTouch (00-90-D0-F8-06-45)"
 Basic realm="SpeedTouch (00-90-D0-F8-06-E5)"
 Basic realm="SpeedTouch (00-90-D0-F8-07-23)"
 Basic realm="SpeedTouch (00-90-D0-F8-07-44)"
 Basic realm="SpeedTouch (00-90-D0-F8-07-6D)"
 Basic realm="SpeedTouch (00-90-D0-F8-56-0F)"
 Basic realm="SpeedTouch (00-90-D0-F8-56-1F)"
 Basic realm="SpeedTouch (00-90-D0-F8-56-8B)"
 Basic realm="SpeedTouch (00-90-D0-F8-56-97)"
 Basic realm="SpeedTouch (00-90-D0-F8-6C-C6)"
 Basic realm="SpeedTouch (00-90-D0-F8-6D-06)"
 Basic realm="SpeedTouch (00-90-D0-F8-6D-A3)"
 Basic realm="SpeedTouch (00-90-D0-F8-76-C2)"
 Basic realm="SpeedTouch (00-90-D0-F8-81-E3)"
 Basic realm="SpeedTouch (00-90-D0-F8-82-7A)"
 Basic realm="SpeedTouch (00-90-D0-F8-B5-E6)"
 Basic realm="SpeedTouch (00-90-D0-F8-C0-EF)"
 Basic realm="SpeedTouch (00-90-D0-F8-C6-95)"
 Basic realm="SpeedTouch (00-90-D0-F8-C8-B7)"
 Basic realm="SpeedTouch (00-90-D0-F8-DA-7C)"
 Basic realm="SpeedTouch (00-90-D0-F9-54-83)"
 Basic realm="SpeedTouch (00-90-D0-F9-60-E1)"
 Basic realm="SpeedTouch (00-90-D0-F9-62-C1)"
 Basic realm="SpeedTouch (00-90-D0-F9-63-26)"
 Basic realm="SpeedTouch (00-90-D0-F9-63-7E)"
 Basic realm="SpeedTouch (00-90-D0-F9-64-43)"
 Basic realm="SpeedTouch (00-90-D0-F9-65-DF)"
 Basic realm="SpeedTouch (00-90-D0-F9-65-E1)"
 Basic realm="SpeedTouch (00-90-D0-F9-65-E2)"
 Basic realm="SpeedTouch (00-90-D0-F9-65-ED)"
 Basic realm="SpeedTouch (00-90-D0-F9-66-1D)"
 Basic realm="SpeedTouch (00-90-D0-F9-71-A0)"
 Basic realm="SpeedTouch (00-90-D0-F9-71-E8)"
 Basic realm="SpeedTouch (00-90-D0-F9-71-F9)"
 Basic realm="SpeedTouch (00-90-D0-F9-72-1F)"
 Basic realm="SpeedTouch (00-90-D0-F9-73-B4)"
 Basic realm="SpeedTouch (00-90-D0-F9-73-CB)"
 Basic realm="SpeedTouch (00-90-D0-F9-73-E4)"
 Basic realm="SpeedTouch (00-90-D0-F9-74-16)"
 Basic realm="SpeedTouch (00-90-D0-F9-74-4B)"
 Basic realm="SpeedTouch (00-90-D0-F9-74-D4)"
 Basic realm="SpeedTouch (00-90-D0-F9-74-EA)"
 Basic realm="SpeedTouch (00-90-D0-F9-74-F4)"
 Basic realm="SpeedTouch (00-90-D0-F9-75-16)"
 Basic realm="SpeedTouch (00-90-D0-F9-75-8C)"
 Basic realm="SpeedTouch (00-90-D0-F9-84-35)"
 Basic realm="SpeedTouch (00-90-D0-F9-84-85)"
 Basic realm="SpeedTouch (00-90-D0-F9-85-DF)"
 Basic realm="SpeedTouch (00-90-D0-F9-89-91)"
 Basic realm="SpeedTouch (00-90-D0-F9-89-A1)"
 Basic realm="SpeedTouch (00-90-D0-F9-93-26)"
 Basic realm="SpeedTouch (00-90-D0-F9-98-16)"
 Basic realm="SpeedTouch (00-90-D0-F9-98-4F)"
 Basic realm="SpeedTouch (00-90-D0-F9-98-B6)"
 Basic realm="SpeedTouch (00-90-D0-F9-98-D2)"
 Basic realm="SpeedTouch (00-90-D0-F9-99-50)"
 Basic realm="SpeedTouch (00-90-D0-F9-99-97)"
 Basic realm="SpeedTouch (00-90-D0-F9-9A-74)"
 Basic realm="SpeedTouch (00-90-D0-F9-9B-62)"
 Basic realm="Sport at Fashion"
 Basic realm="sportmedsto"
 Basic realm="sTaChLsChWeIn"
 Basic realm="stadlbauerandreas"
 Basic realm="stadler"
 Basic realm="stoebichernst54"
 Basic realm="Stoiser"
 Basic realm="streaming_server"
 Basic realm="STRONZONE"
 Basic realm="STRVP01"
 Basic realm="Sudhaus"
 Basic realm="SURECOM EP-320"
 Basic realm="SVEASOFT"
 Basic realm="SYS LINK"
 Basic realm="System Setup"
 Basic realm="Szhukalek"
 Basic realm="TG01"
 Basic realm="Thomson"
 Basic realm="Thomson Gateway"
 Basic realm="thorp.adi"
 Basic realm="tomato"
 Basic realm="[Tomato VPN 1.27]-@-[LINKSYS]"
 Basic realm="Topfield PVR Web Server"
 Basic realm="Torwaechter"
 Basic realm="TP-LINK Wireless Lite N Router WR741N"
 Basic realm="TP-LINK Wireless N Router WR841N"
 Basic realm="TP-LINK Wireless N Router WR941N"
 Basic realm="TP-LINK Wireless Router WR340G"
 Basic realm="TP-LINK Wireless Router WR543G"
 Basic realm="Traffic-Monitoring-System"
 Basic realm="transfair@main"
 Basic realm="Transmission"
 Basic realm="Turmhof Videoserver"
 Basic realm="TVIP10000
 Basic realm="TVIP10050
 Basic realm="TVIP10500"
 Basic realm="TVIP11550"
 Basic realm="TVIP20050
 Basic realm="TVIP20550
 Basic realm="TVIP21050"
 Basic realm="TVIP21500"
 Basic realm="TVIP51500"
 Basic realm="UBNT"
 basic realm="User Authentication"
 Basic realm="USR8054"
 Basic realm="U.S. Robotics Wireless MAXg Router"
 Basic realm="UterWrt"
 Basic realm="vdradmind"
 Basic realm="VIEPE-RCO97185"
 Basic realm="VIEPE-RCO97193"
 Basic realm="VIEPE-RCO9725"
 Basic realm="VIEPE-RCO9749"
 Basic realm="VoIP841"
 Basic realm="Volkermarkt"
 Basic realm="VPN"
 Basic realm="vsgruenau"
 Basic realm="WASCHER"
 Basic realm="WatchGuard SOHO 6 TC Configuration"
 Basic realm="WatchGuard SOHO  Configuration"
 Basic realm="WebAdmin"
 Basic realm="webgasse"
 Basic realm="Web Manager"
 Basic realm="WebServer"
 Basic realm="Web Server Authentication"
 Basic realm="Weigl"
 Basic realm="Welcome to IPCam !"
 Basic realm="WestSide"
 Basic realm="Wettcafe"
 Basic realm="WG602 v2"
 Basic realm="WG602V3"
 Basic realm="WGR614"
 Basic realm="WGR614v2"
 Basic realm="WGR614v3"
 Basic realm="WGR614v5"
 Basic realm="WGR614v6"
 Basic realm="WGR614v7"
 Basic realm="WGT624"
 Basic realm="WGT624v3"
 Basic realm="WGT634U"
 Basic realm="WhatsUp Gold"
 Basic realm="whisky"
 Basic realm="whkollerschlag"
 Basic realm="Wi-Fi_Protected_Setup(ANNEX A)"
 Basic realm="winklerute"
 Basic realm="Wireless Access Point"
 Basic realm="Wireless Broadband Router"
 Basic realm="Wireless Router"
 Basic realm="Wireless Router (username
 Basic realm="WL-2000CAM"
 Basic realm="WL500g"
 Basic realm="WL500g.Deluxe V"
 Basic realm="WL500gp"
 Basic realm="WL500g.Premium"
 Basic realm="WL500gpv2"
 Basic realm="WL-500gP V2"
 Basic realm="WL500W"
 Basic realm="WL520g"
 Basic realm="WL530g      "
 Basic realm="WL530g-V2   "
 Basic realm="WL-5460AP v2"
 Basic realm="wlan@home"
 Basic realm="wlan_niki"
 Basic realm="wlan@office"
 Basic realm="WN-301R"
 Basic realm="woernicom-nas" 
 Basic realm="woesskurt43"
 Basic realm="Wolfgang"
 Basic realm="WPN824"
 Basic realm="WPN824v2"
 Basic realm="WR01"
 Basic realm="WRT120N"
 Basic realm="WRT150N"
 Basic realm="WRT160N"
 Basic realm="WRT160NL"
 Basic realm="WRT160Nv2"
 Basic realm="WRT160Nv3"
 Basic realm="WRT310N"
 Basic realm="WRT320N"
 Basic realm="WRT54G" 
 Basic realm="WRT54G"
 Basic realm="WRT54G2" 
 Basic realm="WRT54G2"
 Basic realm="WRT54G2.2"
 Basic realm="WRT54G3G"
 Basic realm="wrt54g-a"
 Basic realm="WRT54GCv3"
 Basic realm="WRT54G-DE"
 Basic realm="WRT54GH"
 Basic realm="wrt54gl"
 Basic realm="WRT54GL"
 Basic realm="WRT54GL0"
 Basic realm="WRT54GS" 
 Basic realm="WRT54GS"
 Basic realm="WRT54GS-DE"
 Basic realm="WRT54GSV4"
 Basic realm="WRT600N"
 Basic realm="WRT610N"
 Basic realm="wrt-lutz"
 Basic realm="WRV200"
 Basic realm="WRV210"
 Basic realm="wurmalois54"
 Basic realm="WV-NM100"
 Basic realm="xampp user"
 Basic realm="XDove Restricted Access"
 Basic realm="XR5i"
 Basic realm="yhhtpd
 Basic realm = "You need ID",
 Basic realm="zeitlrouter"
 Basic realm="ZIVSBLAN" 
 Basic realm="Zuhause"
 Basic realm="zuludelta250709"
